[16.645s] DEBUG:colcon:Command line arguments: ['/usr/bin/colcon', 'build', '--symlink-install', '--packages-select', 'communication_interfaces', 'launch_gazebo', 'ros2swarm']
[16.645s] DEBUG:colcon:Parsed command line arguments: Namespace(ament_cmake_args=None, base_paths=['.'], build_base='build', catkin_cmake_args=None, catkin_skip_building_tests=False, cmake_args=None, cmake_clean_cache=False, cmake_clean_first=False, cmake_force_configure=False, cmake_target=None, cmake_target_skip_unavailable=False, continue_on_error=False, event_handlers=None, executor='parallel', ignore_user_meta=False, install_base='install', log_base=None, log_level=None, main=<bound method BuildVerb.main of <colcon_core.verb.build.BuildVerb object at 0x7fd06c8befd0>>, merge_install=False, metas=['./colcon.meta'], packages_above=None, packages_above_and_dependencies=None, packages_above_depth=None, packages_end=None, packages_ignore=None, packages_ignore_regex=None, packages_select=['communication_interfaces', 'launch_gazebo', 'ros2swarm'], packages_select_build_failed=False, packages_select_by_dep=None, packages_select_regex=None, packages_select_test_failures=False, packages_skip=None, packages_skip_build_finished=False, packages_skip_by_dep=None, packages_skip_regex=None, packages_skip_test_passed=False, packages_skip_up_to=None, packages_start=None, packages_up_to=None, packages_up_to_regex=None, parallel_workers=8, paths=None, symlink_install=True, test_result_base=None, verb_extension=<colcon_core.verb.build.BuildVerb object at 0x7fd06c8befd0>, verb_name='build', verb_parser=<colcon_defaults.argument_parser.defaults.DefaultArgumentsDecorator object at 0x7fd06c8c9490>)
[16.665s] Level 1:colcon.colcon_core.package_discovery:discover_packages(colcon_meta) check parameters
[16.665s] Level 1:colcon.colcon_core.package_discovery:discover_packages(recursive) check parameters
[16.665s] Level 1:colcon.colcon_core.package_discovery:discover_packages(ignore) check parameters
[16.665s] Level 1:colcon.colcon_core.package_discovery:discover_packages(path) check parameters
[16.666s] Level 1:colcon.colcon_core.package_discovery:discover_packages(colcon_meta) discover
[16.666s] Level 1:colcon.colcon_core.package_discovery:discover_packages(recursive) discover
[16.666s] INFO:colcon.colcon_core.package_discovery:Crawling recursively for packages in '/home/user/ROS2swarm'
[16.666s] Level 1:colcon.colcon_core.package_identification:_identify(.) by extensions ['ignore', 'ignore_ament_install']
[16.666s] Level 1:colcon.colcon_core.package_identification:_identify(.) by extension 'ignore'
[16.666s] Level 1:colcon.colcon_core.package_identification:_identify(.) by extension 'ignore_ament_install'
[16.667s] Level 1:colcon.colcon_core.package_identification:_identify(.) by extensions ['colcon_pkg']
[16.667s] Level 1:colcon.colcon_core.package_identification:_identify(.) by extension 'colcon_pkg'
[16.667s] Level 1:colcon.colcon_core.package_identification:_identify(.) by extensions ['colcon_meta']
[16.667s] Level 1:colcon.colcon_core.package_identification:_identify(.) by extension 'colcon_meta'
[16.667s] Level 1:colcon.colcon_core.package_identification:_identify(.) by extensions ['ros']
[16.667s] Level 1:colcon.colcon_core.package_identification:_identify(.) by extension 'ros'
[16.684s] Level 1:colcon.colcon_core.package_identification:_identify(.) by extensions ['cmake', 'python']
[16.684s] Level 1:colcon.colcon_core.package_identification:_identify(.) by extension 'cmake'
[16.684s] Level 1:colcon.colcon_core.package_identification:_identify(.) by extension 'python'
[16.684s] Level 1:colcon.colcon_core.package_identification:_identify(.) by extensions ['python_setup_py']
[16.685s] Level 1:colcon.colcon_core.package_identification:_identify(.) by extension 'python_setup_py'
[16.685s] Level 1:colcon.colcon_core.package_identification:_identify(build) by extensions ['ignore', 'ignore_ament_install']
[16.685s] Level 1:colcon.colcon_core.package_identification:_identify(build) by extension 'ignore'
[16.685s] Level 1:colcon.colcon_core.package_identification:_identify(build) ignored
[16.685s] Level 1:colcon.colcon_core.package_identification:_identify(install) by extensions ['ignore', 'ignore_ament_install']
[16.686s] Level 1:colcon.colcon_core.package_identification:_identify(install) by extension 'ignore'
[16.686s] Level 1:colcon.colcon_core.package_identification:_identify(install) ignored
[16.686s] Level 1:colcon.colcon_core.package_identification:_identify(log) by extensions ['ignore', 'ignore_ament_install']
[16.686s] Level 1:colcon.colcon_core.package_identification:_identify(log) by extension 'ignore'
[16.686s] Level 1:colcon.colcon_core.package_identification:_identify(log) ignored
[16.686s] Level 1:colcon.colcon_core.package_identification:_identify(models) by extensions ['ignore', 'ignore_ament_install']
[16.687s] Level 1:colcon.colcon_core.package_identification:_identify(models) by extension 'ignore'
[16.687s] Level 1:colcon.colcon_core.package_identification:_identify(models) by extension 'ignore_ament_install'
[16.687s] Level 1:colcon.colcon_core.package_identification:_identify(models) by extensions ['colcon_pkg']
[16.687s] Level 1:colcon.colcon_core.package_identification:_identify(models) by extension 'colcon_pkg'
[16.687s] Level 1:colcon.colcon_core.package_identification:_identify(models) by extensions ['colcon_meta']
[16.687s] Level 1:colcon.colcon_core.package_identification:_identify(models) by extension 'colcon_meta'
[16.687s] Level 1:colcon.colcon_core.package_identification:_identify(models) by extensions ['ros']
[16.687s] Level 1:colcon.colcon_core.package_identification:_identify(models) by extension 'ros'
[16.687s] Level 1:colcon.colcon_core.package_identification:_identify(models) by extensions ['cmake', 'python']
[16.687s] Level 1:colcon.colcon_core.package_identification:_identify(models) by extension 'cmake'
[16.688s] Level 1:colcon.colcon_core.package_identification:_identify(models) by extension 'python'
[16.688s] Level 1:colcon.colcon_core.package_identification:_identify(models) by extensions ['python_setup_py']
[16.688s] Level 1:colcon.colcon_core.package_identification:_identify(models) by extension 'python_setup_py'
[16.688s] Level 1:colcon.colcon_core.package_identification:_identify(models/turtlebot3_burger_invisible_sensors) by extensions ['ignore', 'ignore_ament_install']
[16.688s] Level 1:colcon.colcon_core.package_identification:_identify(models/turtlebot3_burger_invisible_sensors) by extension 'ignore'
[16.688s] Level 1:colcon.colcon_core.package_identification:_identify(models/turtlebot3_burger_invisible_sensors) by extension 'ignore_ament_install'
[16.688s] Level 1:colcon.colcon_core.package_identification:_identify(models/turtlebot3_burger_invisible_sensors) by extensions ['colcon_pkg']
[16.688s] Level 1:colcon.colcon_core.package_identification:_identify(models/turtlebot3_burger_invisible_sensors) by extension 'colcon_pkg'
[16.689s] Level 1:colcon.colcon_core.package_identification:_identify(models/turtlebot3_burger_invisible_sensors) by extensions ['colcon_meta']
[16.689s] Level 1:colcon.colcon_core.package_identification:_identify(models/turtlebot3_burger_invisible_sensors) by extension 'colcon_meta'
[16.689s] Level 1:colcon.colcon_core.package_identification:_identify(models/turtlebot3_burger_invisible_sensors) by extensions ['ros']
[16.689s] Level 1:colcon.colcon_core.package_identification:_identify(models/turtlebot3_burger_invisible_sensors) by extension 'ros'
[16.689s] Level 1:colcon.colcon_core.package_identification:_identify(models/turtlebot3_burger_invisible_sensors) by extensions ['cmake', 'python']
[16.689s] Level 1:colcon.colcon_core.package_identification:_identify(models/turtlebot3_burger_invisible_sensors) by extension 'cmake'
[16.689s] Level 1:colcon.colcon_core.package_identification:_identify(models/turtlebot3_burger_invisible_sensors) by extension 'python'
[16.689s] Level 1:colcon.colcon_core.package_identification:_identify(models/turtlebot3_burger_invisible_sensors) by extensions ['python_setup_py']
[16.689s] Level 1:colcon.colcon_core.package_identification:_identify(models/turtlebot3_burger_invisible_sensors) by extension 'python_setup_py'
[16.690s] Level 1:colcon.colcon_core.package_identification:_identify(models/turtlebot3_burger_invisible_sensors/meshes) by extensions ['ignore', 'ignore_ament_install']
[16.690s] Level 1:colcon.colcon_core.package_identification:_identify(models/turtlebot3_burger_invisible_sensors/meshes) by extension 'ignore'
[16.690s] Level 1:colcon.colcon_core.package_identification:_identify(models/turtlebot3_burger_invisible_sensors/meshes) by extension 'ignore_ament_install'
[16.690s] Level 1:colcon.colcon_core.package_identification:_identify(models/turtlebot3_burger_invisible_sensors/meshes) by extensions ['colcon_pkg']
[16.690s] Level 1:colcon.colcon_core.package_identification:_identify(models/turtlebot3_burger_invisible_sensors/meshes) by extension 'colcon_pkg'
[16.690s] Level 1:colcon.colcon_core.package_identification:_identify(models/turtlebot3_burger_invisible_sensors/meshes) by extensions ['colcon_meta']
[16.690s] Level 1:colcon.colcon_core.package_identification:_identify(models/turtlebot3_burger_invisible_sensors/meshes) by extension 'colcon_meta'
[16.690s] Level 1:colcon.colcon_core.package_identification:_identify(models/turtlebot3_burger_invisible_sensors/meshes) by extensions ['ros']
[16.690s] Level 1:colcon.colcon_core.package_identification:_identify(models/turtlebot3_burger_invisible_sensors/meshes) by extension 'ros'
[16.691s] Level 1:colcon.colcon_core.package_identification:_identify(models/turtlebot3_burger_invisible_sensors/meshes) by extensions ['cmake', 'python']
[16.691s] Level 1:colcon.colcon_core.package_identification:_identify(models/turtlebot3_burger_invisible_sensors/meshes) by extension 'cmake'
[16.691s] Level 1:colcon.colcon_core.package_identification:_identify(models/turtlebot3_burger_invisible_sensors/meshes) by extension 'python'
[16.691s] Level 1:colcon.colcon_core.package_identification:_identify(models/turtlebot3_burger_invisible_sensors/meshes) by extensions ['python_setup_py']
[16.691s] Level 1:colcon.colcon_core.package_identification:_identify(models/turtlebot3_burger_invisible_sensors/meshes) by extension 'python_setup_py'
[16.691s] Level 1:colcon.colcon_core.package_identification:_identify(models/turtlebot3_waffle_pi_invisible_sensors) by extensions ['ignore', 'ignore_ament_install']
[16.691s] Level 1:colcon.colcon_core.package_identification:_identify(models/turtlebot3_waffle_pi_invisible_sensors) by extension 'ignore'
[16.691s] Level 1:colcon.colcon_core.package_identification:_identify(models/turtlebot3_waffle_pi_invisible_sensors) by extension 'ignore_ament_install'
[16.692s] Level 1:colcon.colcon_core.package_identification:_identify(models/turtlebot3_waffle_pi_invisible_sensors) by extensions ['colcon_pkg']
[16.692s] Level 1:colcon.colcon_core.package_identification:_identify(models/turtlebot3_waffle_pi_invisible_sensors) by extension 'colcon_pkg'
[16.692s] Level 1:colcon.colcon_core.package_identification:_identify(models/turtlebot3_waffle_pi_invisible_sensors) by extensions ['colcon_meta']
[16.692s] Level 1:colcon.colcon_core.package_identification:_identify(models/turtlebot3_waffle_pi_invisible_sensors) by extension 'colcon_meta'
[16.692s] Level 1:colcon.colcon_core.package_identification:_identify(models/turtlebot3_waffle_pi_invisible_sensors) by extensions ['ros']
[16.692s] Level 1:colcon.colcon_core.package_identification:_identify(models/turtlebot3_waffle_pi_invisible_sensors) by extension 'ros'
[16.692s] Level 1:colcon.colcon_core.package_identification:_identify(models/turtlebot3_waffle_pi_invisible_sensors) by extensions ['cmake', 'python']
[16.692s] Level 1:colcon.colcon_core.package_identification:_identify(models/turtlebot3_waffle_pi_invisible_sensors) by extension 'cmake'
[16.692s] Level 1:colcon.colcon_core.package_identification:_identify(models/turtlebot3_waffle_pi_invisible_sensors) by extension 'python'
[16.692s] Level 1:colcon.colcon_core.package_identification:_identify(models/turtlebot3_waffle_pi_invisible_sensors) by extensions ['python_setup_py']
[16.693s] Level 1:colcon.colcon_core.package_identification:_identify(models/turtlebot3_waffle_pi_invisible_sensors) by extension 'python_setup_py'
[16.693s] Level 1:colcon.colcon_core.package_identification:_identify(models/turtlebot3_waffle_pi_invisible_sensors/meshes) by extensions ['ignore', 'ignore_ament_install']
[16.693s] Level 1:colcon.colcon_core.package_identification:_identify(models/turtlebot3_waffle_pi_invisible_sensors/meshes) by extension 'ignore'
[16.693s] Level 1:colcon.colcon_core.package_identification:_identify(models/turtlebot3_waffle_pi_invisible_sensors/meshes) by extension 'ignore_ament_install'
[16.693s] Level 1:colcon.colcon_core.package_identification:_identify(models/turtlebot3_waffle_pi_invisible_sensors/meshes) by extensions ['colcon_pkg']
[16.693s] Level 1:colcon.colcon_core.package_identification:_identify(models/turtlebot3_waffle_pi_invisible_sensors/meshes) by extension 'colcon_pkg'
[16.693s] Level 1:colcon.colcon_core.package_identification:_identify(models/turtlebot3_waffle_pi_invisible_sensors/meshes) by extensions ['colcon_meta']
[16.693s] Level 1:colcon.colcon_core.package_identification:_identify(models/turtlebot3_waffle_pi_invisible_sensors/meshes) by extension 'colcon_meta'
[16.693s] Level 1:colcon.colcon_core.package_identification:_identify(models/turtlebot3_waffle_pi_invisible_sensors/meshes) by extensions ['ros']
[16.694s] Level 1:colcon.colcon_core.package_identification:_identify(models/turtlebot3_waffle_pi_invisible_sensors/meshes) by extension 'ros'
[16.694s] Level 1:colcon.colcon_core.package_identification:_identify(models/turtlebot3_waffle_pi_invisible_sensors/meshes) by extensions ['cmake', 'python']
[16.694s] Level 1:colcon.colcon_core.package_identification:_identify(models/turtlebot3_waffle_pi_invisible_sensors/meshes) by extension 'cmake'
[16.694s] Level 1:colcon.colcon_core.package_identification:_identify(models/turtlebot3_waffle_pi_invisible_sensors/meshes) by extension 'python'
[16.694s] Level 1:colcon.colcon_core.package_identification:_identify(models/turtlebot3_waffle_pi_invisible_sensors/meshes) by extensions ['python_setup_py']
[16.694s] Level 1:colcon.colcon_core.package_identification:_identify(models/turtlebot3_waffle_pi_invisible_sensors/meshes) by extension 'python_setup_py'
[16.694s] Level 1:colcon.colcon_core.package_identification:_identify(models/turtlebot3_waffle_pi_led) by extensions ['ignore', 'ignore_ament_install']
[16.695s] Level 1:colcon.colcon_core.package_identification:_identify(models/turtlebot3_waffle_pi_led) by extension 'ignore'
[16.695s] Level 1:colcon.colcon_core.package_identification:_identify(models/turtlebot3_waffle_pi_led) by extension 'ignore_ament_install'
[16.695s] Level 1:colcon.colcon_core.package_identification:_identify(models/turtlebot3_waffle_pi_led) by extensions ['colcon_pkg']
[16.695s] Level 1:colcon.colcon_core.package_identification:_identify(models/turtlebot3_waffle_pi_led) by extension 'colcon_pkg'
[16.695s] Level 1:colcon.colcon_core.package_identification:_identify(models/turtlebot3_waffle_pi_led) by extensions ['colcon_meta']
[16.695s] Level 1:colcon.colcon_core.package_identification:_identify(models/turtlebot3_waffle_pi_led) by extension 'colcon_meta'
[16.695s] Level 1:colcon.colcon_core.package_identification:_identify(models/turtlebot3_waffle_pi_led) by extensions ['ros']
[16.695s] Level 1:colcon.colcon_core.package_identification:_identify(models/turtlebot3_waffle_pi_led) by extension 'ros'
[16.695s] Level 1:colcon.colcon_core.package_identification:_identify(models/turtlebot3_waffle_pi_led) by extensions ['cmake', 'python']
[16.696s] Level 1:colcon.colcon_core.package_identification:_identify(models/turtlebot3_waffle_pi_led) by extension 'cmake'
[16.696s] Level 1:colcon.colcon_core.package_identification:_identify(models/turtlebot3_waffle_pi_led) by extension 'python'
[16.696s] Level 1:colcon.colcon_core.package_identification:_identify(models/turtlebot3_waffle_pi_led) by extensions ['python_setup_py']
[16.696s] Level 1:colcon.colcon_core.package_identification:_identify(models/turtlebot3_waffle_pi_led) by extension 'python_setup_py'
[16.696s] Level 1:colcon.colcon_core.package_identification:_identify(models/turtlebot3_waffle_pi_led/meshes) by extensions ['ignore', 'ignore_ament_install']
[16.696s] Level 1:colcon.colcon_core.package_identification:_identify(models/turtlebot3_waffle_pi_led/meshes) by extension 'ignore'
[16.696s] Level 1:colcon.colcon_core.package_identification:_identify(models/turtlebot3_waffle_pi_led/meshes) by extension 'ignore_ament_install'
[16.696s] Level 1:colcon.colcon_core.package_identification:_identify(models/turtlebot3_waffle_pi_led/meshes) by extensions ['colcon_pkg']
[16.696s] Level 1:colcon.colcon_core.package_identification:_identify(models/turtlebot3_waffle_pi_led/meshes) by extension 'colcon_pkg'
[16.696s] Level 1:colcon.colcon_core.package_identification:_identify(models/turtlebot3_waffle_pi_led/meshes) by extensions ['colcon_meta']
[16.697s] Level 1:colcon.colcon_core.package_identification:_identify(models/turtlebot3_waffle_pi_led/meshes) by extension 'colcon_meta'
[16.697s] Level 1:colcon.colcon_core.package_identification:_identify(models/turtlebot3_waffle_pi_led/meshes) by extensions ['ros']
[16.697s] Level 1:colcon.colcon_core.package_identification:_identify(models/turtlebot3_waffle_pi_led/meshes) by extension 'ros'
[16.697s] Level 1:colcon.colcon_core.package_identification:_identify(models/turtlebot3_waffle_pi_led/meshes) by extensions ['cmake', 'python']
[16.697s] Level 1:colcon.colcon_core.package_identification:_identify(models/turtlebot3_waffle_pi_led/meshes) by extension 'cmake'
[16.697s] Level 1:colcon.colcon_core.package_identification:_identify(models/turtlebot3_waffle_pi_led/meshes) by extension 'python'
[16.697s] Level 1:colcon.colcon_core.package_identification:_identify(models/turtlebot3_waffle_pi_led/meshes) by extensions ['python_setup_py']
[16.697s] Level 1:colcon.colcon_core.package_identification:_identify(models/turtlebot3_waffle_pi_led/meshes) by extension 'python_setup_py'
[16.697s] Level 1:colcon.colcon_core.package_identification:_identify(scripts) by extensions ['ignore', 'ignore_ament_install']
[16.698s] Level 1:colcon.colcon_core.package_identification:_identify(scripts) by extension 'ignore'
[16.698s] Level 1:colcon.colcon_core.package_identification:_identify(scripts) by extension 'ignore_ament_install'
[16.698s] Level 1:colcon.colcon_core.package_identification:_identify(scripts) by extensions ['colcon_pkg']
[16.698s] Level 1:colcon.colcon_core.package_identification:_identify(scripts) by extension 'colcon_pkg'
[16.698s] Level 1:colcon.colcon_core.package_identification:_identify(scripts) by extensions ['colcon_meta']
[16.698s] Level 1:colcon.colcon_core.package_identification:_identify(scripts) by extension 'colcon_meta'
[16.698s] Level 1:colcon.colcon_core.package_identification:_identify(scripts) by extensions ['ros']
[16.698s] Level 1:colcon.colcon_core.package_identification:_identify(scripts) by extension 'ros'
[16.698s] Level 1:colcon.colcon_core.package_identification:_identify(scripts) by extensions ['cmake', 'python']
[16.698s] Level 1:colcon.colcon_core.package_identification:_identify(scripts) by extension 'cmake'
[16.699s] Level 1:colcon.colcon_core.package_identification:_identify(scripts) by extension 'python'
[16.699s] Level 1:colcon.colcon_core.package_identification:_identify(scripts) by extensions ['python_setup_py']
[16.699s] Level 1:colcon.colcon_core.package_identification:_identify(scripts) by extension 'python_setup_py'
[16.699s] Level 1:colcon.colcon_core.package_identification:_identify(src) by extensions ['ignore', 'ignore_ament_install']
[16.699s] Level 1:colcon.colcon_core.package_identification:_identify(src) by extension 'ignore'
[16.699s] Level 1:colcon.colcon_core.package_identification:_identify(src) by extension 'ignore_ament_install'
[16.699s] Level 1:colcon.colcon_core.package_identification:_identify(src) by extensions ['colcon_pkg']
[16.699s] Level 1:colcon.colcon_core.package_identification:_identify(src) by extension 'colcon_pkg'
[16.699s] Level 1:colcon.colcon_core.package_identification:_identify(src) by extensions ['colcon_meta']
[16.700s] Level 1:colcon.colcon_core.package_identification:_identify(src) by extension 'colcon_meta'
[16.700s] Level 1:colcon.colcon_core.package_identification:_identify(src) by extensions ['ros']
[16.700s] Level 1:colcon.colcon_core.package_identification:_identify(src) by extension 'ros'
[16.700s] Level 1:colcon.colcon_core.package_identification:_identify(src) by extensions ['cmake', 'python']
[16.700s] Level 1:colcon.colcon_core.package_identification:_identify(src) by extension 'cmake'
[16.700s] Level 1:colcon.colcon_core.package_identification:_identify(src) by extension 'python'
[16.700s] Level 1:colcon.colcon_core.package_identification:_identify(src) by extensions ['python_setup_py']
[16.700s] Level 1:colcon.colcon_core.package_identification:_identify(src) by extension 'python_setup_py'
[16.700s] Level 1:colcon.colcon_core.package_identification:_identify(src/communication_interfaces) by extensions ['ignore', 'ignore_ament_install']
[16.700s] Level 1:colcon.colcon_core.package_identification:_identify(src/communication_interfaces) by extension 'ignore'
[16.701s] Level 1:colcon.colcon_core.package_identification:_identify(src/communication_interfaces) by extension 'ignore_ament_install'
[16.701s] Level 1:colcon.colcon_core.package_identification:_identify(src/communication_interfaces) by extensions ['colcon_pkg']
[16.701s] Level 1:colcon.colcon_core.package_identification:_identify(src/communication_interfaces) by extension 'colcon_pkg'
[16.701s] Level 1:colcon.colcon_core.package_identification:_identify(src/communication_interfaces) by extensions ['colcon_meta']
[16.701s] Level 1:colcon.colcon_core.package_identification:_identify(src/communication_interfaces) by extension 'colcon_meta'
[16.701s] Level 1:colcon.colcon_core.package_identification:_identify(src/communication_interfaces) by extensions ['ros']
[16.701s] Level 1:colcon.colcon_core.package_identification:_identify(src/communication_interfaces) by extension 'ros'
[16.706s] DEBUG:colcon.colcon_core.package_identification:Package 'src/communication_interfaces' with type 'ros.ament_cmake' and name 'communication_interfaces'
[16.706s] Level 1:colcon.colcon_core.package_identification:_identify(src/launch_gazebo) by extensions ['ignore', 'ignore_ament_install']
[16.706s] Level 1:colcon.colcon_core.package_identification:_identify(src/launch_gazebo) by extension 'ignore'
[16.707s] Level 1:colcon.colcon_core.package_identification:_identify(src/launch_gazebo) by extension 'ignore_ament_install'
[16.707s] Level 1:colcon.colcon_core.package_identification:_identify(src/launch_gazebo) by extensions ['colcon_pkg']
[16.707s] Level 1:colcon.colcon_core.package_identification:_identify(src/launch_gazebo) by extension 'colcon_pkg'
[16.707s] Level 1:colcon.colcon_core.package_identification:_identify(src/launch_gazebo) by extensions ['colcon_meta']
[16.707s] Level 1:colcon.colcon_core.package_identification:_identify(src/launch_gazebo) by extension 'colcon_meta'
[16.707s] Level 1:colcon.colcon_core.package_identification:_identify(src/launch_gazebo) by extensions ['ros']
[16.707s] Level 1:colcon.colcon_core.package_identification:_identify(src/launch_gazebo) by extension 'ros'
[16.710s] DEBUG:colcon.colcon_core.package_identification:Package 'src/launch_gazebo' with type 'ros.ament_python' and name 'launch_gazebo'
[16.710s] Level 1:colcon.colcon_core.package_identification:_identify(src/ros-thymio) by extensions ['ignore', 'ignore_ament_install']
[16.710s] Level 1:colcon.colcon_core.package_identification:_identify(src/ros-thymio) by extension 'ignore'
[16.710s] Level 1:colcon.colcon_core.package_identification:_identify(src/ros-thymio) by extension 'ignore_ament_install'
[16.710s] Level 1:colcon.colcon_core.package_identification:_identify(src/ros-thymio) by extensions ['colcon_pkg']
[16.711s] Level 1:colcon.colcon_core.package_identification:_identify(src/ros-thymio) by extension 'colcon_pkg'
[16.711s] Level 1:colcon.colcon_core.package_identification:_identify(src/ros-thymio) by extensions ['colcon_meta']
[16.711s] Level 1:colcon.colcon_core.package_identification:_identify(src/ros-thymio) by extension 'colcon_meta'
[16.711s] Level 1:colcon.colcon_core.package_identification:_identify(src/ros-thymio) by extensions ['ros']
[16.711s] Level 1:colcon.colcon_core.package_identification:_identify(src/ros-thymio) by extension 'ros'
[16.711s] Level 1:colcon.colcon_core.package_identification:_identify(src/ros-thymio) by extensions ['cmake', 'python']
[16.711s] Level 1:colcon.colcon_core.package_identification:_identify(src/ros-thymio) by extension 'cmake'
[16.711s] Level 1:colcon.colcon_core.package_identification:_identify(src/ros-thymio) by extension 'python'
[16.712s] Level 1:colcon.colcon_core.package_identification:_identify(src/ros-thymio) by extensions ['python_setup_py']
[16.712s] Level 1:colcon.colcon_core.package_identification:_identify(src/ros-thymio) by extension 'python_setup_py'
[16.712s] Level 1:colcon.colcon_core.package_identification:_identify(src/ros-thymio/docker) by extensions ['ignore', 'ignore_ament_install']
[16.712s] Level 1:colcon.colcon_core.package_identification:_identify(src/ros-thymio/docker) by extension 'ignore'
[16.712s] Level 1:colcon.colcon_core.package_identification:_identify(src/ros-thymio/docker) by extension 'ignore_ament_install'
[16.712s] Level 1:colcon.colcon_core.package_identification:_identify(src/ros-thymio/docker) by extensions ['colcon_pkg']
[16.712s] Level 1:colcon.colcon_core.package_identification:_identify(src/ros-thymio/docker) by extension 'colcon_pkg'
[16.712s] Level 1:colcon.colcon_core.package_identification:_identify(src/ros-thymio/docker) by extensions ['colcon_meta']
[16.712s] Level 1:colcon.colcon_core.package_identification:_identify(src/ros-thymio/docker) by extension 'colcon_meta'
[16.713s] Level 1:colcon.colcon_core.package_identification:_identify(src/ros-thymio/docker) by extensions ['ros']
[16.713s] Level 1:colcon.colcon_core.package_identification:_identify(src/ros-thymio/docker) by extension 'ros'
[16.713s] Level 1:colcon.colcon_core.package_identification:_identify(src/ros-thymio/docker) by extensions ['cmake', 'python']
[16.713s] Level 1:colcon.colcon_core.package_identification:_identify(src/ros-thymio/docker) by extension 'cmake'
[16.713s] Level 1:colcon.colcon_core.package_identification:_identify(src/ros-thymio/docker) by extension 'python'
[16.713s] Level 1:colcon.colcon_core.package_identification:_identify(src/ros-thymio/docker) by extensions ['python_setup_py']
[16.713s] Level 1:colcon.colcon_core.package_identification:_identify(src/ros-thymio/docker) by extension 'python_setup_py'
[16.713s] Level 1:colcon.colcon_core.package_identification:_identify(src/ros-thymio/docker/foxy) by extensions ['ignore', 'ignore_ament_install']
[16.714s] Level 1:colcon.colcon_core.package_identification:_identify(src/ros-thymio/docker/foxy) by extension 'ignore'
[16.714s] Level 1:colcon.colcon_core.package_identification:_identify(src/ros-thymio/docker/foxy) by extension 'ignore_ament_install'
[16.714s] Level 1:colcon.colcon_core.package_identification:_identify(src/ros-thymio/docker/foxy) by extensions ['colcon_pkg']
[16.714s] Level 1:colcon.colcon_core.package_identification:_identify(src/ros-thymio/docker/foxy) by extension 'colcon_pkg'
[16.714s] Level 1:colcon.colcon_core.package_identification:_identify(src/ros-thymio/docker/foxy) by extensions ['colcon_meta']
[16.714s] Level 1:colcon.colcon_core.package_identification:_identify(src/ros-thymio/docker/foxy) by extension 'colcon_meta'
[16.714s] Level 1:colcon.colcon_core.package_identification:_identify(src/ros-thymio/docker/foxy) by extensions ['ros']
[16.714s] Level 1:colcon.colcon_core.package_identification:_identify(src/ros-thymio/docker/foxy) by extension 'ros'
[16.714s] Level 1:colcon.colcon_core.package_identification:_identify(src/ros-thymio/docker/foxy) by extensions ['cmake', 'python']
[16.714s] Level 1:colcon.colcon_core.package_identification:_identify(src/ros-thymio/docker/foxy) by extension 'cmake'
[16.714s] Level 1:colcon.colcon_core.package_identification:_identify(src/ros-thymio/docker/foxy) by extension 'python'
[16.715s] Level 1:colcon.colcon_core.package_identification:_identify(src/ros-thymio/docker/foxy) by extensions ['python_setup_py']
[16.715s] Level 1:colcon.colcon_core.package_identification:_identify(src/ros-thymio/docker/foxy) by extension 'python_setup_py'
[16.715s] Level 1:colcon.colcon_core.package_identification:_identify(src/ros-thymio/docker/galactic) by extensions ['ignore', 'ignore_ament_install']
[16.715s] Level 1:colcon.colcon_core.package_identification:_identify(src/ros-thymio/docker/galactic) by extension 'ignore'
[16.715s] Level 1:colcon.colcon_core.package_identification:_identify(src/ros-thymio/docker/galactic) by extension 'ignore_ament_install'
[16.715s] Level 1:colcon.colcon_core.package_identification:_identify(src/ros-thymio/docker/galactic) by extensions ['colcon_pkg']
[16.715s] Level 1:colcon.colcon_core.package_identification:_identify(src/ros-thymio/docker/galactic) by extension 'colcon_pkg'
[16.715s] Level 1:colcon.colcon_core.package_identification:_identify(src/ros-thymio/docker/galactic) by extensions ['colcon_meta']
[16.715s] Level 1:colcon.colcon_core.package_identification:_identify(src/ros-thymio/docker/galactic) by extension 'colcon_meta'
[16.716s] Level 1:colcon.colcon_core.package_identification:_identify(src/ros-thymio/docker/galactic) by extensions ['ros']
[16.716s] Level 1:colcon.colcon_core.package_identification:_identify(src/ros-thymio/docker/galactic) by extension 'ros'
[16.716s] Level 1:colcon.colcon_core.package_identification:_identify(src/ros-thymio/docker/galactic) by extensions ['cmake', 'python']
[16.716s] Level 1:colcon.colcon_core.package_identification:_identify(src/ros-thymio/docker/galactic) by extension 'cmake'
[16.716s] Level 1:colcon.colcon_core.package_identification:_identify(src/ros-thymio/docker/galactic) by extension 'python'
[16.716s] Level 1:colcon.colcon_core.package_identification:_identify(src/ros-thymio/docker/galactic) by extensions ['python_setup_py']
[16.716s] Level 1:colcon.colcon_core.package_identification:_identify(src/ros-thymio/docker/galactic) by extension 'python_setup_py'
[16.716s] Level 1:colcon.colcon_core.package_identification:_identify(src/ros-thymio/docker/melodic) by extensions ['ignore', 'ignore_ament_install']
[16.716s] Level 1:colcon.colcon_core.package_identification:_identify(src/ros-thymio/docker/melodic) by extension 'ignore'
[16.717s] Level 1:colcon.colcon_core.package_identification:_identify(src/ros-thymio/docker/melodic) by extension 'ignore_ament_install'
[16.717s] Level 1:colcon.colcon_core.package_identification:_identify(src/ros-thymio/docker/melodic) by extensions ['colcon_pkg']
[16.717s] Level 1:colcon.colcon_core.package_identification:_identify(src/ros-thymio/docker/melodic) by extension 'colcon_pkg'
[16.717s] Level 1:colcon.colcon_core.package_identification:_identify(src/ros-thymio/docker/melodic) by extensions ['colcon_meta']
[16.717s] Level 1:colcon.colcon_core.package_identification:_identify(src/ros-thymio/docker/melodic) by extension 'colcon_meta'
[16.717s] Level 1:colcon.colcon_core.package_identification:_identify(src/ros-thymio/docker/melodic) by extensions ['ros']
[16.717s] Level 1:colcon.colcon_core.package_identification:_identify(src/ros-thymio/docker/melodic) by extension 'ros'
[16.717s] Level 1:colcon.colcon_core.package_identification:_identify(src/ros-thymio/docker/melodic) by extensions ['cmake', 'python']
[16.718s] Level 1:colcon.colcon_core.package_identification:_identify(src/ros-thymio/docker/melodic) by extension 'cmake'
[16.718s] Level 1:colcon.colcon_core.package_identification:_identify(src/ros-thymio/docker/melodic) by extension 'python'
[16.718s] Level 1:colcon.colcon_core.package_identification:_identify(src/ros-thymio/docker/melodic) by extensions ['python_setup_py']
[16.718s] Level 1:colcon.colcon_core.package_identification:_identify(src/ros-thymio/docker/melodic) by extension 'python_setup_py'
[16.718s] Level 1:colcon.colcon_core.package_identification:_identify(src/ros-thymio/docker/noetic) by extensions ['ignore', 'ignore_ament_install']
[16.718s] Level 1:colcon.colcon_core.package_identification:_identify(src/ros-thymio/docker/noetic) by extension 'ignore'
[16.718s] Level 1:colcon.colcon_core.package_identification:_identify(src/ros-thymio/docker/noetic) by extension 'ignore_ament_install'
[16.718s] Level 1:colcon.colcon_core.package_identification:_identify(src/ros-thymio/docker/noetic) by extensions ['colcon_pkg']
[16.719s] Level 1:colcon.colcon_core.package_identification:_identify(src/ros-thymio/docker/noetic) by extension 'colcon_pkg'
[16.719s] Level 1:colcon.colcon_core.package_identification:_identify(src/ros-thymio/docker/noetic) by extensions ['colcon_meta']
[16.719s] Level 1:colcon.colcon_core.package_identification:_identify(src/ros-thymio/docker/noetic) by extension 'colcon_meta'
[16.719s] Level 1:colcon.colcon_core.package_identification:_identify(src/ros-thymio/docker/noetic) by extensions ['ros']
[16.719s] Level 1:colcon.colcon_core.package_identification:_identify(src/ros-thymio/docker/noetic) by extension 'ros'
[16.719s] Level 1:colcon.colcon_core.package_identification:_identify(src/ros-thymio/docker/noetic) by extensions ['cmake', 'python']
[16.719s] Level 1:colcon.colcon_core.package_identification:_identify(src/ros-thymio/docker/noetic) by extension 'cmake'
[16.719s] Level 1:colcon.colcon_core.package_identification:_identify(src/ros-thymio/docker/noetic) by extension 'python'
[16.719s] Level 1:colcon.colcon_core.package_identification:_identify(src/ros-thymio/docker/noetic) by extensions ['python_setup_py']
[16.720s] Level 1:colcon.colcon_core.package_identification:_identify(src/ros-thymio/docker/noetic) by extension 'python_setup_py'
[16.720s] Level 1:colcon.colcon_core.package_identification:_identify(src/ros-thymio/thymio_description) by extensions ['ignore', 'ignore_ament_install']
[16.720s] Level 1:colcon.colcon_core.package_identification:_identify(src/ros-thymio/thymio_description) by extension 'ignore'
[16.720s] Level 1:colcon.colcon_core.package_identification:_identify(src/ros-thymio/thymio_description) by extension 'ignore_ament_install'
[16.720s] Level 1:colcon.colcon_core.package_identification:_identify(src/ros-thymio/thymio_description) by extensions ['colcon_pkg']
[16.720s] Level 1:colcon.colcon_core.package_identification:_identify(src/ros-thymio/thymio_description) by extension 'colcon_pkg'
[16.720s] Level 1:colcon.colcon_core.package_identification:_identify(src/ros-thymio/thymio_description) by extensions ['colcon_meta']
[16.720s] Level 1:colcon.colcon_core.package_identification:_identify(src/ros-thymio/thymio_description) by extension 'colcon_meta'
[16.720s] Level 1:colcon.colcon_core.package_identification:_identify(src/ros-thymio/thymio_description) by extensions ['ros']
[16.721s] Level 1:colcon.colcon_core.package_identification:_identify(src/ros-thymio/thymio_description) by extension 'ros'
[16.722s] DEBUG:colcon.colcon_core.package_identification:Package 'src/ros-thymio/thymio_description' with type 'ros.ament_cmake' and name 'thymio_description'
[16.722s] Level 1:colcon.colcon_core.package_identification:_identify(src/ros-thymio/thymio_driver) by extensions ['ignore', 'ignore_ament_install']
[16.722s] Level 1:colcon.colcon_core.package_identification:_identify(src/ros-thymio/thymio_driver) by extension 'ignore'
[16.723s] Level 1:colcon.colcon_core.package_identification:_identify(src/ros-thymio/thymio_driver) by extension 'ignore_ament_install'
[16.723s] Level 1:colcon.colcon_core.package_identification:_identify(src/ros-thymio/thymio_driver) by extensions ['colcon_pkg']
[16.723s] Level 1:colcon.colcon_core.package_identification:_identify(src/ros-thymio/thymio_driver) by extension 'colcon_pkg'
[16.723s] Level 1:colcon.colcon_core.package_identification:_identify(src/ros-thymio/thymio_driver) by extensions ['colcon_meta']
[16.723s] Level 1:colcon.colcon_core.package_identification:_identify(src/ros-thymio/thymio_driver) by extension 'colcon_meta'
[16.723s] Level 1:colcon.colcon_core.package_identification:_identify(src/ros-thymio/thymio_driver) by extensions ['ros']
[16.723s] Level 1:colcon.colcon_core.package_identification:_identify(src/ros-thymio/thymio_driver) by extension 'ros'
[16.725s] DEBUG:colcon.colcon_core.package_identification:Package 'src/ros-thymio/thymio_driver' with type 'ros.ament_python' and name 'thymio_driver'
[16.726s] Level 1:colcon.colcon_core.package_identification:_identify(src/ros-thymio/thymio_msgs) by extensions ['ignore', 'ignore_ament_install']
[16.726s] Level 1:colcon.colcon_core.package_identification:_identify(src/ros-thymio/thymio_msgs) by extension 'ignore'
[16.726s] Level 1:colcon.colcon_core.package_identification:_identify(src/ros-thymio/thymio_msgs) by extension 'ignore_ament_install'
[16.726s] Level 1:colcon.colcon_core.package_identification:_identify(src/ros-thymio/thymio_msgs) by extensions ['colcon_pkg']
[16.726s] Level 1:colcon.colcon_core.package_identification:_identify(src/ros-thymio/thymio_msgs) by extension 'colcon_pkg'
[16.726s] Level 1:colcon.colcon_core.package_identification:_identify(src/ros-thymio/thymio_msgs) by extensions ['colcon_meta']
[16.726s] Level 1:colcon.colcon_core.package_identification:_identify(src/ros-thymio/thymio_msgs) by extension 'colcon_meta'
[16.727s] Level 1:colcon.colcon_core.package_identification:_identify(src/ros-thymio/thymio_msgs) by extensions ['ros']
[16.727s] Level 1:colcon.colcon_core.package_identification:_identify(src/ros-thymio/thymio_msgs) by extension 'ros'
[16.730s] DEBUG:colcon.colcon_core.package_identification:Package 'src/ros-thymio/thymio_msgs' with type 'ros.ament_cmake' and name 'thymio_msgs'
[16.730s] Level 1:colcon.colcon_core.package_identification:_identify(src/ros2swarm) by extensions ['ignore', 'ignore_ament_install']
[16.730s] Level 1:colcon.colcon_core.package_identification:_identify(src/ros2swarm) by extension 'ignore'
[16.730s] Level 1:colcon.colcon_core.package_identification:_identify(src/ros2swarm) by extension 'ignore_ament_install'
[16.731s] Level 1:colcon.colcon_core.package_identification:_identify(src/ros2swarm) by extensions ['colcon_pkg']
[16.731s] Level 1:colcon.colcon_core.package_identification:_identify(src/ros2swarm) by extension 'colcon_pkg'
[16.731s] Level 1:colcon.colcon_core.package_identification:_identify(src/ros2swarm) by extensions ['colcon_meta']
[16.731s] Level 1:colcon.colcon_core.package_identification:_identify(src/ros2swarm) by extension 'colcon_meta'
[16.731s] Level 1:colcon.colcon_core.package_identification:_identify(src/ros2swarm) by extensions ['ros']
[16.731s] Level 1:colcon.colcon_core.package_identification:_identify(src/ros2swarm) by extension 'ros'
[16.735s] DEBUG:colcon.colcon_core.package_identification:Package 'src/ros2swarm' with type 'ros.ament_python' and name 'ros2swarm'
[16.735s] Level 1:colcon.colcon_core.package_discovery:discover_packages(recursive) using defaults
[16.735s] Level 1:colcon.colcon_core.package_discovery:discover_packages(ignore) discover
[16.735s] Level 1:colcon.colcon_core.package_discovery:discover_packages(ignore) using defaults
[16.735s] Level 1:colcon.colcon_core.package_discovery:discover_packages(path) discover
[16.735s] Level 1:colcon.colcon_core.package_discovery:discover_packages(path) using defaults
[17.067s] INFO:colcon.colcon_core.package_selection:Skipping not selected package 'thymio_description' in 'src/ros-thymio/thymio_description'
[17.067s] INFO:colcon.colcon_core.package_selection:Skipping not selected package 'thymio_msgs' in 'src/ros-thymio/thymio_msgs'
[17.068s] INFO:colcon.colcon_core.package_selection:Skipping not selected package 'thymio_driver' in 'src/ros-thymio/thymio_driver'
[17.075s] Level 5:colcon.colcon_core.verb:set package 'communication_interfaces' build argument 'cmake_args' from command line to 'None'
[17.075s] Level 5:colcon.colcon_core.verb:set package 'communication_interfaces' build argument 'cmake_target' from command line to 'None'
[17.076s] Level 5:colcon.colcon_core.verb:set package 'communication_interfaces' build argument 'cmake_target_skip_unavailable' from command line to 'False'
[17.076s] Level 5:colcon.colcon_core.verb:set package 'communication_interfaces' build argument 'cmake_clean_cache' from command line to 'False'
[17.076s] Level 5:colcon.colcon_core.verb:set package 'communication_interfaces' build argument 'cmake_clean_first' from command line to 'False'
[17.076s] Level 5:colcon.colcon_core.verb:set package 'communication_interfaces' build argument 'cmake_force_configure' from command line to 'False'
[17.076s] Level 5:colcon.colcon_core.verb:set package 'communication_interfaces' build argument 'ament_cmake_args' from command line to 'None'
[17.076s] Level 5:colcon.colcon_core.verb:set package 'communication_interfaces' build argument 'catkin_cmake_args' from command line to 'None'
[17.076s] Level 5:colcon.colcon_core.verb:set package 'communication_interfaces' build argument 'catkin_skip_building_tests' from command line to 'False'
[17.076s] DEBUG:colcon.colcon_core.verb:Building package 'communication_interfaces' with the following arguments: {'ament_cmake_args': None, 'build_base': '/home/user/ROS2swarm/build/communication_interfaces', 'catkin_cmake_args': None, 'catkin_skip_building_tests': False, 'cmake_args': None, 'cmake_clean_cache': False, 'cmake_clean_first': False, 'cmake_force_configure': False, 'cmake_target': None, 'cmake_target_skip_unavailable': False, 'install_base': '/home/user/ROS2swarm/install/communication_interfaces', 'merge_install': False, 'path': '/home/user/ROS2swarm/src/communication_interfaces', 'symlink_install': True, 'test_result_base': None}
[17.086s] Level 5:colcon.colcon_core.verb:set package 'launch_gazebo' build argument 'cmake_args' from command line to 'None'
[17.086s] Level 5:colcon.colcon_core.verb:set package 'launch_gazebo' build argument 'cmake_target' from command line to 'None'
[17.086s] Level 5:colcon.colcon_core.verb:set package 'launch_gazebo' build argument 'cmake_target_skip_unavailable' from command line to 'False'
[17.086s] Level 5:colcon.colcon_core.verb:set package 'launch_gazebo' build argument 'cmake_clean_cache' from command line to 'False'
[17.086s] Level 5:colcon.colcon_core.verb:set package 'launch_gazebo' build argument 'cmake_clean_first' from command line to 'False'
[17.086s] Level 5:colcon.colcon_core.verb:set package 'launch_gazebo' build argument 'cmake_force_configure' from command line to 'False'
[17.086s] Level 5:colcon.colcon_core.verb:set package 'launch_gazebo' build argument 'ament_cmake_args' from command line to 'None'
[17.086s] Level 5:colcon.colcon_core.verb:set package 'launch_gazebo' build argument 'catkin_cmake_args' from command line to 'None'
[17.086s] Level 5:colcon.colcon_core.verb:set package 'launch_gazebo' build argument 'catkin_skip_building_tests' from command line to 'False'
[17.086s] DEBUG:colcon.colcon_core.verb:Building package 'launch_gazebo' with the following arguments: {'ament_cmake_args': None, 'build_base': '/home/user/ROS2swarm/build/launch_gazebo', 'catkin_cmake_args': None, 'catkin_skip_building_tests': False, 'cmake_args': None, 'cmake_clean_cache': False, 'cmake_clean_first': False, 'cmake_force_configure': False, 'cmake_target': None, 'cmake_target_skip_unavailable': False, 'install_base': '/home/user/ROS2swarm/install/launch_gazebo', 'merge_install': False, 'path': '/home/user/ROS2swarm/src/launch_gazebo', 'symlink_install': True, 'test_result_base': None}
[17.094s] Level 5:colcon.colcon_core.verb:set package 'ros2swarm' build argument 'cmake_args' from command line to 'None'
[17.094s] Level 5:colcon.colcon_core.verb:set package 'ros2swarm' build argument 'cmake_target' from command line to 'None'
[17.095s] Level 5:colcon.colcon_core.verb:set package 'ros2swarm' build argument 'cmake_target_skip_unavailable' from command line to 'False'
[17.095s] Level 5:colcon.colcon_core.verb:set package 'ros2swarm' build argument 'cmake_clean_cache' from command line to 'False'
[17.095s] Level 5:colcon.colcon_core.verb:set package 'ros2swarm' build argument 'cmake_clean_first' from command line to 'False'
[17.095s] Level 5:colcon.colcon_core.verb:set package 'ros2swarm' build argument 'cmake_force_configure' from command line to 'False'
[17.095s] Level 5:colcon.colcon_core.verb:set package 'ros2swarm' build argument 'ament_cmake_args' from command line to 'None'
[17.095s] Level 5:colcon.colcon_core.verb:set package 'ros2swarm' build argument 'catkin_cmake_args' from command line to 'None'
[17.095s] Level 5:colcon.colcon_core.verb:set package 'ros2swarm' build argument 'catkin_skip_building_tests' from command line to 'False'
[17.095s] DEBUG:colcon.colcon_core.verb:Building package 'ros2swarm' with the following arguments: {'ament_cmake_args': None, 'build_base': '/home/user/ROS2swarm/build/ros2swarm', 'catkin_cmake_args': None, 'catkin_skip_building_tests': False, 'cmake_args': None, 'cmake_clean_cache': False, 'cmake_clean_first': False, 'cmake_force_configure': False, 'cmake_target': None, 'cmake_target_skip_unavailable': False, 'install_base': '/home/user/ROS2swarm/install/ros2swarm', 'merge_install': False, 'path': '/home/user/ROS2swarm/src/ros2swarm', 'symlink_install': True, 'test_result_base': None}
[17.096s] INFO:colcon.colcon_core.executor:Executing jobs using 'parallel' executor
[17.101s] DEBUG:colcon.colcon_parallel_executor.executor.parallel:run_until_complete
[17.101s] INFO:colcon.colcon_ros.task.ament_cmake.build:Building ROS package in '/home/user/ROS2swarm/src/communication_interfaces' with build type 'ament_cmake'
[17.102s] INFO:colcon.colcon_cmake.task.cmake.build:Building CMake package in '/home/user/ROS2swarm/src/communication_interfaces'
[17.132s] INFO:colcon.colcon_core.plugin_system:Skipping extension 'colcon_core.shell.bat': Not used on non-Windows systems
[17.132s] INFO:colcon.colcon_core.shell:Skip shell extension 'powershell' for command environment: Not usable outside of PowerShell
[17.132s] DEBUG:colcon.colcon_core.shell:Skip shell extension 'dsv' for command environment
[17.146s] DEBUG:colcon.colcon_core.shell:Ignoring prefix path '/opt/ros/foxy'
[17.152s] INFO:colcon.colcon_ros.task.ament_python.build:Building ROS package in '/home/user/ROS2swarm/src/launch_gazebo' with build type 'ament_python'
[17.152s] Level 1:colcon.colcon_core.shell:create_environment_hook('launch_gazebo', 'ament_prefix_path')
[17.154s] INFO:colcon.colcon_core.shell:Creating environment hook '/home/user/ROS2swarm/install/launch_gazebo/share/launch_gazebo/hook/ament_prefix_path.ps1'
[17.156s] INFO:colcon.colcon_core.shell:Creating environment descriptor '/home/user/ROS2swarm/install/launch_gazebo/share/launch_gazebo/hook/ament_prefix_path.dsv'
[17.158s] INFO:colcon.colcon_core.shell:Creating environment hook '/home/user/ROS2swarm/install/launch_gazebo/share/launch_gazebo/hook/ament_prefix_path.sh'
[17.160s] INFO:colcon.colcon_core.shell:Skip shell extension 'powershell' for command environment: Not usable outside of PowerShell
[17.160s] DEBUG:colcon.colcon_core.shell:Skip shell extension 'dsv' for command environment
[17.169s] DEBUG:colcon.colcon_core.shell:Ignoring prefix path '/opt/ros/foxy'
[17.235s] INFO:colcon.colcon_ros.task.ament_python.build:Building ROS package in '/home/user/ROS2swarm/src/ros2swarm' with build type 'ament_python'
[17.236s] Level 1:colcon.colcon_core.shell:create_environment_hook('ros2swarm', 'ament_prefix_path')
[17.237s] INFO:colcon.colcon_core.shell:Creating environment hook '/home/user/ROS2swarm/install/ros2swarm/share/ros2swarm/hook/ament_prefix_path.ps1'
[17.238s] INFO:colcon.colcon_core.shell:Creating environment descriptor '/home/user/ROS2swarm/install/ros2swarm/share/ros2swarm/hook/ament_prefix_path.dsv'
[17.239s] INFO:colcon.colcon_core.shell:Creating environment hook '/home/user/ROS2swarm/install/ros2swarm/share/ros2swarm/hook/ament_prefix_path.sh'
[17.240s] INFO:colcon.colcon_core.shell:Skip shell extension 'powershell' for command environment: Not usable outside of PowerShell
[17.241s] DEBUG:colcon.colcon_core.shell:Skip shell extension 'dsv' for command environment
[17.249s] DEBUG:colcon.colcon_core.shell:Ignoring prefix path '/opt/ros/foxy'
[17.264s] DEBUG:colcon.colcon_core.event_handler.log_command:Invoking command in '/home/user/ROS2swarm/build/communication_interfaces': CMAKE_PREFIX_PATH=${CMAKE_PREFIX_PATH}:/home/user/turtlebot3_ws/install/turtlebot3_teleop:/home/user/turtlebot3_ws/install/turtlebot3_example:/home/user/ROS2swarm/install/thymio_driver:/home/user/ROS2swarm/install/ros2swarm:/home/user/ROS2swarm/install/launch_gazebo:/home/user/install/turtlebot3_teleop:/home/user/install/ros2swarm:/home/user/install/launch_gazebo:/opt/ros/foxy _=/usr/bin/env /usr/bin/cmake --build /home/user/ROS2swarm/build/communication_interfaces -- -j8 -l8
[17.986s] INFO:colcon.colcon_core.task.python.build:Building Python package in '/home/user/ROS2swarm/src/launch_gazebo'
[17.988s] INFO:colcon.colcon_core.shell:Skip shell extension 'powershell' for command environment: Not usable outside of PowerShell
[17.988s] DEBUG:colcon.colcon_core.shell:Skip shell extension 'dsv' for command environment
[17.995s] DEBUG:colcon.colcon_core.shell:Ignoring prefix path '/opt/ros/foxy'
[18.500s] INFO:colcon.colcon_core.task.python.build:Building Python package in '/home/user/ROS2swarm/src/ros2swarm'
[18.502s] INFO:colcon.colcon_core.shell:Skip shell extension 'powershell' for command environment: Not usable outside of PowerShell
[18.502s] DEBUG:colcon.colcon_core.shell:Skip shell extension 'dsv' for command environment
[18.509s] DEBUG:colcon.colcon_core.shell:Ignoring prefix path '/opt/ros/foxy'
[18.526s] DEBUG:colcon.colcon_core.event_handler.log_command:Invoking command in '/home/user/ROS2swarm/build/launch_gazebo': PYTHONPATH=/home/user/ROS2swarm/install/launch_gazebo/lib/python3.8/site-packages:${PYTHONPATH} _=/usr/bin/env /usr/bin/python3 setup.py develop --prefix /home/user/ROS2swarm/install/launch_gazebo --editable --build-directory /home/user/ROS2swarm/build/launch_gazebo/build --no-deps install_data --install-dir /home/user/ROS2swarm/install/launch_gazebo
[18.597s] DEBUG:colcon.colcon_core.event_handler.log_command:Invoking command in '/home/user/ROS2swarm/build/ros2swarm': PYTHONPATH=/home/user/ROS2swarm/install/ros2swarm/lib/python3.8/site-packages:${PYTHONPATH} _=/usr/bin/env /usr/bin/python3 setup.py develop --prefix /home/user/ROS2swarm/install/ros2swarm --editable --build-directory /home/user/ROS2swarm/build/ros2swarm/build --no-deps install_data --install-dir /home/user/ROS2swarm/install/ros2swarm
[20.806s] Level 1:colcon.colcon_core.shell:create_environment_hook('launch_gazebo', 'pythonpath_develop')
[20.808s] INFO:colcon.colcon_core.shell:Creating environment hook '/home/user/ROS2swarm/build/launch_gazebo/share/launch_gazebo/hook/pythonpath_develop.ps1'
[20.809s] DEBUG:colcon.colcon_core.event_handler.log_command:Invoked command in '/home/user/ROS2swarm/build/launch_gazebo' returned '0': PYTHONPATH=/home/user/ROS2swarm/install/launch_gazebo/lib/python3.8/site-packages:${PYTHONPATH} _=/usr/bin/env /usr/bin/python3 setup.py develop --prefix /home/user/ROS2swarm/install/launch_gazebo --editable --build-directory /home/user/ROS2swarm/build/launch_gazebo/build --no-deps install_data --install-dir /home/user/ROS2swarm/install/launch_gazebo
[20.809s] INFO:colcon.colcon_core.shell:Creating environment descriptor '/home/user/ROS2swarm/build/launch_gazebo/share/launch_gazebo/hook/pythonpath_develop.dsv'
[20.810s] INFO:colcon.colcon_core.shell:Creating environment hook '/home/user/ROS2swarm/build/launch_gazebo/share/launch_gazebo/hook/pythonpath_develop.sh'
[20.823s] Level 1:colcon.colcon_core.environment:checking '/home/user/ROS2swarm/install/launch_gazebo' for CMake module files
[20.824s] Level 1:colcon.colcon_core.environment:checking '/home/user/ROS2swarm/install/launch_gazebo' for CMake config files
[20.825s] Level 1:colcon.colcon_core.environment:checking '/home/user/ROS2swarm/install/launch_gazebo/lib'
[20.825s] Level 1:colcon.colcon_core.environment:checking '/home/user/ROS2swarm/install/launch_gazebo/bin'
[20.825s] Level 1:colcon.colcon_core.environment:checking '/home/user/ROS2swarm/install/launch_gazebo/lib/pkgconfig/launch_gazebo.pc'
[20.825s] Level 1:colcon.colcon_core.environment:checking '/home/user/ROS2swarm/install/launch_gazebo/lib/python3.8/site-packages'
[20.826s] Level 1:colcon.colcon_core.shell:create_environment_hook('launch_gazebo', 'pythonpath')
[20.827s] INFO:colcon.colcon_core.shell:Creating environment hook '/home/user/ROS2swarm/install/launch_gazebo/share/launch_gazebo/hook/pythonpath.ps1'
[20.827s] INFO:colcon.colcon_core.shell:Creating environment descriptor '/home/user/ROS2swarm/install/launch_gazebo/share/launch_gazebo/hook/pythonpath.dsv'
[20.828s] INFO:colcon.colcon_core.shell:Creating environment hook '/home/user/ROS2swarm/install/launch_gazebo/share/launch_gazebo/hook/pythonpath.sh'
[20.828s] Level 1:colcon.colcon_core.environment:create_environment_scripts_only(launch_gazebo)
[20.829s] INFO:colcon.colcon_core.shell:Creating package script '/home/user/ROS2swarm/install/launch_gazebo/share/launch_gazebo/package.ps1'
[20.831s] INFO:colcon.colcon_core.shell:Creating package descriptor '/home/user/ROS2swarm/install/launch_gazebo/share/launch_gazebo/package.dsv'
[20.833s] INFO:colcon.colcon_core.shell:Creating package script '/home/user/ROS2swarm/install/launch_gazebo/share/launch_gazebo/package.sh'
[20.834s] INFO:colcon.colcon_core.shell:Creating package script '/home/user/ROS2swarm/install/launch_gazebo/share/launch_gazebo/package.bash'
[20.836s] INFO:colcon.colcon_core.shell:Creating package script '/home/user/ROS2swarm/install/launch_gazebo/share/launch_gazebo/package.zsh'
[20.838s] Level 1:colcon.colcon_core.environment:create_file_with_runtime_dependencies(/home/user/ROS2swarm/install/launch_gazebo/share/colcon-core/packages/launch_gazebo)
[20.840s] DEBUG:colcon.colcon_core.event_handler.log_command:Invoked command in '/home/user/ROS2swarm/build/ros2swarm' returned '1': PYTHONPATH=/home/user/ROS2swarm/install/ros2swarm/lib/python3.8/site-packages:${PYTHONPATH} _=/usr/bin/env /usr/bin/python3 setup.py develop --prefix /home/user/ROS2swarm/install/ros2swarm --editable --build-directory /home/user/ROS2swarm/build/ros2swarm/build --no-deps install_data --install-dir /home/user/ROS2swarm/install/ros2swarm
[22.502s] DEBUG:colcon.colcon_parallel_executor.executor.parallel:closing loop
[22.503s] DEBUG:colcon.colcon_parallel_executor.executor.parallel:loop closed
[22.503s] DEBUG:colcon.colcon_parallel_executor.executor.parallel:run_until_complete finished with '1'
[22.503s] DEBUG:colcon.colcon_core.event_reactor:joining thread
[23.030s] INFO:colcon.colcon_core.plugin_system:Skipping extension 'colcon_notification.desktop_notification.notify_send': Could not find 'notify-send'
[23.030s] INFO:colcon.colcon_core.plugin_system:Skipping extension 'colcon_notification.desktop_notification.terminal_notifier': Not used on non-Darwin systems
[23.030s] INFO:colcon.colcon_core.plugin_system:Skipping extension 'colcon_notification.desktop_notification.win32': Not used on non-Windows systems
[23.030s] INFO:colcon.colcon_notification.desktop_notification:Sending desktop notification using 'notify2'
[24.019s] DEBUG:colcon.colcon_notification.desktop_notification.notify2:Failed to initialize notify2: org.freedesktop.DBus.Error.ServiceUnknown: The name org.freedesktop.Notifications was not provided by any .service files
[24.019s] DEBUG:colcon.colcon_core.event_reactor:joined thread
[24.021s] INFO:colcon.colcon_core.shell:Creating prefix script '/home/user/ROS2swarm/install/local_setup.ps1'
[24.023s] INFO:colcon.colcon_core.shell:Creating prefix util module '/home/user/ROS2swarm/install/_local_setup_util_ps1.py'
[24.025s] INFO:colcon.colcon_core.shell:Creating prefix chain script '/home/user/ROS2swarm/install/setup.ps1'
[24.031s] INFO:colcon.colcon_core.shell:Creating prefix script '/home/user/ROS2swarm/install/local_setup.sh'
[24.032s] INFO:colcon.colcon_core.shell:Creating prefix util module '/home/user/ROS2swarm/install/_local_setup_util_sh.py'
[24.033s] INFO:colcon.colcon_core.shell:Creating prefix chain script '/home/user/ROS2swarm/install/setup.sh'
[24.040s] INFO:colcon.colcon_core.shell:Creating prefix script '/home/user/ROS2swarm/install/local_setup.bash'
[24.041s] INFO:colcon.colcon_core.shell:Creating prefix chain script '/home/user/ROS2swarm/install/setup.bash'
[24.047s] INFO:colcon.colcon_core.shell:Creating prefix script '/home/user/ROS2swarm/install/local_setup.zsh'
[24.048s] INFO:colcon.colcon_core.shell:Creating prefix chain script '/home/user/ROS2swarm/install/setup.zsh'
