[0.731s] Invoking command in '/home/user/ROS2swarm/build/thymio_driver': AMENT_PREFIX_PATH=/home/user/ROS2swarm/install/thymio_msgs:${AMENT_PREFIX_PATH} CMAKE_PREFIX_PATH=/home/user/ROS2swarm/install/thymio_msgs:/home/user/turtlebot3_ws/install/turtlebot3:/home/user/turtlebot3_ws/install/turtlebot3_simulations:/home/user/turtlebot3_ws/install/turtlebot3_bringup:/home/user/turtlebot3_ws/install/turtlebot3_node:/home/user/turtlebot3_ws/install/turtlebot3_navigation2:/home/user/turtlebot3_ws/install/turtlebot3_fake_node:/home/user/turtlebot3_ws/install/turtlebot3_msgs:/home/user/turtlebot3_ws/install/turtlebot3_gazebo:/home/user/turtlebot3_ws/install/turtlebot3_description:/home/user/turtlebot3_ws/install/turtlebot3_cartographer:/home/user/ROS2swarm/install/thymio_description:/home/user/ROS2swarm/install/communication_interfaces:/home/user/install/turtlebot3_navigation2:/home/user/install/turtlebot3_description:/home/user/install/turtlebot3_cartographer:/home/user/install/communication_interfaces:/home/simulations/ros2_sims_ws/install/ros1_bridge LD_LIBRARY_PATH=/home/user/ROS2swarm/install/thymio_msgs/lib:/home/user/turtlebot3_ws/install/turtlebot3_msgs/lib:/home/user/ROS2swarm/install/communication_interfaces/lib:/home/user/install/communication_interfaces/lib:/usr/local/cuda-10.2/lib64:/home/user/.catkin_ws_python3/src/TensorRT-7.0.0.11/lib:/home/simulations/ros2_sims_ws/install/ros1_bridge/lib:/opt/ros/foxy/opt/yaml_cpp_vendor/lib:/opt/ros/foxy/opt/rviz_ogre_vendor/lib:/opt/ros/foxy/lib/x86_64-linux-gnu:/opt/ros/foxy/lib:/usr/local/cuda-10.2/lib64:/home/user/.catkin_ws_python3/src/TensorRT-7.0.0.11/lib:/usr/local/nvidia/lib:/usr/local/nvidia/lib64:/usr/lib/x86_64-linux-gnu/gazebo-11/plugins:/usr/lib/x86_64-linux-gnu/gazebo-11/plugins PYTHONPATH=/home/user/ROS2swarm/install/thymio_driver/lib/python3.8/site-packages:/home/user/ROS2swarm/install/thymio_msgs/lib/python3.8/site-packages:/home/user/turtlebot3_ws/build/turtlebot3_teleop:/home/user/turtlebot3_ws/install/turtlebot3_teleop/lib/python3.8/site-packages:/home/user/turtlebot3_ws/build/turtlebot3_example:/home/user/turtlebot3_ws/install/turtlebot3_example/lib/python3.8/site-packages:/home/user/turtlebot3_ws/install/turtlebot3_msgs/lib/python3.8/site-packages:/home/user/ROS2swarm/build/thymio_driver:/home/user/ROS2swarm/install/thymio_driver/lib/python3.8/site-packages:/home/user/ROS2swarm/build/ros2swarm:/home/user/ROS2swarm/install/ros2swarm/lib/python3.8/site-packages:/home/user/ROS2swarm/build/launch_gazebo:/home/user/ROS2swarm/install/launch_gazebo/lib/python3.8/site-packages:/home/user/ROS2swarm/install/communication_interfaces/lib/python3.8/site-packages:/home/user/install/turtlebot3_teleop/lib/python3.8/site-packages:/home/user/build/ros2swarm:/home/user/install/ros2swarm/lib/python3.8/site-packages:/home/user/build/launch_gazebo:/home/user/install/launch_gazebo/lib/python3.8/site-packages:/home/user/install/communication_interfaces/lib/python3.8/site-packages:/home/simulations/ros2_sims_ws/install/ros1_bridge/lib/python3.8/site-packages:/opt/ros/foxy/lib/python3.8/site-packages _=/usr/bin/env /usr/bin/python3 setup.py develop --prefix /home/user/ROS2swarm/install/thymio_driver --editable --build-directory /home/user/ROS2swarm/build/thymio_driver/build --no-deps install_data --install-dir /home/user/ROS2swarm/install/thymio_driver
[1.380s] running develop
[1.785s] running egg_info
[1.785s] creating thymio_driver.egg-info
[1.786s] writing thymio_driver.egg-info/PKG-INFO
[1.786s] writing dependency_links to thymio_driver.egg-info/dependency_links.txt
[1.786s] writing entry points to thymio_driver.egg-info/entry_points.txt
[1.787s] writing requirements to thymio_driver.egg-info/requires.txt
[1.787s] writing top-level names to thymio_driver.egg-info/top_level.txt
[1.789s] writing manifest file 'thymio_driver.egg-info/SOURCES.txt'
[1.853s] reading manifest file 'thymio_driver.egg-info/SOURCES.txt'
[1.854s] writing manifest file 'thymio_driver.egg-info/SOURCES.txt'
[1.944s] running build_ext
[1.944s] Creating /home/user/ROS2swarm/install/thymio_driver/lib/python3.8/site-packages/thymio-driver.egg-link (link to .)
[1.946s] Installing calibrate_motors script to /home/user/ROS2swarm/install/thymio_driver/lib/thymio_driver
[1.946s] Installing follow_square script to /home/user/ROS2swarm/install/thymio_driver/lib/thymio_driver
[1.946s] Installing multi_thymio_driver script to /home/user/ROS2swarm/install/thymio_driver/lib/thymio_driver
[1.946s] Installing thymio_driver script to /home/user/ROS2swarm/install/thymio_driver/lib/thymio_driver
[1.947s] 
[1.947s] Installed /home/user/ROS2swarm/build/thymio_driver
[1.947s] running install_data
[1.948s] creating /home/user/ROS2swarm/install/thymio_driver/share/ament_index
[1.948s] creating /home/user/ROS2swarm/install/thymio_driver/share/ament_index/resource_index
[1.948s] creating /home/user/ROS2swarm/install/thymio_driver/share/ament_index/resource_index/packages
[1.949s] copying resource/thymio_driver -> /home/user/ROS2swarm/install/thymio_driver/share/ament_index/resource_index/packages
[1.949s] copying package.xml -> /home/user/ROS2swarm/install/thymio_driver/share/thymio_driver
[1.949s] creating /home/user/ROS2swarm/install/thymio_driver/share/thymio_driver/aseba
[1.949s] copying aseba/thymio_ros_sim.aesl -> /home/user/ROS2swarm/install/thymio_driver/share/thymio_driver/aseba
[1.951s] copying aseba/multi_thymio_ros.aesl -> /home/user/ROS2swarm/install/thymio_driver/share/thymio_driver/aseba
[1.951s] copying aseba/multi_thymio_ros_sim.aesl -> /home/user/ROS2swarm/install/thymio_driver/share/thymio_driver/aseba
[1.951s] copying aseba/thymio_ros.aesl -> /home/user/ROS2swarm/install/thymio_driver/share/thymio_driver/aseba
[1.951s] creating /home/user/ROS2swarm/install/thymio_driver/share/thymio_driver/launch
[1.951s] copying launch/main.launch -> /home/user/ROS2swarm/install/thymio_driver/share/thymio_driver/launch
[1.951s] copying launch/asebaros.launch -> /home/user/ROS2swarm/install/thymio_driver/share/thymio_driver/launch
[1.952s] creating /home/user/ROS2swarm/install/thymio_driver/share/thymio_driver/calibration
[1.996s] Invoked command in '/home/user/ROS2swarm/build/thymio_driver' returned '0': AMENT_PREFIX_PATH=/home/user/ROS2swarm/install/thymio_msgs:${AMENT_PREFIX_PATH} CMAKE_PREFIX_PATH=/home/user/ROS2swarm/install/thymio_msgs:/home/user/turtlebot3_ws/install/turtlebot3:/home/user/turtlebot3_ws/install/turtlebot3_simulations:/home/user/turtlebot3_ws/install/turtlebot3_bringup:/home/user/turtlebot3_ws/install/turtlebot3_node:/home/user/turtlebot3_ws/install/turtlebot3_navigation2:/home/user/turtlebot3_ws/install/turtlebot3_fake_node:/home/user/turtlebot3_ws/install/turtlebot3_msgs:/home/user/turtlebot3_ws/install/turtlebot3_gazebo:/home/user/turtlebot3_ws/install/turtlebot3_description:/home/user/turtlebot3_ws/install/turtlebot3_cartographer:/home/user/ROS2swarm/install/thymio_description:/home/user/ROS2swarm/install/communication_interfaces:/home/user/install/turtlebot3_navigation2:/home/user/install/turtlebot3_description:/home/user/install/turtlebot3_cartographer:/home/user/install/communication_interfaces:/home/simulations/ros2_sims_ws/install/ros1_bridge LD_LIBRARY_PATH=/home/user/ROS2swarm/install/thymio_msgs/lib:/home/user/turtlebot3_ws/install/turtlebot3_msgs/lib:/home/user/ROS2swarm/install/communication_interfaces/lib:/home/user/install/communication_interfaces/lib:/usr/local/cuda-10.2/lib64:/home/user/.catkin_ws_python3/src/TensorRT-7.0.0.11/lib:/home/simulations/ros2_sims_ws/install/ros1_bridge/lib:/opt/ros/foxy/opt/yaml_cpp_vendor/lib:/opt/ros/foxy/opt/rviz_ogre_vendor/lib:/opt/ros/foxy/lib/x86_64-linux-gnu:/opt/ros/foxy/lib:/usr/local/cuda-10.2/lib64:/home/user/.catkin_ws_python3/src/TensorRT-7.0.0.11/lib:/usr/local/nvidia/lib:/usr/local/nvidia/lib64:/usr/lib/x86_64-linux-gnu/gazebo-11/plugins:/usr/lib/x86_64-linux-gnu/gazebo-11/plugins PYTHONPATH=/home/user/ROS2swarm/install/thymio_driver/lib/python3.8/site-packages:/home/user/ROS2swarm/install/thymio_msgs/lib/python3.8/site-packages:/home/user/turtlebot3_ws/build/turtlebot3_teleop:/home/user/turtlebot3_ws/install/turtlebot3_teleop/lib/python3.8/site-packages:/home/user/turtlebot3_ws/build/turtlebot3_example:/home/user/turtlebot3_ws/install/turtlebot3_example/lib/python3.8/site-packages:/home/user/turtlebot3_ws/install/turtlebot3_msgs/lib/python3.8/site-packages:/home/user/ROS2swarm/build/thymio_driver:/home/user/ROS2swarm/install/thymio_driver/lib/python3.8/site-packages:/home/user/ROS2swarm/build/ros2swarm:/home/user/ROS2swarm/install/ros2swarm/lib/python3.8/site-packages:/home/user/ROS2swarm/build/launch_gazebo:/home/user/ROS2swarm/install/launch_gazebo/lib/python3.8/site-packages:/home/user/ROS2swarm/install/communication_interfaces/lib/python3.8/site-packages:/home/user/install/turtlebot3_teleop/lib/python3.8/site-packages:/home/user/build/ros2swarm:/home/user/install/ros2swarm/lib/python3.8/site-packages:/home/user/build/launch_gazebo:/home/user/install/launch_gazebo/lib/python3.8/site-packages:/home/user/install/communication_interfaces/lib/python3.8/site-packages:/home/simulations/ros2_sims_ws/install/ros1_bridge/lib/python3.8/site-packages:/opt/ros/foxy/lib/python3.8/site-packages _=/usr/bin/env /usr/bin/python3 setup.py develop --prefix /home/user/ROS2swarm/install/thymio_driver --editable --build-directory /home/user/ROS2swarm/build/thymio_driver/build --no-deps install_data --install-dir /home/user/ROS2swarm/install/thymio_driver
