[0.679s] DEBUG:colcon:Command line arguments: ['/usr/bin/colcon', 'build', '--symlink-install', '--packages-select', 'communication_interfaces', 'launch_gazebo', 'ros2swarm']
[0.679s] DEBUG:colcon:Parsed command line arguments: Namespace(ament_cmake_args=None, base_paths=['.'], build_base='build', catkin_cmake_args=None, catkin_skip_building_tests=False, cmake_args=None, cmake_clean_cache=False, cmake_clean_first=False, cmake_force_configure=False, cmake_target=None, cmake_target_skip_unavailable=False, continue_on_error=False, event_handlers=None, executor='parallel', ignore_user_meta=False, install_base='install', log_base=None, log_level=None, main=<bound method BuildVerb.main of <colcon_core.verb.build.BuildVerb object at 0x7f131d78bc70>>, merge_install=False, metas=['./colcon.meta'], packages_above=None, packages_above_and_dependencies=None, packages_above_depth=None, packages_end=None, packages_ignore=None, packages_ignore_regex=None, packages_select=['communication_interfaces', 'launch_gazebo', 'ros2swarm'], packages_select_build_failed=False, packages_select_by_dep=None, packages_select_regex=None, packages_select_test_failures=False, packages_skip=None, packages_skip_build_finished=False, packages_skip_by_dep=None, packages_skip_regex=None, packages_skip_test_passed=False, packages_skip_up_to=None, packages_start=None, packages_up_to=None, packages_up_to_regex=None, parallel_workers=8, paths=None, symlink_install=True, test_result_base=None, verb_extension=<colcon_core.verb.build.BuildVerb object at 0x7f131d78bc70>, verb_name='build', verb_parser=<colcon_defaults.argument_parser.defaults.DefaultArgumentsDecorator object at 0x7f131d79b220>)
[0.691s] Level 1:colcon.colcon_core.package_discovery:discover_packages(colcon_meta) check parameters
[0.692s] Level 1:colcon.colcon_core.package_discovery:discover_packages(recursive) check parameters
[0.692s] Level 1:colcon.colcon_core.package_discovery:discover_packages(ignore) check parameters
[0.692s] Level 1:colcon.colcon_core.package_discovery:discover_packages(path) check parameters
[0.692s] Level 1:colcon.colcon_core.package_discovery:discover_packages(colcon_meta) discover
[0.692s] Level 1:colcon.colcon_core.package_discovery:discover_packages(recursive) discover
[0.692s] INFO:colcon.colcon_core.package_discovery:Crawling recursively for packages in '/home/user/ROS2swarm'
[0.692s] Level 1:colcon.colcon_core.package_identification:_identify(.) by extensions ['ignore', 'ignore_ament_install']
[0.693s] Level 1:colcon.colcon_core.package_identification:_identify(.) by extension 'ignore'
[0.693s] Level 1:colcon.colcon_core.package_identification:_identify(.) by extension 'ignore_ament_install'
[0.693s] Level 1:colcon.colcon_core.package_identification:_identify(.) by extensions ['colcon_pkg']
[0.693s] Level 1:colcon.colcon_core.package_identification:_identify(.) by extension 'colcon_pkg'
[0.693s] Level 1:colcon.colcon_core.package_identification:_identify(.) by extensions ['colcon_meta']
[0.693s] Level 1:colcon.colcon_core.package_identification:_identify(.) by extension 'colcon_meta'
[0.693s] Level 1:colcon.colcon_core.package_identification:_identify(.) by extensions ['ros']
[0.693s] Level 1:colcon.colcon_core.package_identification:_identify(.) by extension 'ros'
[0.713s] Level 1:colcon.colcon_core.package_identification:_identify(.) by extensions ['cmake', 'python']
[0.713s] Level 1:colcon.colcon_core.package_identification:_identify(.) by extension 'cmake'
[0.713s] Level 1:colcon.colcon_core.package_identification:_identify(.) by extension 'python'
[0.713s] Level 1:colcon.colcon_core.package_identification:_identify(.) by extensions ['python_setup_py']
[0.713s] Level 1:colcon.colcon_core.package_identification:_identify(.) by extension 'python_setup_py'
[0.713s] Level 1:colcon.colcon_core.package_identification:_identify(build) by extensions ['ignore', 'ignore_ament_install']
[0.713s] Level 1:colcon.colcon_core.package_identification:_identify(build) by extension 'ignore'
[0.714s] Level 1:colcon.colcon_core.package_identification:_identify(build) ignored
[0.714s] Level 1:colcon.colcon_core.package_identification:_identify(install) by extensions ['ignore', 'ignore_ament_install']
[0.714s] Level 1:colcon.colcon_core.package_identification:_identify(install) by extension 'ignore'
[0.714s] Level 1:colcon.colcon_core.package_identification:_identify(install) ignored
[0.714s] Level 1:colcon.colcon_core.package_identification:_identify(log) by extensions ['ignore', 'ignore_ament_install']
[0.714s] Level 1:colcon.colcon_core.package_identification:_identify(log) by extension 'ignore'
[0.714s] Level 1:colcon.colcon_core.package_identification:_identify(log) ignored
[0.715s] Level 1:colcon.colcon_core.package_identification:_identify(models) by extensions ['ignore', 'ignore_ament_install']
[0.715s] Level 1:colcon.colcon_core.package_identification:_identify(models) by extension 'ignore'
[0.715s] Level 1:colcon.colcon_core.package_identification:_identify(models) by extension 'ignore_ament_install'
[0.715s] Level 1:colcon.colcon_core.package_identification:_identify(models) by extensions ['colcon_pkg']
[0.715s] Level 1:colcon.colcon_core.package_identification:_identify(models) by extension 'colcon_pkg'
[0.715s] Level 1:colcon.colcon_core.package_identification:_identify(models) by extensions ['colcon_meta']
[0.715s] Level 1:colcon.colcon_core.package_identification:_identify(models) by extension 'colcon_meta'
[0.715s] Level 1:colcon.colcon_core.package_identification:_identify(models) by extensions ['ros']
[0.716s] Level 1:colcon.colcon_core.package_identification:_identify(models) by extension 'ros'
[0.716s] Level 1:colcon.colcon_core.package_identification:_identify(models) by extensions ['cmake', 'python']
[0.716s] Level 1:colcon.colcon_core.package_identification:_identify(models) by extension 'cmake'
[0.716s] Level 1:colcon.colcon_core.package_identification:_identify(models) by extension 'python'
[0.716s] Level 1:colcon.colcon_core.package_identification:_identify(models) by extensions ['python_setup_py']
[0.716s] Level 1:colcon.colcon_core.package_identification:_identify(models) by extension 'python_setup_py'
[0.716s] Level 1:colcon.colcon_core.package_identification:_identify(models/turtlebot3_burger_invisible_sensors) by extensions ['ignore', 'ignore_ament_install']
[0.717s] Level 1:colcon.colcon_core.package_identification:_identify(models/turtlebot3_burger_invisible_sensors) by extension 'ignore'
[0.717s] Level 1:colcon.colcon_core.package_identification:_identify(models/turtlebot3_burger_invisible_sensors) by extension 'ignore_ament_install'
[0.717s] Level 1:colcon.colcon_core.package_identification:_identify(models/turtlebot3_burger_invisible_sensors) by extensions ['colcon_pkg']
[0.717s] Level 1:colcon.colcon_core.package_identification:_identify(models/turtlebot3_burger_invisible_sensors) by extension 'colcon_pkg'
[0.717s] Level 1:colcon.colcon_core.package_identification:_identify(models/turtlebot3_burger_invisible_sensors) by extensions ['colcon_meta']
[0.717s] Level 1:colcon.colcon_core.package_identification:_identify(models/turtlebot3_burger_invisible_sensors) by extension 'colcon_meta'
[0.717s] Level 1:colcon.colcon_core.package_identification:_identify(models/turtlebot3_burger_invisible_sensors) by extensions ['ros']
[0.717s] Level 1:colcon.colcon_core.package_identification:_identify(models/turtlebot3_burger_invisible_sensors) by extension 'ros'
[0.717s] Level 1:colcon.colcon_core.package_identification:_identify(models/turtlebot3_burger_invisible_sensors) by extensions ['cmake', 'python']
[0.718s] Level 1:colcon.colcon_core.package_identification:_identify(models/turtlebot3_burger_invisible_sensors) by extension 'cmake'
[0.718s] Level 1:colcon.colcon_core.package_identification:_identify(models/turtlebot3_burger_invisible_sensors) by extension 'python'
[0.718s] Level 1:colcon.colcon_core.package_identification:_identify(models/turtlebot3_burger_invisible_sensors) by extensions ['python_setup_py']
[0.718s] Level 1:colcon.colcon_core.package_identification:_identify(models/turtlebot3_burger_invisible_sensors) by extension 'python_setup_py'
[0.718s] Level 1:colcon.colcon_core.package_identification:_identify(models/turtlebot3_burger_invisible_sensors/meshes) by extensions ['ignore', 'ignore_ament_install']
[0.718s] Level 1:colcon.colcon_core.package_identification:_identify(models/turtlebot3_burger_invisible_sensors/meshes) by extension 'ignore'
[0.718s] Level 1:colcon.colcon_core.package_identification:_identify(models/turtlebot3_burger_invisible_sensors/meshes) by extension 'ignore_ament_install'
[0.718s] Level 1:colcon.colcon_core.package_identification:_identify(models/turtlebot3_burger_invisible_sensors/meshes) by extensions ['colcon_pkg']
[0.719s] Level 1:colcon.colcon_core.package_identification:_identify(models/turtlebot3_burger_invisible_sensors/meshes) by extension 'colcon_pkg'
[0.719s] Level 1:colcon.colcon_core.package_identification:_identify(models/turtlebot3_burger_invisible_sensors/meshes) by extensions ['colcon_meta']
[0.719s] Level 1:colcon.colcon_core.package_identification:_identify(models/turtlebot3_burger_invisible_sensors/meshes) by extension 'colcon_meta'
[0.719s] Level 1:colcon.colcon_core.package_identification:_identify(models/turtlebot3_burger_invisible_sensors/meshes) by extensions ['ros']
[0.719s] Level 1:colcon.colcon_core.package_identification:_identify(models/turtlebot3_burger_invisible_sensors/meshes) by extension 'ros'
[0.719s] Level 1:colcon.colcon_core.package_identification:_identify(models/turtlebot3_burger_invisible_sensors/meshes) by extensions ['cmake', 'python']
[0.719s] Level 1:colcon.colcon_core.package_identification:_identify(models/turtlebot3_burger_invisible_sensors/meshes) by extension 'cmake'
[0.719s] Level 1:colcon.colcon_core.package_identification:_identify(models/turtlebot3_burger_invisible_sensors/meshes) by extension 'python'
[0.719s] Level 1:colcon.colcon_core.package_identification:_identify(models/turtlebot3_burger_invisible_sensors/meshes) by extensions ['python_setup_py']
[0.719s] Level 1:colcon.colcon_core.package_identification:_identify(models/turtlebot3_burger_invisible_sensors/meshes) by extension 'python_setup_py'
[0.720s] Level 1:colcon.colcon_core.package_identification:_identify(models/turtlebot3_waffle_pi_invisible_sensors) by extensions ['ignore', 'ignore_ament_install']
[0.720s] Level 1:colcon.colcon_core.package_identification:_identify(models/turtlebot3_waffle_pi_invisible_sensors) by extension 'ignore'
[0.720s] Level 1:colcon.colcon_core.package_identification:_identify(models/turtlebot3_waffle_pi_invisible_sensors) by extension 'ignore_ament_install'
[0.720s] Level 1:colcon.colcon_core.package_identification:_identify(models/turtlebot3_waffle_pi_invisible_sensors) by extensions ['colcon_pkg']
[0.720s] Level 1:colcon.colcon_core.package_identification:_identify(models/turtlebot3_waffle_pi_invisible_sensors) by extension 'colcon_pkg'
[0.720s] Level 1:colcon.colcon_core.package_identification:_identify(models/turtlebot3_waffle_pi_invisible_sensors) by extensions ['colcon_meta']
[0.720s] Level 1:colcon.colcon_core.package_identification:_identify(models/turtlebot3_waffle_pi_invisible_sensors) by extension 'colcon_meta'
[0.721s] Level 1:colcon.colcon_core.package_identification:_identify(models/turtlebot3_waffle_pi_invisible_sensors) by extensions ['ros']
[0.721s] Level 1:colcon.colcon_core.package_identification:_identify(models/turtlebot3_waffle_pi_invisible_sensors) by extension 'ros'
[0.721s] Level 1:colcon.colcon_core.package_identification:_identify(models/turtlebot3_waffle_pi_invisible_sensors) by extensions ['cmake', 'python']
[0.721s] Level 1:colcon.colcon_core.package_identification:_identify(models/turtlebot3_waffle_pi_invisible_sensors) by extension 'cmake'
[0.721s] Level 1:colcon.colcon_core.package_identification:_identify(models/turtlebot3_waffle_pi_invisible_sensors) by extension 'python'
[0.721s] Level 1:colcon.colcon_core.package_identification:_identify(models/turtlebot3_waffle_pi_invisible_sensors) by extensions ['python_setup_py']
[0.721s] Level 1:colcon.colcon_core.package_identification:_identify(models/turtlebot3_waffle_pi_invisible_sensors) by extension 'python_setup_py'
[0.721s] Level 1:colcon.colcon_core.package_identification:_identify(models/turtlebot3_waffle_pi_invisible_sensors/meshes) by extensions ['ignore', 'ignore_ament_install']
[0.722s] Level 1:colcon.colcon_core.package_identification:_identify(models/turtlebot3_waffle_pi_invisible_sensors/meshes) by extension 'ignore'
[0.722s] Level 1:colcon.colcon_core.package_identification:_identify(models/turtlebot3_waffle_pi_invisible_sensors/meshes) by extension 'ignore_ament_install'
[0.722s] Level 1:colcon.colcon_core.package_identification:_identify(models/turtlebot3_waffle_pi_invisible_sensors/meshes) by extensions ['colcon_pkg']
[0.722s] Level 1:colcon.colcon_core.package_identification:_identify(models/turtlebot3_waffle_pi_invisible_sensors/meshes) by extension 'colcon_pkg'
[0.722s] Level 1:colcon.colcon_core.package_identification:_identify(models/turtlebot3_waffle_pi_invisible_sensors/meshes) by extensions ['colcon_meta']
[0.722s] Level 1:colcon.colcon_core.package_identification:_identify(models/turtlebot3_waffle_pi_invisible_sensors/meshes) by extension 'colcon_meta'
[0.722s] Level 1:colcon.colcon_core.package_identification:_identify(models/turtlebot3_waffle_pi_invisible_sensors/meshes) by extensions ['ros']
[0.722s] Level 1:colcon.colcon_core.package_identification:_identify(models/turtlebot3_waffle_pi_invisible_sensors/meshes) by extension 'ros'
[0.723s] Level 1:colcon.colcon_core.package_identification:_identify(models/turtlebot3_waffle_pi_invisible_sensors/meshes) by extensions ['cmake', 'python']
[0.723s] Level 1:colcon.colcon_core.package_identification:_identify(models/turtlebot3_waffle_pi_invisible_sensors/meshes) by extension 'cmake'
[0.723s] Level 1:colcon.colcon_core.package_identification:_identify(models/turtlebot3_waffle_pi_invisible_sensors/meshes) by extension 'python'
[0.723s] Level 1:colcon.colcon_core.package_identification:_identify(models/turtlebot3_waffle_pi_invisible_sensors/meshes) by extensions ['python_setup_py']
[0.723s] Level 1:colcon.colcon_core.package_identification:_identify(models/turtlebot3_waffle_pi_invisible_sensors/meshes) by extension 'python_setup_py'
[0.723s] Level 1:colcon.colcon_core.package_identification:_identify(models/turtlebot3_waffle_pi_led) by extensions ['ignore', 'ignore_ament_install']
[0.723s] Level 1:colcon.colcon_core.package_identification:_identify(models/turtlebot3_waffle_pi_led) by extension 'ignore'
[0.723s] Level 1:colcon.colcon_core.package_identification:_identify(models/turtlebot3_waffle_pi_led) by extension 'ignore_ament_install'
[0.724s] Level 1:colcon.colcon_core.package_identification:_identify(models/turtlebot3_waffle_pi_led) by extensions ['colcon_pkg']
[0.724s] Level 1:colcon.colcon_core.package_identification:_identify(models/turtlebot3_waffle_pi_led) by extension 'colcon_pkg'
[0.724s] Level 1:colcon.colcon_core.package_identification:_identify(models/turtlebot3_waffle_pi_led) by extensions ['colcon_meta']
[0.724s] Level 1:colcon.colcon_core.package_identification:_identify(models/turtlebot3_waffle_pi_led) by extension 'colcon_meta'
[0.724s] Level 1:colcon.colcon_core.package_identification:_identify(models/turtlebot3_waffle_pi_led) by extensions ['ros']
[0.724s] Level 1:colcon.colcon_core.package_identification:_identify(models/turtlebot3_waffle_pi_led) by extension 'ros'
[0.724s] Level 1:colcon.colcon_core.package_identification:_identify(models/turtlebot3_waffle_pi_led) by extensions ['cmake', 'python']
[0.724s] Level 1:colcon.colcon_core.package_identification:_identify(models/turtlebot3_waffle_pi_led) by extension 'cmake'
[0.724s] Level 1:colcon.colcon_core.package_identification:_identify(models/turtlebot3_waffle_pi_led) by extension 'python'
[0.725s] Level 1:colcon.colcon_core.package_identification:_identify(models/turtlebot3_waffle_pi_led) by extensions ['python_setup_py']
[0.725s] Level 1:colcon.colcon_core.package_identification:_identify(models/turtlebot3_waffle_pi_led) by extension 'python_setup_py'
[0.725s] Level 1:colcon.colcon_core.package_identification:_identify(models/turtlebot3_waffle_pi_led/meshes) by extensions ['ignore', 'ignore_ament_install']
[0.725s] Level 1:colcon.colcon_core.package_identification:_identify(models/turtlebot3_waffle_pi_led/meshes) by extension 'ignore'
[0.725s] Level 1:colcon.colcon_core.package_identification:_identify(models/turtlebot3_waffle_pi_led/meshes) by extension 'ignore_ament_install'
[0.725s] Level 1:colcon.colcon_core.package_identification:_identify(models/turtlebot3_waffle_pi_led/meshes) by extensions ['colcon_pkg']
[0.725s] Level 1:colcon.colcon_core.package_identification:_identify(models/turtlebot3_waffle_pi_led/meshes) by extension 'colcon_pkg'
[0.726s] Level 1:colcon.colcon_core.package_identification:_identify(models/turtlebot3_waffle_pi_led/meshes) by extensions ['colcon_meta']
[0.726s] Level 1:colcon.colcon_core.package_identification:_identify(models/turtlebot3_waffle_pi_led/meshes) by extension 'colcon_meta'
[0.726s] Level 1:colcon.colcon_core.package_identification:_identify(models/turtlebot3_waffle_pi_led/meshes) by extensions ['ros']
[0.726s] Level 1:colcon.colcon_core.package_identification:_identify(models/turtlebot3_waffle_pi_led/meshes) by extension 'ros'
[0.726s] Level 1:colcon.colcon_core.package_identification:_identify(models/turtlebot3_waffle_pi_led/meshes) by extensions ['cmake', 'python']
[0.726s] Level 1:colcon.colcon_core.package_identification:_identify(models/turtlebot3_waffle_pi_led/meshes) by extension 'cmake'
[0.726s] Level 1:colcon.colcon_core.package_identification:_identify(models/turtlebot3_waffle_pi_led/meshes) by extension 'python'
[0.726s] Level 1:colcon.colcon_core.package_identification:_identify(models/turtlebot3_waffle_pi_led/meshes) by extensions ['python_setup_py']
[0.726s] Level 1:colcon.colcon_core.package_identification:_identify(models/turtlebot3_waffle_pi_led/meshes) by extension 'python_setup_py'
[0.727s] Level 1:colcon.colcon_core.package_identification:_identify(scripts) by extensions ['ignore', 'ignore_ament_install']
[0.727s] Level 1:colcon.colcon_core.package_identification:_identify(scripts) by extension 'ignore'
[0.727s] Level 1:colcon.colcon_core.package_identification:_identify(scripts) by extension 'ignore_ament_install'
[0.727s] Level 1:colcon.colcon_core.package_identification:_identify(scripts) by extensions ['colcon_pkg']
[0.727s] Level 1:colcon.colcon_core.package_identification:_identify(scripts) by extension 'colcon_pkg'
[0.727s] Level 1:colcon.colcon_core.package_identification:_identify(scripts) by extensions ['colcon_meta']
[0.727s] Level 1:colcon.colcon_core.package_identification:_identify(scripts) by extension 'colcon_meta'
[0.727s] Level 1:colcon.colcon_core.package_identification:_identify(scripts) by extensions ['ros']
[0.727s] Level 1:colcon.colcon_core.package_identification:_identify(scripts) by extension 'ros'
[0.728s] Level 1:colcon.colcon_core.package_identification:_identify(scripts) by extensions ['cmake', 'python']
[0.728s] Level 1:colcon.colcon_core.package_identification:_identify(scripts) by extension 'cmake'
[0.728s] Level 1:colcon.colcon_core.package_identification:_identify(scripts) by extension 'python'
[0.728s] Level 1:colcon.colcon_core.package_identification:_identify(scripts) by extensions ['python_setup_py']
[0.728s] Level 1:colcon.colcon_core.package_identification:_identify(scripts) by extension 'python_setup_py'
[0.728s] Level 1:colcon.colcon_core.package_identification:_identify(src) by extensions ['ignore', 'ignore_ament_install']
[0.728s] Level 1:colcon.colcon_core.package_identification:_identify(src) by extension 'ignore'
[0.729s] Level 1:colcon.colcon_core.package_identification:_identify(src) by extension 'ignore_ament_install'
[0.729s] Level 1:colcon.colcon_core.package_identification:_identify(src) by extensions ['colcon_pkg']
[0.729s] Level 1:colcon.colcon_core.package_identification:_identify(src) by extension 'colcon_pkg'
[0.729s] Level 1:colcon.colcon_core.package_identification:_identify(src) by extensions ['colcon_meta']
[0.729s] Level 1:colcon.colcon_core.package_identification:_identify(src) by extension 'colcon_meta'
[0.729s] Level 1:colcon.colcon_core.package_identification:_identify(src) by extensions ['ros']
[0.729s] Level 1:colcon.colcon_core.package_identification:_identify(src) by extension 'ros'
[0.729s] Level 1:colcon.colcon_core.package_identification:_identify(src) by extensions ['cmake', 'python']
[0.729s] Level 1:colcon.colcon_core.package_identification:_identify(src) by extension 'cmake'
[0.730s] Level 1:colcon.colcon_core.package_identification:_identify(src) by extension 'python'
[0.730s] Level 1:colcon.colcon_core.package_identification:_identify(src) by extensions ['python_setup_py']
[0.730s] Level 1:colcon.colcon_core.package_identification:_identify(src) by extension 'python_setup_py'
[0.730s] Level 1:colcon.colcon_core.package_identification:_identify(src/communication_interfaces) by extensions ['ignore', 'ignore_ament_install']
[0.730s] Level 1:colcon.colcon_core.package_identification:_identify(src/communication_interfaces) by extension 'ignore'
[0.730s] Level 1:colcon.colcon_core.package_identification:_identify(src/communication_interfaces) by extension 'ignore_ament_install'
[0.730s] Level 1:colcon.colcon_core.package_identification:_identify(src/communication_interfaces) by extensions ['colcon_pkg']
[0.731s] Level 1:colcon.colcon_core.package_identification:_identify(src/communication_interfaces) by extension 'colcon_pkg'
[0.731s] Level 1:colcon.colcon_core.package_identification:_identify(src/communication_interfaces) by extensions ['colcon_meta']
[0.731s] Level 1:colcon.colcon_core.package_identification:_identify(src/communication_interfaces) by extension 'colcon_meta'
[0.731s] Level 1:colcon.colcon_core.package_identification:_identify(src/communication_interfaces) by extensions ['ros']
[0.731s] Level 1:colcon.colcon_core.package_identification:_identify(src/communication_interfaces) by extension 'ros'
[0.736s] DEBUG:colcon.colcon_core.package_identification:Package 'src/communication_interfaces' with type 'ros.ament_cmake' and name 'communication_interfaces'
[0.736s] Level 1:colcon.colcon_core.package_identification:_identify(src/launch_gazebo) by extensions ['ignore', 'ignore_ament_install']
[0.736s] Level 1:colcon.colcon_core.package_identification:_identify(src/launch_gazebo) by extension 'ignore'
[0.736s] Level 1:colcon.colcon_core.package_identification:_identify(src/launch_gazebo) by extension 'ignore_ament_install'
[0.736s] Level 1:colcon.colcon_core.package_identification:_identify(src/launch_gazebo) by extensions ['colcon_pkg']
[0.736s] Level 1:colcon.colcon_core.package_identification:_identify(src/launch_gazebo) by extension 'colcon_pkg'
[0.737s] Level 1:colcon.colcon_core.package_identification:_identify(src/launch_gazebo) by extensions ['colcon_meta']
[0.737s] Level 1:colcon.colcon_core.package_identification:_identify(src/launch_gazebo) by extension 'colcon_meta'
[0.737s] Level 1:colcon.colcon_core.package_identification:_identify(src/launch_gazebo) by extensions ['ros']
[0.737s] Level 1:colcon.colcon_core.package_identification:_identify(src/launch_gazebo) by extension 'ros'
[0.738s] DEBUG:colcon.colcon_core.package_identification:Package 'src/launch_gazebo' with type 'ros.ament_python' and name 'launch_gazebo'
[0.738s] Level 1:colcon.colcon_core.package_identification:_identify(src/ros-thymio) by extensions ['ignore', 'ignore_ament_install']
[0.738s] Level 1:colcon.colcon_core.package_identification:_identify(src/ros-thymio) by extension 'ignore'
[0.738s] Level 1:colcon.colcon_core.package_identification:_identify(src/ros-thymio) by extension 'ignore_ament_install'
[0.738s] Level 1:colcon.colcon_core.package_identification:_identify(src/ros-thymio) by extensions ['colcon_pkg']
[0.739s] Level 1:colcon.colcon_core.package_identification:_identify(src/ros-thymio) by extension 'colcon_pkg'
[0.739s] Level 1:colcon.colcon_core.package_identification:_identify(src/ros-thymio) by extensions ['colcon_meta']
[0.739s] Level 1:colcon.colcon_core.package_identification:_identify(src/ros-thymio) by extension 'colcon_meta'
[0.739s] Level 1:colcon.colcon_core.package_identification:_identify(src/ros-thymio) by extensions ['ros']
[0.739s] Level 1:colcon.colcon_core.package_identification:_identify(src/ros-thymio) by extension 'ros'
[0.739s] Level 1:colcon.colcon_core.package_identification:_identify(src/ros-thymio) by extensions ['cmake', 'python']
[0.739s] Level 1:colcon.colcon_core.package_identification:_identify(src/ros-thymio) by extension 'cmake'
[0.739s] Level 1:colcon.colcon_core.package_identification:_identify(src/ros-thymio) by extension 'python'
[0.739s] Level 1:colcon.colcon_core.package_identification:_identify(src/ros-thymio) by extensions ['python_setup_py']
[0.739s] Level 1:colcon.colcon_core.package_identification:_identify(src/ros-thymio) by extension 'python_setup_py'
[0.740s] Level 1:colcon.colcon_core.package_identification:_identify(src/ros-thymio/docker) by extensions ['ignore', 'ignore_ament_install']
[0.740s] Level 1:colcon.colcon_core.package_identification:_identify(src/ros-thymio/docker) by extension 'ignore'
[0.740s] Level 1:colcon.colcon_core.package_identification:_identify(src/ros-thymio/docker) by extension 'ignore_ament_install'
[0.740s] Level 1:colcon.colcon_core.package_identification:_identify(src/ros-thymio/docker) by extensions ['colcon_pkg']
[0.740s] Level 1:colcon.colcon_core.package_identification:_identify(src/ros-thymio/docker) by extension 'colcon_pkg'
[0.740s] Level 1:colcon.colcon_core.package_identification:_identify(src/ros-thymio/docker) by extensions ['colcon_meta']
[0.740s] Level 1:colcon.colcon_core.package_identification:_identify(src/ros-thymio/docker) by extension 'colcon_meta'
[0.741s] Level 1:colcon.colcon_core.package_identification:_identify(src/ros-thymio/docker) by extensions ['ros']
[0.741s] Level 1:colcon.colcon_core.package_identification:_identify(src/ros-thymio/docker) by extension 'ros'
[0.741s] Level 1:colcon.colcon_core.package_identification:_identify(src/ros-thymio/docker) by extensions ['cmake', 'python']
[0.741s] Level 1:colcon.colcon_core.package_identification:_identify(src/ros-thymio/docker) by extension 'cmake'
[0.741s] Level 1:colcon.colcon_core.package_identification:_identify(src/ros-thymio/docker) by extension 'python'
[0.741s] Level 1:colcon.colcon_core.package_identification:_identify(src/ros-thymio/docker) by extensions ['python_setup_py']
[0.741s] Level 1:colcon.colcon_core.package_identification:_identify(src/ros-thymio/docker) by extension 'python_setup_py'
[0.741s] Level 1:colcon.colcon_core.package_identification:_identify(src/ros-thymio/docker/foxy) by extensions ['ignore', 'ignore_ament_install']
[0.742s] Level 1:colcon.colcon_core.package_identification:_identify(src/ros-thymio/docker/foxy) by extension 'ignore'
[0.742s] Level 1:colcon.colcon_core.package_identification:_identify(src/ros-thymio/docker/foxy) by extension 'ignore_ament_install'
[0.742s] Level 1:colcon.colcon_core.package_identification:_identify(src/ros-thymio/docker/foxy) by extensions ['colcon_pkg']
[0.742s] Level 1:colcon.colcon_core.package_identification:_identify(src/ros-thymio/docker/foxy) by extension 'colcon_pkg'
[0.742s] Level 1:colcon.colcon_core.package_identification:_identify(src/ros-thymio/docker/foxy) by extensions ['colcon_meta']
[0.742s] Level 1:colcon.colcon_core.package_identification:_identify(src/ros-thymio/docker/foxy) by extension 'colcon_meta'
[0.742s] Level 1:colcon.colcon_core.package_identification:_identify(src/ros-thymio/docker/foxy) by extensions ['ros']
[0.742s] Level 1:colcon.colcon_core.package_identification:_identify(src/ros-thymio/docker/foxy) by extension 'ros'
[0.743s] Level 1:colcon.colcon_core.package_identification:_identify(src/ros-thymio/docker/foxy) by extensions ['cmake', 'python']
[0.743s] Level 1:colcon.colcon_core.package_identification:_identify(src/ros-thymio/docker/foxy) by extension 'cmake'
[0.743s] Level 1:colcon.colcon_core.package_identification:_identify(src/ros-thymio/docker/foxy) by extension 'python'
[0.743s] Level 1:colcon.colcon_core.package_identification:_identify(src/ros-thymio/docker/foxy) by extensions ['python_setup_py']
[0.743s] Level 1:colcon.colcon_core.package_identification:_identify(src/ros-thymio/docker/foxy) by extension 'python_setup_py'
[0.743s] Level 1:colcon.colcon_core.package_identification:_identify(src/ros-thymio/docker/galactic) by extensions ['ignore', 'ignore_ament_install']
[0.743s] Level 1:colcon.colcon_core.package_identification:_identify(src/ros-thymio/docker/galactic) by extension 'ignore'
[0.744s] Level 1:colcon.colcon_core.package_identification:_identify(src/ros-thymio/docker/galactic) by extension 'ignore_ament_install'
[0.744s] Level 1:colcon.colcon_core.package_identification:_identify(src/ros-thymio/docker/galactic) by extensions ['colcon_pkg']
[0.744s] Level 1:colcon.colcon_core.package_identification:_identify(src/ros-thymio/docker/galactic) by extension 'colcon_pkg'
[0.744s] Level 1:colcon.colcon_core.package_identification:_identify(src/ros-thymio/docker/galactic) by extensions ['colcon_meta']
[0.744s] Level 1:colcon.colcon_core.package_identification:_identify(src/ros-thymio/docker/galactic) by extension 'colcon_meta'
[0.744s] Level 1:colcon.colcon_core.package_identification:_identify(src/ros-thymio/docker/galactic) by extensions ['ros']
[0.744s] Level 1:colcon.colcon_core.package_identification:_identify(src/ros-thymio/docker/galactic) by extension 'ros'
[0.744s] Level 1:colcon.colcon_core.package_identification:_identify(src/ros-thymio/docker/galactic) by extensions ['cmake', 'python']
[0.744s] Level 1:colcon.colcon_core.package_identification:_identify(src/ros-thymio/docker/galactic) by extension 'cmake'
[0.744s] Level 1:colcon.colcon_core.package_identification:_identify(src/ros-thymio/docker/galactic) by extension 'python'
[0.745s] Level 1:colcon.colcon_core.package_identification:_identify(src/ros-thymio/docker/galactic) by extensions ['python_setup_py']
[0.745s] Level 1:colcon.colcon_core.package_identification:_identify(src/ros-thymio/docker/galactic) by extension 'python_setup_py'
[0.745s] Level 1:colcon.colcon_core.package_identification:_identify(src/ros-thymio/docker/melodic) by extensions ['ignore', 'ignore_ament_install']
[0.745s] Level 1:colcon.colcon_core.package_identification:_identify(src/ros-thymio/docker/melodic) by extension 'ignore'
[0.745s] Level 1:colcon.colcon_core.package_identification:_identify(src/ros-thymio/docker/melodic) by extension 'ignore_ament_install'
[0.745s] Level 1:colcon.colcon_core.package_identification:_identify(src/ros-thymio/docker/melodic) by extensions ['colcon_pkg']
[0.745s] Level 1:colcon.colcon_core.package_identification:_identify(src/ros-thymio/docker/melodic) by extension 'colcon_pkg'
[0.745s] Level 1:colcon.colcon_core.package_identification:_identify(src/ros-thymio/docker/melodic) by extensions ['colcon_meta']
[0.745s] Level 1:colcon.colcon_core.package_identification:_identify(src/ros-thymio/docker/melodic) by extension 'colcon_meta'
[0.746s] Level 1:colcon.colcon_core.package_identification:_identify(src/ros-thymio/docker/melodic) by extensions ['ros']
[0.746s] Level 1:colcon.colcon_core.package_identification:_identify(src/ros-thymio/docker/melodic) by extension 'ros'
[0.746s] Level 1:colcon.colcon_core.package_identification:_identify(src/ros-thymio/docker/melodic) by extensions ['cmake', 'python']
[0.746s] Level 1:colcon.colcon_core.package_identification:_identify(src/ros-thymio/docker/melodic) by extension 'cmake'
[0.746s] Level 1:colcon.colcon_core.package_identification:_identify(src/ros-thymio/docker/melodic) by extension 'python'
[0.746s] Level 1:colcon.colcon_core.package_identification:_identify(src/ros-thymio/docker/melodic) by extensions ['python_setup_py']
[0.746s] Level 1:colcon.colcon_core.package_identification:_identify(src/ros-thymio/docker/melodic) by extension 'python_setup_py'
[0.746s] Level 1:colcon.colcon_core.package_identification:_identify(src/ros-thymio/docker/noetic) by extensions ['ignore', 'ignore_ament_install']
[0.746s] Level 1:colcon.colcon_core.package_identification:_identify(src/ros-thymio/docker/noetic) by extension 'ignore'
[0.746s] Level 1:colcon.colcon_core.package_identification:_identify(src/ros-thymio/docker/noetic) by extension 'ignore_ament_install'
[0.746s] Level 1:colcon.colcon_core.package_identification:_identify(src/ros-thymio/docker/noetic) by extensions ['colcon_pkg']
[0.747s] Level 1:colcon.colcon_core.package_identification:_identify(src/ros-thymio/docker/noetic) by extension 'colcon_pkg'
[0.747s] Level 1:colcon.colcon_core.package_identification:_identify(src/ros-thymio/docker/noetic) by extensions ['colcon_meta']
[0.747s] Level 1:colcon.colcon_core.package_identification:_identify(src/ros-thymio/docker/noetic) by extension 'colcon_meta'
[0.747s] Level 1:colcon.colcon_core.package_identification:_identify(src/ros-thymio/docker/noetic) by extensions ['ros']
[0.747s] Level 1:colcon.colcon_core.package_identification:_identify(src/ros-thymio/docker/noetic) by extension 'ros'
[0.747s] Level 1:colcon.colcon_core.package_identification:_identify(src/ros-thymio/docker/noetic) by extensions ['cmake', 'python']
[0.747s] Level 1:colcon.colcon_core.package_identification:_identify(src/ros-thymio/docker/noetic) by extension 'cmake'
[0.747s] Level 1:colcon.colcon_core.package_identification:_identify(src/ros-thymio/docker/noetic) by extension 'python'
[0.747s] Level 1:colcon.colcon_core.package_identification:_identify(src/ros-thymio/docker/noetic) by extensions ['python_setup_py']
[0.748s] Level 1:colcon.colcon_core.package_identification:_identify(src/ros-thymio/docker/noetic) by extension 'python_setup_py'
[0.748s] Level 1:colcon.colcon_core.package_identification:_identify(src/ros-thymio/thymio_description) by extensions ['ignore', 'ignore_ament_install']
[0.748s] Level 1:colcon.colcon_core.package_identification:_identify(src/ros-thymio/thymio_description) by extension 'ignore'
[0.748s] Level 1:colcon.colcon_core.package_identification:_identify(src/ros-thymio/thymio_description) by extension 'ignore_ament_install'
[0.748s] Level 1:colcon.colcon_core.package_identification:_identify(src/ros-thymio/thymio_description) by extensions ['colcon_pkg']
[0.748s] Level 1:colcon.colcon_core.package_identification:_identify(src/ros-thymio/thymio_description) by extension 'colcon_pkg'
[0.748s] Level 1:colcon.colcon_core.package_identification:_identify(src/ros-thymio/thymio_description) by extensions ['colcon_meta']
[0.748s] Level 1:colcon.colcon_core.package_identification:_identify(src/ros-thymio/thymio_description) by extension 'colcon_meta'
[0.749s] Level 1:colcon.colcon_core.package_identification:_identify(src/ros-thymio/thymio_description) by extensions ['ros']
[0.749s] Level 1:colcon.colcon_core.package_identification:_identify(src/ros-thymio/thymio_description) by extension 'ros'
[0.750s] DEBUG:colcon.colcon_core.package_identification:Package 'src/ros-thymio/thymio_description' with type 'ros.ament_cmake' and name 'thymio_description'
[0.750s] Level 1:colcon.colcon_core.package_identification:_identify(src/ros-thymio/thymio_driver) by extensions ['ignore', 'ignore_ament_install']
[0.750s] Level 1:colcon.colcon_core.package_identification:_identify(src/ros-thymio/thymio_driver) by extension 'ignore'
[0.750s] Level 1:colcon.colcon_core.package_identification:_identify(src/ros-thymio/thymio_driver) by extension 'ignore_ament_install'
[0.750s] Level 1:colcon.colcon_core.package_identification:_identify(src/ros-thymio/thymio_driver) by extensions ['colcon_pkg']
[0.750s] Level 1:colcon.colcon_core.package_identification:_identify(src/ros-thymio/thymio_driver) by extension 'colcon_pkg'
[0.750s] Level 1:colcon.colcon_core.package_identification:_identify(src/ros-thymio/thymio_driver) by extensions ['colcon_meta']
[0.751s] Level 1:colcon.colcon_core.package_identification:_identify(src/ros-thymio/thymio_driver) by extension 'colcon_meta'
[0.751s] Level 1:colcon.colcon_core.package_identification:_identify(src/ros-thymio/thymio_driver) by extensions ['ros']
[0.751s] Level 1:colcon.colcon_core.package_identification:_identify(src/ros-thymio/thymio_driver) by extension 'ros'
[0.752s] DEBUG:colcon.colcon_core.package_identification:Package 'src/ros-thymio/thymio_driver' with type 'ros.ament_python' and name 'thymio_driver'
[0.752s] Level 1:colcon.colcon_core.package_identification:_identify(src/ros-thymio/thymio_msgs) by extensions ['ignore', 'ignore_ament_install']
[0.753s] Level 1:colcon.colcon_core.package_identification:_identify(src/ros-thymio/thymio_msgs) by extension 'ignore'
[0.753s] Level 1:colcon.colcon_core.package_identification:_identify(src/ros-thymio/thymio_msgs) by extension 'ignore_ament_install'
[0.753s] Level 1:colcon.colcon_core.package_identification:_identify(src/ros-thymio/thymio_msgs) by extensions ['colcon_pkg']
[0.753s] Level 1:colcon.colcon_core.package_identification:_identify(src/ros-thymio/thymio_msgs) by extension 'colcon_pkg'
[0.753s] Level 1:colcon.colcon_core.package_identification:_identify(src/ros-thymio/thymio_msgs) by extensions ['colcon_meta']
[0.753s] Level 1:colcon.colcon_core.package_identification:_identify(src/ros-thymio/thymio_msgs) by extension 'colcon_meta'
[0.753s] Level 1:colcon.colcon_core.package_identification:_identify(src/ros-thymio/thymio_msgs) by extensions ['ros']
[0.753s] Level 1:colcon.colcon_core.package_identification:_identify(src/ros-thymio/thymio_msgs) by extension 'ros'
[0.754s] DEBUG:colcon.colcon_core.package_identification:Package 'src/ros-thymio/thymio_msgs' with type 'ros.ament_cmake' and name 'thymio_msgs'
[0.755s] Level 1:colcon.colcon_core.package_identification:_identify(src/ros2swarm) by extensions ['ignore', 'ignore_ament_install']
[0.755s] Level 1:colcon.colcon_core.package_identification:_identify(src/ros2swarm) by extension 'ignore'
[0.755s] Level 1:colcon.colcon_core.package_identification:_identify(src/ros2swarm) by extension 'ignore_ament_install'
[0.755s] Level 1:colcon.colcon_core.package_identification:_identify(src/ros2swarm) by extensions ['colcon_pkg']
[0.755s] Level 1:colcon.colcon_core.package_identification:_identify(src/ros2swarm) by extension 'colcon_pkg'
[0.755s] Level 1:colcon.colcon_core.package_identification:_identify(src/ros2swarm) by extensions ['colcon_meta']
[0.755s] Level 1:colcon.colcon_core.package_identification:_identify(src/ros2swarm) by extension 'colcon_meta'
[0.755s] Level 1:colcon.colcon_core.package_identification:_identify(src/ros2swarm) by extensions ['ros']
[0.756s] Level 1:colcon.colcon_core.package_identification:_identify(src/ros2swarm) by extension 'ros'
[0.756s] DEBUG:colcon.colcon_core.package_identification:Package 'src/ros2swarm' with type 'ros.ament_python' and name 'ros2swarm'
[0.757s] Level 1:colcon.colcon_core.package_discovery:discover_packages(recursive) using defaults
[0.757s] Level 1:colcon.colcon_core.package_discovery:discover_packages(ignore) discover
[0.757s] Level 1:colcon.colcon_core.package_discovery:discover_packages(ignore) using defaults
[0.757s] Level 1:colcon.colcon_core.package_discovery:discover_packages(path) discover
[0.757s] Level 1:colcon.colcon_core.package_discovery:discover_packages(path) using defaults
[0.798s] INFO:colcon.colcon_core.package_selection:Skipping not selected package 'thymio_description' in 'src/ros-thymio/thymio_description'
[0.798s] INFO:colcon.colcon_core.package_selection:Skipping not selected package 'thymio_msgs' in 'src/ros-thymio/thymio_msgs'
[0.798s] INFO:colcon.colcon_core.package_selection:Skipping not selected package 'thymio_driver' in 'src/ros-thymio/thymio_driver'
[0.805s] Level 5:colcon.colcon_core.verb:set package 'communication_interfaces' build argument 'cmake_args' from command line to 'None'
[0.805s] Level 5:colcon.colcon_core.verb:set package 'communication_interfaces' build argument 'cmake_target' from command line to 'None'
[0.805s] Level 5:colcon.colcon_core.verb:set package 'communication_interfaces' build argument 'cmake_target_skip_unavailable' from command line to 'False'
[0.805s] Level 5:colcon.colcon_core.verb:set package 'communication_interfaces' build argument 'cmake_clean_cache' from command line to 'False'
[0.805s] Level 5:colcon.colcon_core.verb:set package 'communication_interfaces' build argument 'cmake_clean_first' from command line to 'False'
[0.806s] Level 5:colcon.colcon_core.verb:set package 'communication_interfaces' build argument 'cmake_force_configure' from command line to 'False'
[0.806s] Level 5:colcon.colcon_core.verb:set package 'communication_interfaces' build argument 'ament_cmake_args' from command line to 'None'
[0.806s] Level 5:colcon.colcon_core.verb:set package 'communication_interfaces' build argument 'catkin_cmake_args' from command line to 'None'
[0.806s] Level 5:colcon.colcon_core.verb:set package 'communication_interfaces' build argument 'catkin_skip_building_tests' from command line to 'False'
[0.806s] DEBUG:colcon.colcon_core.verb:Building package 'communication_interfaces' with the following arguments: {'ament_cmake_args': None, 'build_base': '/home/user/ROS2swarm/build/communication_interfaces', 'catkin_cmake_args': None, 'catkin_skip_building_tests': False, 'cmake_args': None, 'cmake_clean_cache': False, 'cmake_clean_first': False, 'cmake_force_configure': False, 'cmake_target': None, 'cmake_target_skip_unavailable': False, 'install_base': '/home/user/ROS2swarm/install/communication_interfaces', 'merge_install': False, 'path': '/home/user/ROS2swarm/src/communication_interfaces', 'symlink_install': True, 'test_result_base': None}
[0.813s] Level 5:colcon.colcon_core.verb:set package 'launch_gazebo' build argument 'cmake_args' from command line to 'None'
[0.813s] Level 5:colcon.colcon_core.verb:set package 'launch_gazebo' build argument 'cmake_target' from command line to 'None'
[0.813s] Level 5:colcon.colcon_core.verb:set package 'launch_gazebo' build argument 'cmake_target_skip_unavailable' from command line to 'False'
[0.813s] Level 5:colcon.colcon_core.verb:set package 'launch_gazebo' build argument 'cmake_clean_cache' from command line to 'False'
[0.813s] Level 5:colcon.colcon_core.verb:set package 'launch_gazebo' build argument 'cmake_clean_first' from command line to 'False'
[0.813s] Level 5:colcon.colcon_core.verb:set package 'launch_gazebo' build argument 'cmake_force_configure' from command line to 'False'
[0.813s] Level 5:colcon.colcon_core.verb:set package 'launch_gazebo' build argument 'ament_cmake_args' from command line to 'None'
[0.813s] Level 5:colcon.colcon_core.verb:set package 'launch_gazebo' build argument 'catkin_cmake_args' from command line to 'None'
[0.813s] Level 5:colcon.colcon_core.verb:set package 'launch_gazebo' build argument 'catkin_skip_building_tests' from command line to 'False'
[0.814s] DEBUG:colcon.colcon_core.verb:Building package 'launch_gazebo' with the following arguments: {'ament_cmake_args': None, 'build_base': '/home/user/ROS2swarm/build/launch_gazebo', 'catkin_cmake_args': None, 'catkin_skip_building_tests': False, 'cmake_args': None, 'cmake_clean_cache': False, 'cmake_clean_first': False, 'cmake_force_configure': False, 'cmake_target': None, 'cmake_target_skip_unavailable': False, 'install_base': '/home/user/ROS2swarm/install/launch_gazebo', 'merge_install': False, 'path': '/home/user/ROS2swarm/src/launch_gazebo', 'symlink_install': True, 'test_result_base': None}
[0.820s] Level 5:colcon.colcon_core.verb:set package 'ros2swarm' build argument 'cmake_args' from command line to 'None'
[0.820s] Level 5:colcon.colcon_core.verb:set package 'ros2swarm' build argument 'cmake_target' from command line to 'None'
[0.821s] Level 5:colcon.colcon_core.verb:set package 'ros2swarm' build argument 'cmake_target_skip_unavailable' from command line to 'False'
[0.821s] Level 5:colcon.colcon_core.verb:set package 'ros2swarm' build argument 'cmake_clean_cache' from command line to 'False'
[0.821s] Level 5:colcon.colcon_core.verb:set package 'ros2swarm' build argument 'cmake_clean_first' from command line to 'False'
[0.821s] Level 5:colcon.colcon_core.verb:set package 'ros2swarm' build argument 'cmake_force_configure' from command line to 'False'
[0.821s] Level 5:colcon.colcon_core.verb:set package 'ros2swarm' build argument 'ament_cmake_args' from command line to 'None'
[0.821s] Level 5:colcon.colcon_core.verb:set package 'ros2swarm' build argument 'catkin_cmake_args' from command line to 'None'
[0.821s] Level 5:colcon.colcon_core.verb:set package 'ros2swarm' build argument 'catkin_skip_building_tests' from command line to 'False'
[0.821s] DEBUG:colcon.colcon_core.verb:Building package 'ros2swarm' with the following arguments: {'ament_cmake_args': None, 'build_base': '/home/user/ROS2swarm/build/ros2swarm', 'catkin_cmake_args': None, 'catkin_skip_building_tests': False, 'cmake_args': None, 'cmake_clean_cache': False, 'cmake_clean_first': False, 'cmake_force_configure': False, 'cmake_target': None, 'cmake_target_skip_unavailable': False, 'install_base': '/home/user/ROS2swarm/install/ros2swarm', 'merge_install': False, 'path': '/home/user/ROS2swarm/src/ros2swarm', 'symlink_install': True, 'test_result_base': None}
[0.822s] INFO:colcon.colcon_core.executor:Executing jobs using 'parallel' executor
[0.826s] DEBUG:colcon.colcon_parallel_executor.executor.parallel:run_until_complete
[0.827s] INFO:colcon.colcon_ros.task.ament_cmake.build:Building ROS package in '/home/user/ROS2swarm/src/communication_interfaces' with build type 'ament_cmake'
[0.827s] INFO:colcon.colcon_cmake.task.cmake.build:Building CMake package in '/home/user/ROS2swarm/src/communication_interfaces'
[0.837s] INFO:colcon.colcon_core.plugin_system:Skipping extension 'colcon_core.shell.bat': Not used on non-Windows systems
[0.838s] INFO:colcon.colcon_core.shell:Skip shell extension 'powershell' for command environment: Not usable outside of PowerShell
[0.838s] DEBUG:colcon.colcon_core.shell:Skip shell extension 'dsv' for command environment
[0.848s] DEBUG:colcon.colcon_core.shell:Ignoring prefix path '/opt/ros/foxy'
[0.853s] INFO:colcon.colcon_ros.task.ament_python.build:Building ROS package in '/home/user/ROS2swarm/src/launch_gazebo' with build type 'ament_python'
[0.854s] Level 1:colcon.colcon_core.shell:create_environment_hook('launch_gazebo', 'ament_prefix_path')
[0.855s] INFO:colcon.colcon_core.shell:Creating environment hook '/home/user/ROS2swarm/install/launch_gazebo/share/launch_gazebo/hook/ament_prefix_path.ps1'
[0.857s] INFO:colcon.colcon_core.shell:Creating environment descriptor '/home/user/ROS2swarm/install/launch_gazebo/share/launch_gazebo/hook/ament_prefix_path.dsv'
[0.857s] INFO:colcon.colcon_core.shell:Creating environment hook '/home/user/ROS2swarm/install/launch_gazebo/share/launch_gazebo/hook/ament_prefix_path.sh'
[0.862s] INFO:colcon.colcon_core.shell:Skip shell extension 'powershell' for command environment: Not usable outside of PowerShell
[0.862s] DEBUG:colcon.colcon_core.shell:Skip shell extension 'dsv' for command environment
[0.871s] DEBUG:colcon.colcon_core.shell:Ignoring prefix path '/opt/ros/foxy'
[0.878s] INFO:colcon.colcon_ros.task.ament_python.build:Building ROS package in '/home/user/ROS2swarm/src/ros2swarm' with build type 'ament_python'
[0.879s] Level 1:colcon.colcon_core.shell:create_environment_hook('ros2swarm', 'ament_prefix_path')
[0.881s] INFO:colcon.colcon_core.shell:Creating environment hook '/home/user/ROS2swarm/install/ros2swarm/share/ros2swarm/hook/ament_prefix_path.ps1'
[0.882s] INFO:colcon.colcon_core.shell:Creating environment descriptor '/home/user/ROS2swarm/install/ros2swarm/share/ros2swarm/hook/ament_prefix_path.dsv'
[0.883s] INFO:colcon.colcon_core.shell:Creating environment hook '/home/user/ROS2swarm/install/ros2swarm/share/ros2swarm/hook/ament_prefix_path.sh'
[0.885s] INFO:colcon.colcon_core.shell:Skip shell extension 'powershell' for command environment: Not usable outside of PowerShell
[0.885s] DEBUG:colcon.colcon_core.shell:Skip shell extension 'dsv' for command environment
[0.894s] DEBUG:colcon.colcon_core.shell:Ignoring prefix path '/opt/ros/foxy'
[0.906s] DEBUG:colcon.colcon_core.event_handler.log_command:Invoking command in '/home/user/ROS2swarm/build/communication_interfaces': CMAKE_PREFIX_PATH=${CMAKE_PREFIX_PATH}:/home/user/turtlebot3_ws/install/turtlebot3_teleop:/home/user/turtlebot3_ws/install/turtlebot3_example:/home/user/ROS2swarm/install/thymio_driver:/home/user/ROS2swarm/install/ros2swarm:/home/user/ROS2swarm/install/launch_gazebo:/home/user/install/turtlebot3_teleop:/home/user/install/ros2swarm:/home/user/install/launch_gazebo:/opt/ros/foxy _=/usr/bin/env /usr/bin/cmake --build /home/user/ROS2swarm/build/communication_interfaces -- -j8 -l8
[1.563s] INFO:colcon.colcon_core.task.python.build:Building Python package in '/home/user/ROS2swarm/src/launch_gazebo'
[1.565s] INFO:colcon.colcon_core.shell:Skip shell extension 'powershell' for command environment: Not usable outside of PowerShell
[1.565s] DEBUG:colcon.colcon_core.shell:Skip shell extension 'dsv' for command environment
[1.574s] DEBUG:colcon.colcon_core.shell:Ignoring prefix path '/opt/ros/foxy'
[2.298s] INFO:colcon.colcon_core.task.python.build:Building Python package in '/home/user/ROS2swarm/src/ros2swarm'
[2.300s] INFO:colcon.colcon_core.shell:Skip shell extension 'powershell' for command environment: Not usable outside of PowerShell
[2.301s] DEBUG:colcon.colcon_core.shell:Skip shell extension 'dsv' for command environment
[2.310s] DEBUG:colcon.colcon_core.shell:Ignoring prefix path '/opt/ros/foxy'
[2.325s] DEBUG:colcon.colcon_core.event_handler.log_command:Invoking command in '/home/user/ROS2swarm/build/launch_gazebo': PYTHONPATH=/home/user/ROS2swarm/install/launch_gazebo/lib/python3.8/site-packages:${PYTHONPATH} _=/usr/bin/env /usr/bin/python3 setup.py develop --prefix /home/user/ROS2swarm/install/launch_gazebo --editable --build-directory /home/user/ROS2swarm/build/launch_gazebo/build --no-deps install_data --install-dir /home/user/ROS2swarm/install/launch_gazebo
[2.331s] DEBUG:colcon.colcon_core.event_handler.log_command:Invoked command in '/home/user/ROS2swarm/build/communication_interfaces' returned '0': CMAKE_PREFIX_PATH=${CMAKE_PREFIX_PATH}:/home/user/turtlebot3_ws/install/turtlebot3_teleop:/home/user/turtlebot3_ws/install/turtlebot3_example:/home/user/ROS2swarm/install/thymio_driver:/home/user/ROS2swarm/install/ros2swarm:/home/user/ROS2swarm/install/launch_gazebo:/home/user/install/turtlebot3_teleop:/home/user/install/ros2swarm:/home/user/install/launch_gazebo:/opt/ros/foxy _=/usr/bin/env /usr/bin/cmake --build /home/user/ROS2swarm/build/communication_interfaces -- -j8 -l8
[2.341s] DEBUG:colcon.colcon_core.event_handler.log_command:Invoking command in '/home/user/ROS2swarm/build/ros2swarm': PYTHONPATH=/home/user/ROS2swarm/install/ros2swarm/lib/python3.8/site-packages:${PYTHONPATH} _=/usr/bin/env /usr/bin/python3 setup.py develop --prefix /home/user/ROS2swarm/install/ros2swarm --editable --build-directory /home/user/ROS2swarm/build/ros2swarm/build --no-deps install_data --install-dir /home/user/ROS2swarm/install/ros2swarm
[3.571s] DEBUG:colcon.colcon_core.event_handler.log_command:Invoking command in '/home/user/ROS2swarm/build/communication_interfaces': CMAKE_PREFIX_PATH=${CMAKE_PREFIX_PATH}:/home/user/turtlebot3_ws/install/turtlebot3_teleop:/home/user/turtlebot3_ws/install/turtlebot3_example:/home/user/ROS2swarm/install/thymio_driver:/home/user/ROS2swarm/install/ros2swarm:/home/user/ROS2swarm/install/launch_gazebo:/home/user/install/turtlebot3_teleop:/home/user/install/ros2swarm:/home/user/install/launch_gazebo:/opt/ros/foxy _=/usr/bin/env /usr/bin/cmake --install /home/user/ROS2swarm/build/communication_interfaces
[3.914s] Level 1:colcon.colcon_core.environment:create_environment_scripts_only(communication_interfaces)
[3.916s] DEBUG:colcon.colcon_core.event_handler.log_command:Invoked command in '/home/user/ROS2swarm/build/communication_interfaces' returned '0': CMAKE_PREFIX_PATH=${CMAKE_PREFIX_PATH}:/home/user/turtlebot3_ws/install/turtlebot3_teleop:/home/user/turtlebot3_ws/install/turtlebot3_example:/home/user/ROS2swarm/install/thymio_driver:/home/user/ROS2swarm/install/ros2swarm:/home/user/ROS2swarm/install/launch_gazebo:/home/user/install/turtlebot3_teleop:/home/user/install/ros2swarm:/home/user/install/launch_gazebo:/opt/ros/foxy _=/usr/bin/env /usr/bin/cmake --install /home/user/ROS2swarm/build/communication_interfaces
[3.940s] Level 1:colcon.colcon_core.environment:checking '/home/user/ROS2swarm/install/communication_interfaces' for CMake module files
[3.941s] Level 1:colcon.colcon_core.environment:checking '/home/user/ROS2swarm/install/communication_interfaces' for CMake config files
[3.944s] Level 1:colcon.colcon_core.shell:create_environment_hook('communication_interfaces', 'cmake_prefix_path')
[3.946s] INFO:colcon.colcon_core.shell:Creating environment hook '/home/user/ROS2swarm/install/communication_interfaces/share/communication_interfaces/hook/cmake_prefix_path.ps1'
[3.947s] INFO:colcon.colcon_core.shell:Creating environment descriptor '/home/user/ROS2swarm/install/communication_interfaces/share/communication_interfaces/hook/cmake_prefix_path.dsv'
[3.948s] INFO:colcon.colcon_core.shell:Creating environment hook '/home/user/ROS2swarm/install/communication_interfaces/share/communication_interfaces/hook/cmake_prefix_path.sh'
[3.950s] Level 1:colcon.colcon_core.environment:checking '/home/user/ROS2swarm/install/communication_interfaces/lib'
[3.950s] Level 1:colcon.colcon_core.shell:create_environment_hook('communication_interfaces', 'ld_library_path_lib')
[3.951s] INFO:colcon.colcon_core.shell:Creating environment hook '/home/user/ROS2swarm/install/communication_interfaces/share/communication_interfaces/hook/ld_library_path_lib.ps1'
[3.952s] INFO:colcon.colcon_core.shell:Creating environment descriptor '/home/user/ROS2swarm/install/communication_interfaces/share/communication_interfaces/hook/ld_library_path_lib.dsv'
[3.952s] INFO:colcon.colcon_core.shell:Creating environment hook '/home/user/ROS2swarm/install/communication_interfaces/share/communication_interfaces/hook/ld_library_path_lib.sh'
[3.953s] Level 1:colcon.colcon_core.environment:checking '/home/user/ROS2swarm/install/communication_interfaces/bin'
[3.953s] Level 1:colcon.colcon_core.environment:checking '/home/user/ROS2swarm/install/communication_interfaces/lib/pkgconfig/communication_interfaces.pc'
[3.953s] Level 1:colcon.colcon_core.environment:checking '/home/user/ROS2swarm/install/communication_interfaces/lib/python3.8/site-packages'
[3.953s] Level 1:colcon.colcon_core.shell:create_environment_hook('communication_interfaces', 'pythonpath')
[3.954s] INFO:colcon.colcon_core.shell:Creating environment hook '/home/user/ROS2swarm/install/communication_interfaces/share/communication_interfaces/hook/pythonpath.ps1'
[3.955s] INFO:colcon.colcon_core.shell:Creating environment descriptor '/home/user/ROS2swarm/install/communication_interfaces/share/communication_interfaces/hook/pythonpath.dsv'
[3.955s] INFO:colcon.colcon_core.shell:Creating environment hook '/home/user/ROS2swarm/install/communication_interfaces/share/communication_interfaces/hook/pythonpath.sh'
[3.957s] INFO:colcon.colcon_core.shell:Creating package script '/home/user/ROS2swarm/install/communication_interfaces/share/communication_interfaces/package.ps1'
[3.959s] INFO:colcon.colcon_core.shell:Creating package descriptor '/home/user/ROS2swarm/install/communication_interfaces/share/communication_interfaces/package.dsv'
[3.960s] INFO:colcon.colcon_core.shell:Creating package script '/home/user/ROS2swarm/install/communication_interfaces/share/communication_interfaces/package.sh'
[3.962s] INFO:colcon.colcon_core.shell:Creating package script '/home/user/ROS2swarm/install/communication_interfaces/share/communication_interfaces/package.bash'
[3.963s] INFO:colcon.colcon_core.shell:Creating package script '/home/user/ROS2swarm/install/communication_interfaces/share/communication_interfaces/package.zsh'
[3.965s] Level 1:colcon.colcon_core.environment:create_file_with_runtime_dependencies(/home/user/ROS2swarm/install/communication_interfaces/share/colcon-core/packages/communication_interfaces)
[4.083s] Level 1:colcon.colcon_core.shell:create_environment_hook('launch_gazebo', 'pythonpath_develop')
[4.085s] INFO:colcon.colcon_core.shell:Creating environment hook '/home/user/ROS2swarm/build/launch_gazebo/share/launch_gazebo/hook/pythonpath_develop.ps1'
[4.086s] INFO:colcon.colcon_core.shell:Creating environment descriptor '/home/user/ROS2swarm/build/launch_gazebo/share/launch_gazebo/hook/pythonpath_develop.dsv'
[4.087s] INFO:colcon.colcon_core.shell:Creating environment hook '/home/user/ROS2swarm/build/launch_gazebo/share/launch_gazebo/hook/pythonpath_develop.sh'
[4.089s] Level 1:colcon.colcon_core.environment:checking '/home/user/ROS2swarm/install/launch_gazebo' for CMake module files
[4.090s] Level 1:colcon.colcon_core.environment:checking '/home/user/ROS2swarm/install/launch_gazebo' for CMake config files
[4.091s] Level 1:colcon.colcon_core.environment:checking '/home/user/ROS2swarm/install/launch_gazebo/lib'
[4.091s] Level 1:colcon.colcon_core.environment:checking '/home/user/ROS2swarm/install/launch_gazebo/bin'
[4.092s] Level 1:colcon.colcon_core.environment:checking '/home/user/ROS2swarm/install/launch_gazebo/lib/pkgconfig/launch_gazebo.pc'
[4.092s] Level 1:colcon.colcon_core.environment:checking '/home/user/ROS2swarm/install/launch_gazebo/lib/python3.8/site-packages'
[4.092s] Level 1:colcon.colcon_core.shell:create_environment_hook('launch_gazebo', 'pythonpath')
[4.093s] INFO:colcon.colcon_core.shell:Creating environment hook '/home/user/ROS2swarm/install/launch_gazebo/share/launch_gazebo/hook/pythonpath.ps1'
[4.094s] INFO:colcon.colcon_core.shell:Creating environment descriptor '/home/user/ROS2swarm/install/launch_gazebo/share/launch_gazebo/hook/pythonpath.dsv'
[4.095s] INFO:colcon.colcon_core.shell:Creating environment hook '/home/user/ROS2swarm/install/launch_gazebo/share/launch_gazebo/hook/pythonpath.sh'
[4.095s] Level 1:colcon.colcon_core.environment:create_environment_scripts_only(launch_gazebo)
[4.097s] INFO:colcon.colcon_core.shell:Creating package script '/home/user/ROS2swarm/install/launch_gazebo/share/launch_gazebo/package.ps1'
[4.098s] INFO:colcon.colcon_core.shell:Creating package descriptor '/home/user/ROS2swarm/install/launch_gazebo/share/launch_gazebo/package.dsv'
[4.099s] INFO:colcon.colcon_core.shell:Creating package script '/home/user/ROS2swarm/install/launch_gazebo/share/launch_gazebo/package.sh'
[4.100s] DEBUG:colcon.colcon_core.event_handler.log_command:Invoked command in '/home/user/ROS2swarm/build/launch_gazebo' returned '0': PYTHONPATH=/home/user/ROS2swarm/install/launch_gazebo/lib/python3.8/site-packages:${PYTHONPATH} _=/usr/bin/env /usr/bin/python3 setup.py develop --prefix /home/user/ROS2swarm/install/launch_gazebo --editable --build-directory /home/user/ROS2swarm/build/launch_gazebo/build --no-deps install_data --install-dir /home/user/ROS2swarm/install/launch_gazebo
[4.101s] INFO:colcon.colcon_core.shell:Creating package script '/home/user/ROS2swarm/install/launch_gazebo/share/launch_gazebo/package.bash'
[4.101s] INFO:colcon.colcon_core.shell:Creating package script '/home/user/ROS2swarm/install/launch_gazebo/share/launch_gazebo/package.zsh'
[4.102s] Level 1:colcon.colcon_core.environment:create_file_with_runtime_dependencies(/home/user/ROS2swarm/install/launch_gazebo/share/colcon-core/packages/launch_gazebo)
[4.104s] Level 1:colcon.colcon_core.shell:create_environment_hook('ros2swarm', 'pythonpath_develop')
[4.105s] DEBUG:colcon.colcon_core.event_handler.log_command:Invoked command in '/home/user/ROS2swarm/build/ros2swarm' returned '0': PYTHONPATH=/home/user/ROS2swarm/install/ros2swarm/lib/python3.8/site-packages:${PYTHONPATH} _=/usr/bin/env /usr/bin/python3 setup.py develop --prefix /home/user/ROS2swarm/install/ros2swarm --editable --build-directory /home/user/ROS2swarm/build/ros2swarm/build --no-deps install_data --install-dir /home/user/ROS2swarm/install/ros2swarm
[4.106s] INFO:colcon.colcon_core.shell:Creating environment hook '/home/user/ROS2swarm/build/ros2swarm/share/ros2swarm/hook/pythonpath_develop.ps1'
[4.107s] INFO:colcon.colcon_core.shell:Creating environment descriptor '/home/user/ROS2swarm/build/ros2swarm/share/ros2swarm/hook/pythonpath_develop.dsv'
[4.108s] INFO:colcon.colcon_core.shell:Creating environment hook '/home/user/ROS2swarm/build/ros2swarm/share/ros2swarm/hook/pythonpath_develop.sh'
[4.110s] Level 1:colcon.colcon_core.environment:checking '/home/user/ROS2swarm/install/ros2swarm' for CMake module files
[4.113s] Level 1:colcon.colcon_core.environment:checking '/home/user/ROS2swarm/install/ros2swarm' for CMake config files
[4.116s] Level 1:colcon.colcon_core.environment:checking '/home/user/ROS2swarm/install/ros2swarm/lib'
[4.116s] Level 1:colcon.colcon_core.environment:checking '/home/user/ROS2swarm/install/ros2swarm/bin'
[4.116s] Level 1:colcon.colcon_core.environment:checking '/home/user/ROS2swarm/install/ros2swarm/lib/pkgconfig/ros2swarm.pc'
[4.116s] Level 1:colcon.colcon_core.environment:checking '/home/user/ROS2swarm/install/ros2swarm/lib/python3.8/site-packages'
[4.117s] Level 1:colcon.colcon_core.shell:create_environment_hook('ros2swarm', 'pythonpath')
[4.118s] INFO:colcon.colcon_core.shell:Creating environment hook '/home/user/ROS2swarm/install/ros2swarm/share/ros2swarm/hook/pythonpath.ps1'
[4.119s] INFO:colcon.colcon_core.shell:Creating environment descriptor '/home/user/ROS2swarm/install/ros2swarm/share/ros2swarm/hook/pythonpath.dsv'
[4.119s] INFO:colcon.colcon_core.shell:Creating environment hook '/home/user/ROS2swarm/install/ros2swarm/share/ros2swarm/hook/pythonpath.sh'
[4.120s] Level 1:colcon.colcon_core.environment:create_environment_scripts_only(ros2swarm)
[4.122s] INFO:colcon.colcon_core.shell:Creating package script '/home/user/ROS2swarm/install/ros2swarm/share/ros2swarm/package.ps1'
[4.123s] INFO:colcon.colcon_core.shell:Creating package descriptor '/home/user/ROS2swarm/install/ros2swarm/share/ros2swarm/package.dsv'
[4.124s] INFO:colcon.colcon_core.shell:Creating package script '/home/user/ROS2swarm/install/ros2swarm/share/ros2swarm/package.sh'
[4.125s] INFO:colcon.colcon_core.shell:Creating package script '/home/user/ROS2swarm/install/ros2swarm/share/ros2swarm/package.bash'
[4.125s] INFO:colcon.colcon_core.shell:Creating package script '/home/user/ROS2swarm/install/ros2swarm/share/ros2swarm/package.zsh'
[4.126s] Level 1:colcon.colcon_core.environment:create_file_with_runtime_dependencies(/home/user/ROS2swarm/install/ros2swarm/share/colcon-core/packages/ros2swarm)
[4.605s] Level 1:colcon.colcon_core.environment:create_environment_scripts_only(communication_interfaces)
[4.606s] Level 1:colcon.colcon_core.environment:checking '/home/user/ROS2swarm/install/communication_interfaces' for CMake module files
[4.607s] Level 1:colcon.colcon_core.environment:checking '/home/user/ROS2swarm/install/communication_interfaces' for CMake config files
[4.610s] Level 1:colcon.colcon_core.shell:create_environment_hook('communication_interfaces', 'cmake_prefix_path')
[4.610s] INFO:colcon.colcon_core.shell:Creating environment hook '/home/user/ROS2swarm/install/communication_interfaces/share/communication_interfaces/hook/cmake_prefix_path.ps1'
[4.611s] INFO:colcon.colcon_core.shell:Creating environment descriptor '/home/user/ROS2swarm/install/communication_interfaces/share/communication_interfaces/hook/cmake_prefix_path.dsv'
[4.612s] INFO:colcon.colcon_core.shell:Creating environment hook '/home/user/ROS2swarm/install/communication_interfaces/share/communication_interfaces/hook/cmake_prefix_path.sh'
[4.613s] Level 1:colcon.colcon_core.environment:checking '/home/user/ROS2swarm/install/communication_interfaces/lib'
[4.613s] Level 1:colcon.colcon_core.shell:create_environment_hook('communication_interfaces', 'ld_library_path_lib')
[4.614s] INFO:colcon.colcon_core.shell:Creating environment hook '/home/user/ROS2swarm/install/communication_interfaces/share/communication_interfaces/hook/ld_library_path_lib.ps1'
[4.614s] INFO:colcon.colcon_core.shell:Creating environment descriptor '/home/user/ROS2swarm/install/communication_interfaces/share/communication_interfaces/hook/ld_library_path_lib.dsv'
[4.615s] INFO:colcon.colcon_core.shell:Creating environment hook '/home/user/ROS2swarm/install/communication_interfaces/share/communication_interfaces/hook/ld_library_path_lib.sh'
[4.615s] Level 1:colcon.colcon_core.environment:checking '/home/user/ROS2swarm/install/communication_interfaces/bin'
[4.615s] Level 1:colcon.colcon_core.environment:checking '/home/user/ROS2swarm/install/communication_interfaces/lib/pkgconfig/communication_interfaces.pc'
[4.615s] Level 1:colcon.colcon_core.environment:checking '/home/user/ROS2swarm/install/communication_interfaces/lib/python3.8/site-packages'
[4.616s] Level 1:colcon.colcon_core.shell:create_environment_hook('communication_interfaces', 'pythonpath')
[4.616s] INFO:colcon.colcon_core.shell:Creating environment hook '/home/user/ROS2swarm/install/communication_interfaces/share/communication_interfaces/hook/pythonpath.ps1'
[4.617s] INFO:colcon.colcon_core.shell:Creating environment descriptor '/home/user/ROS2swarm/install/communication_interfaces/share/communication_interfaces/hook/pythonpath.dsv'
[4.618s] INFO:colcon.colcon_core.shell:Creating environment hook '/home/user/ROS2swarm/install/communication_interfaces/share/communication_interfaces/hook/pythonpath.sh'
[4.620s] INFO:colcon.colcon_core.shell:Creating package script '/home/user/ROS2swarm/install/communication_interfaces/share/communication_interfaces/package.ps1'
[4.621s] INFO:colcon.colcon_core.shell:Creating package descriptor '/home/user/ROS2swarm/install/communication_interfaces/share/communication_interfaces/package.dsv'
[4.621s] INFO:colcon.colcon_core.shell:Creating package script '/home/user/ROS2swarm/install/communication_interfaces/share/communication_interfaces/package.sh'
[4.622s] INFO:colcon.colcon_core.shell:Creating package script '/home/user/ROS2swarm/install/communication_interfaces/share/communication_interfaces/package.bash'
[4.623s] INFO:colcon.colcon_core.shell:Creating package script '/home/user/ROS2swarm/install/communication_interfaces/share/communication_interfaces/package.zsh'
[4.624s] Level 1:colcon.colcon_core.environment:create_file_with_runtime_dependencies(/home/user/ROS2swarm/install/communication_interfaces/share/colcon-core/packages/communication_interfaces)
[4.626s] DEBUG:colcon.colcon_parallel_executor.executor.parallel:closing loop
[4.626s] DEBUG:colcon.colcon_parallel_executor.executor.parallel:loop closed
[4.626s] DEBUG:colcon.colcon_parallel_executor.executor.parallel:run_until_complete finished with '0'
[4.627s] DEBUG:colcon.colcon_core.event_reactor:joining thread
[4.640s] INFO:colcon.colcon_core.plugin_system:Skipping extension 'colcon_notification.desktop_notification.notify_send': Could not find 'notify-send'
[4.640s] INFO:colcon.colcon_core.plugin_system:Skipping extension 'colcon_notification.desktop_notification.terminal_notifier': Not used on non-Darwin systems
[4.641s] INFO:colcon.colcon_core.plugin_system:Skipping extension 'colcon_notification.desktop_notification.win32': Not used on non-Windows systems
[4.641s] INFO:colcon.colcon_notification.desktop_notification:Sending desktop notification using 'notify2'
[4.649s] DEBUG:colcon.colcon_notification.desktop_notification.notify2:Failed to initialize notify2: org.freedesktop.DBus.Error.ServiceUnknown: The name org.freedesktop.Notifications was not provided by any .service files
[4.650s] DEBUG:colcon.colcon_core.event_reactor:joined thread
[4.651s] INFO:colcon.colcon_core.shell:Creating prefix script '/home/user/ROS2swarm/install/local_setup.ps1'
[4.653s] INFO:colcon.colcon_core.shell:Creating prefix util module '/home/user/ROS2swarm/install/_local_setup_util_ps1.py'
[4.655s] INFO:colcon.colcon_core.shell:Creating prefix chain script '/home/user/ROS2swarm/install/setup.ps1'
[4.666s] INFO:colcon.colcon_core.shell:Creating prefix script '/home/user/ROS2swarm/install/local_setup.sh'
[4.667s] INFO:colcon.colcon_core.shell:Creating prefix util module '/home/user/ROS2swarm/install/_local_setup_util_sh.py'
[4.667s] INFO:colcon.colcon_core.shell:Creating prefix chain script '/home/user/ROS2swarm/install/setup.sh'
[4.675s] INFO:colcon.colcon_core.shell:Creating prefix script '/home/user/ROS2swarm/install/local_setup.bash'
[4.677s] INFO:colcon.colcon_core.shell:Creating prefix chain script '/home/user/ROS2swarm/install/setup.bash'
[4.685s] INFO:colcon.colcon_core.shell:Creating prefix script '/home/user/ROS2swarm/install/local_setup.zsh'
[4.686s] INFO:colcon.colcon_core.shell:Creating prefix chain script '/home/user/ROS2swarm/install/setup.zsh'
