[1.101s] Invoking command in '/home/user/ROS2swarm/build/ros2swarm': PYTHONPATH=/home/user/ROS2swarm/install/ros2swarm/lib/python3.8/site-packages:${PYTHONPATH} _=/usr/bin/env /usr/bin/python3 setup.py develop --prefix /home/user/ROS2swarm/install/ros2swarm --editable --build-directory /home/user/ROS2swarm/build/ros2swarm/build --no-deps install_data --install-dir /home/user/ROS2swarm/install/ros2swarm
[1.860s] running develop
[2.380s] running egg_info
[2.380s] writing ros2swarm.egg-info/PKG-INFO
[2.381s] writing dependency_links to ros2swarm.egg-info/dependency_links.txt
[2.381s] writing entry points to ros2swarm.egg-info/entry_points.txt
[2.381s] writing requirements to ros2swarm.egg-info/requires.txt
[2.382s] writing top-level names to ros2swarm.egg-info/top_level.txt
[2.575s] reading manifest file 'ros2swarm.egg-info/SOURCES.txt'
[2.579s] writing manifest file 'ros2swarm.egg-info/SOURCES.txt'
[3.247s] running build_ext
[3.247s] Creating /home/user/ROS2swarm/install/ros2swarm/lib/python3.8/site-packages/ros2swarm.egg-link (link to .)
[3.248s] Installing aggregation_pattern script to /home/user/ROS2swarm/install/ros2swarm/lib/ros2swarm
[3.249s] Installing attraction_pattern script to /home/user/ROS2swarm/install/ros2swarm/lib/ros2swarm
[3.249s] Installing attraction_pattern2 script to /home/user/ROS2swarm/install/ros2swarm/lib/ros2swarm
[3.250s] Installing demo_pattern script to /home/user/ROS2swarm/install/ros2swarm/lib/ros2swarm
[3.250s] Installing discussed_dispersion_pattern script to /home/user/ROS2swarm/install/ros2swarm/lib/ros2swarm
[3.250s] Installing dispersion_pattern script to /home/user/ROS2swarm/install/ros2swarm/lib/ros2swarm
[3.251s] Installing drive_pattern script to /home/user/ROS2swarm/install/ros2swarm/lib/ros2swarm
[3.251s] Installing hardware_protection_layer script to /home/user/ROS2swarm/install/ros2swarm/lib/ros2swarm
[3.251s] Installing ir_layer script to /home/user/ROS2swarm/install/ros2swarm/lib/ros2swarm
[3.251s] Installing ir_tf_layer script to /home/user/ROS2swarm/install/ros2swarm/lib/ros2swarm
[3.251s] Installing lidar_layer script to /home/user/ROS2swarm/install/ros2swarm/lib/ros2swarm
[3.252s] Installing magnetometer_pattern script to /home/user/ROS2swarm/install/ros2swarm/lib/ros2swarm
[3.252s] Installing majority_rule_pattern script to /home/user/ROS2swarm/install/ros2swarm/lib/ros2swarm
[3.252s] Installing minimalist_flocking_pattern script to /home/user/ROS2swarm/install/ros2swarm/lib/ros2swarm
[3.252s] Installing random_walk_pattern script to /home/user/ROS2swarm/install/ros2swarm/lib/ros2swarm
[3.252s] Installing rat_search_pattern script to /home/user/ROS2swarm/install/ros2swarm/lib/ros2swarm
[3.252s] Installing target_nav2_pattern script to /home/user/ROS2swarm/install/ros2swarm/lib/ros2swarm
[3.253s] Installing voter_model_pattern script to /home/user/ROS2swarm/install/ros2swarm/lib/ros2swarm
[3.253s] Installing voter_model_with_limiter_pattern script to /home/user/ROS2swarm/install/ros2swarm/lib/ros2swarm
[3.253s] 
[3.253s] Installed /home/user/ROS2swarm/build/ros2swarm
[3.253s] running install_data
[3.253s] copying launch/bringup_rosbot_patterns.launch.py -> /home/user/ROS2swarm/install/ros2swarm/share/ros2swarm
[3.254s] copying launch/rosbot_bringup.launch.py -> /home/user/ROS2swarm/install/ros2swarm/share/ros2swarm
[3.254s] copying launch/turtlebot3_bringup.launch.py -> /home/user/ROS2swarm/install/ros2swarm/share/ros2swarm
[3.254s] copying launch/bringup_patterns.launch.py -> /home/user/ROS2swarm/install/ros2swarm/share/ros2swarm
[3.254s] copying launch/bringup_robot.launch.py -> /home/user/ROS2swarm/install/ros2swarm/share/ros2swarm
[3.295s] Invoked command in '/home/user/ROS2swarm/build/ros2swarm' returned '0': PYTHONPATH=/home/user/ROS2swarm/install/ros2swarm/lib/python3.8/site-packages:${PYTHONPATH} _=/usr/bin/env /usr/bin/python3 setup.py develop --prefix /home/user/ROS2swarm/install/ros2swarm --editable --build-directory /home/user/ROS2swarm/build/ros2swarm/build --no-deps install_data --install-dir /home/user/ROS2swarm/install/ros2swarm
