[5.119s] Invoking command in '/home/user/ROS2swarm/build/thymio_description': CMAKE_PREFIX_PATH=${CMAKE_PREFIX_PATH}:/home/user/turtlebot3_ws/install/turtlebot3_teleop:/home/user/turtlebot3_ws/install/turtlebot3_example:/home/user/ROS2swarm/install/thymio_driver:/home/user/ROS2swarm/install/ros2swarm:/home/user/ROS2swarm/install/launch_gazebo:/home/user/install/turtlebot3_teleop:/home/user/install/ros2swarm:/home/user/install/launch_gazebo:/opt/ros/foxy _=/usr/bin/env /usr/bin/cmake /home/user/ROS2swarm/src/ros-thymio/thymio_description -DAMENT_CMAKE_SYMLINK_INSTALL=1 -DCMAKE_INSTALL_PREFIX=/home/user/ROS2swarm/install/thymio_description
[5.896s] -- The C compiler identification is GNU 9.3.0
[6.504s] -- The CXX compiler identification is GNU 9.3.0
[6.516s] -- Check for working C compiler: /usr/bin/cc
[7.524s] -- Check for working C compiler: /usr/bin/cc -- works
[7.528s] -- Detecting C compiler ABI info
[8.318s] -- Detecting C compiler ABI info - done
[8.440s] -- Detecting C compile features
[8.441s] -- Detecting C compile features - done
[8.515s] -- Check for working CXX compiler: /usr/bin/c++
[9.715s] -- Check for working CXX compiler: /usr/bin/c++ -- works
[9.717s] -- Detecting CXX compiler ABI info
[10.804s] -- Detecting CXX compiler ABI info - done
[11.014s] -- Detecting CXX compile features
[11.022s] -- Detecting CXX compile features - done
[11.218s] -- Found urdf: 2.4.0 (/opt/ros/foxy/share/urdf/cmake)
[11.704s] -- Found PythonInterp: /usr/bin/python3 (found suitable version "3.8.10", minimum required is "3") 
[11.705s] -- Using PYTHON_EXECUTABLE: /usr/bin/python3
[13.597s] -- Override CMake install command with custom implementation using symlinks instead of copying resources
[14.825s] -- Found ament_cmake: 0.9.9 (/opt/ros/foxy/share/ament_cmake/cmake)
[16.001s] -- Configuring done
[16.015s] -- Generating done
[16.095s] -- Build files have been written to: /home/user/ROS2swarm/build/thymio_description
[16.115s] Invoked command in '/home/user/ROS2swarm/build/thymio_description' returned '0': CMAKE_PREFIX_PATH=${CMAKE_PREFIX_PATH}:/home/user/turtlebot3_ws/install/turtlebot3_teleop:/home/user/turtlebot3_ws/install/turtlebot3_example:/home/user/ROS2swarm/install/thymio_driver:/home/user/ROS2swarm/install/ros2swarm:/home/user/ROS2swarm/install/launch_gazebo:/home/user/install/turtlebot3_teleop:/home/user/install/ros2swarm:/home/user/install/launch_gazebo:/opt/ros/foxy _=/usr/bin/env /usr/bin/cmake /home/user/ROS2swarm/src/ros-thymio/thymio_description -DAMENT_CMAKE_SYMLINK_INSTALL=1 -DCMAKE_INSTALL_PREFIX=/home/user/ROS2swarm/install/thymio_description
[16.116s] Invoking command in '/home/user/ROS2swarm/build/thymio_description': CMAKE_PREFIX_PATH=${CMAKE_PREFIX_PATH}:/home/user/turtlebot3_ws/install/turtlebot3_teleop:/home/user/turtlebot3_ws/install/turtlebot3_example:/home/user/ROS2swarm/install/thymio_driver:/home/user/ROS2swarm/install/ros2swarm:/home/user/ROS2swarm/install/launch_gazebo:/home/user/install/turtlebot3_teleop:/home/user/install/ros2swarm:/home/user/install/launch_gazebo:/opt/ros/foxy _=/usr/bin/env /usr/bin/cmake --build /home/user/ROS2swarm/build/thymio_description -- -j8 -l8
[16.518s] Invoked command in '/home/user/ROS2swarm/build/thymio_description' returned '0': CMAKE_PREFIX_PATH=${CMAKE_PREFIX_PATH}:/home/user/turtlebot3_ws/install/turtlebot3_teleop:/home/user/turtlebot3_ws/install/turtlebot3_example:/home/user/ROS2swarm/install/thymio_driver:/home/user/ROS2swarm/install/ros2swarm:/home/user/ROS2swarm/install/launch_gazebo:/home/user/install/turtlebot3_teleop:/home/user/install/ros2swarm:/home/user/install/launch_gazebo:/opt/ros/foxy _=/usr/bin/env /usr/bin/cmake --build /home/user/ROS2swarm/build/thymio_description -- -j8 -l8
[17.020s] Invoking command in '/home/user/ROS2swarm/build/thymio_description': CMAKE_PREFIX_PATH=${CMAKE_PREFIX_PATH}:/home/user/turtlebot3_ws/install/turtlebot3_teleop:/home/user/turtlebot3_ws/install/turtlebot3_example:/home/user/ROS2swarm/install/thymio_driver:/home/user/ROS2swarm/install/ros2swarm:/home/user/ROS2swarm/install/launch_gazebo:/home/user/install/turtlebot3_teleop:/home/user/install/ros2swarm:/home/user/install/launch_gazebo:/opt/ros/foxy _=/usr/bin/env /usr/bin/cmake --install /home/user/ROS2swarm/build/thymio_description
[17.119s] -- Install configuration: ""
[17.122s] -- Execute custom install script
[17.123s] -- Up-to-date symlink: /home/user/ROS2swarm/install/thymio_description/share/thymio_description/meshes/base_simple.dae
[17.131s] -- Up-to-date symlink: /home/user/ROS2swarm/install/thymio_description/share/thymio_description/meshes/base_collision.dae
[17.132s] -- Up-to-date symlink: /home/user/ROS2swarm/install/thymio_description/share/thymio_description/meshes/wheel.dae
[17.133s] -- Up-to-date symlink: /home/user/ROS2swarm/install/thymio_description/share/thymio_description/urdf/base.urdf.xacro
[17.134s] -- Up-to-date symlink: /home/user/ROS2swarm/install/thymio_description/share/thymio_description/urdf/imu.urdf.xacro
[17.135s] -- Up-to-date symlink: /home/user/ROS2swarm/install/thymio_description/share/thymio_description/urdf/proximity_sensor.urdf.xacro
[17.136s] -- Up-to-date symlink: /home/user/ROS2swarm/install/thymio_description/share/thymio_description/urdf/thymio.urdf.xacro
[17.139s] -- Up-to-date symlink: /home/user/ROS2swarm/install/thymio_description/share/thymio_description/urdf/wheel.urdf.xacro
[17.139s] -- Up-to-date symlink: /home/user/ROS2swarm/install/thymio_description/share/thymio_description/launch/model.launch.py
[17.139s] -- Up-to-date symlink: /home/user/ROS2swarm/install/thymio_description/share/thymio_description/launch/rviz.launch.py
[17.144s] -- Up-to-date symlink: /home/user/ROS2swarm/install/thymio_description/share/thymio_description/launch/spawn.launch
[17.145s] -- Up-to-date symlink: /home/user/ROS2swarm/install/thymio_description/share/thymio_description/launch/template.rviz
[17.151s] -- Up-to-date symlink: /home/user/ROS2swarm/install/thymio_description/share/thymio_description/model.config
[17.154s] -- Up-to-date symlink: /home/user/ROS2swarm/install/thymio_description/share/ament_index/resource_index/package_run_dependencies/thymio_description
[17.155s] -- Up-to-date symlink: /home/user/ROS2swarm/install/thymio_description/share/ament_index/resource_index/parent_prefix_path/thymio_description
[17.156s] -- Up-to-date symlink: /home/user/ROS2swarm/install/thymio_description/share/thymio_description/environment/ament_prefix_path.sh
[17.157s] -- Up-to-date symlink: /home/user/ROS2swarm/install/thymio_description/share/thymio_description/environment/ament_prefix_path.dsv
[17.157s] -- Up-to-date symlink: /home/user/ROS2swarm/install/thymio_description/share/thymio_description/environment/path.sh
[17.158s] -- Up-to-date symlink: /home/user/ROS2swarm/install/thymio_description/share/thymio_description/environment/path.dsv
[17.195s] -- Up-to-date symlink: /home/user/ROS2swarm/install/thymio_description/share/thymio_description/local_setup.bash
[17.201s] -- Up-to-date symlink: /home/user/ROS2swarm/install/thymio_description/share/thymio_description/local_setup.sh
[17.202s] -- Up-to-date symlink: /home/user/ROS2swarm/install/thymio_description/share/thymio_description/local_setup.zsh
[17.204s] -- Up-to-date symlink: /home/user/ROS2swarm/install/thymio_description/share/thymio_description/local_setup.dsv
[17.219s] -- Symlinking: /home/user/ROS2swarm/install/thymio_description/share/thymio_description/package.dsv
[17.328s] -- Up-to-date symlink: /home/user/ROS2swarm/install/thymio_description/share/ament_index/resource_index/packages/thymio_description
[17.329s] -- Up-to-date symlink: /home/user/ROS2swarm/install/thymio_description/share/thymio_description/cmake/thymio_descriptionConfig.cmake
[17.329s] -- Up-to-date symlink: /home/user/ROS2swarm/install/thymio_description/share/thymio_description/cmake/thymio_descriptionConfig-version.cmake
[17.330s] -- Up-to-date symlink: /home/user/ROS2swarm/install/thymio_description/share/thymio_description/package.xml
[17.336s] Invoked command in '/home/user/ROS2swarm/build/thymio_description' returned '0': CMAKE_PREFIX_PATH=${CMAKE_PREFIX_PATH}:/home/user/turtlebot3_ws/install/turtlebot3_teleop:/home/user/turtlebot3_ws/install/turtlebot3_example:/home/user/ROS2swarm/install/thymio_driver:/home/user/ROS2swarm/install/ros2swarm:/home/user/ROS2swarm/install/launch_gazebo:/home/user/install/turtlebot3_teleop:/home/user/install/ros2swarm:/home/user/install/launch_gazebo:/opt/ros/foxy _=/usr/bin/env /usr/bin/cmake --install /home/user/ROS2swarm/build/thymio_description
