[0.520s] Invoking command in '/home/user/ROS2swarm/build/thymio_msgs': CMAKE_PREFIX_PATH=${CMAKE_PREFIX_PATH}:/home/user/turtlebot3_ws/install/turtlebot3_teleop:/home/user/turtlebot3_ws/install/turtlebot3_example:/home/user/ROS2swarm/install/thymio_driver:/home/user/ROS2swarm/install/ros2swarm:/home/user/ROS2swarm/install/launch_gazebo:/home/user/install/turtlebot3_teleop:/home/user/install/ros2swarm:/home/user/install/launch_gazebo:/opt/ros/foxy _=/usr/bin/env /usr/bin/cmake --build /home/user/ROS2swarm/build/thymio_msgs -- -j8 -l8
[5.492s] [35m[1mScanning dependencies of target thymio_msgs__cpp[0m
[5.493s] [  1%] [34m[1mGenerating C++ code for ROS interfaces[0m
[7.022s] [  1%] Built target thymio_msgs__cpp
[7.309s] [  3%] [34m[1mGenerating C code for ROS interfaces[0m
[15.101s] [35m[1mScanning dependencies of target thymio_msgs__rosidl_generator_c[0m
[15.294s] [  4%] [32mBuilding C object CMakeFiles/thymio_msgs__rosidl_generator_c.dir/rosidl_generator_c/thymio_msgs/msg/detail/led__functions.c.o[0m
[16.001s] [  6%] [32mBuilding C object CMakeFiles/thymio_msgs__rosidl_generator_c.dir/rosidl_generator_c/thymio_msgs/msg/detail/comm__functions.c.o[0m
[16.210s] [  7%] [32mBuilding C object CMakeFiles/thymio_msgs__rosidl_generator_c.dir/rosidl_generator_c/thymio_msgs/msg/detail/system_sound__functions.c.o[0m
[16.403s] [  9%] [32mBuilding C object CMakeFiles/thymio_msgs__rosidl_generator_c.dir/rosidl_generator_c/thymio_msgs/msg/detail/sound__functions.c.o[0m
[16.718s] [ 11%] [32mBuilding C object CMakeFiles/thymio_msgs__rosidl_generator_c.dir/rosidl_generator_c/thymio_msgs/msg/detail/led_gesture__functions.c.o[0m
[17.292s] [ 12%] [32m[1mLinking C shared library libthymio_msgs__rosidl_generator_c.so[0m
[17.594s] [ 12%] Built target thymio_msgs__rosidl_generator_c
[17.638s] [ 14%] [34m[1mGenerating C++ introspection for ROS interfaces[0m
[21.422s] [35m[1mScanning dependencies of target thymio_msgs__rosidl_typesupport_introspection_cpp[0m
[21.713s] [ 15%] [32mBuilding CXX object CMakeFiles/thymio_msgs__rosidl_typesupport_introspection_cpp.dir/rosidl_typesupport_introspection_cpp/thymio_msgs/msg/detail/led__type_support.cpp.o[0m
[25.126s] [ 17%] [32mBuilding CXX object CMakeFiles/thymio_msgs__rosidl_typesupport_introspection_cpp.dir/rosidl_typesupport_introspection_cpp/thymio_msgs/msg/detail/system_sound__type_support.cpp.o[0m
[27.006s] [ 19%] [32mBuilding CXX object CMakeFiles/thymio_msgs__rosidl_typesupport_introspection_cpp.dir/rosidl_typesupport_introspection_cpp/thymio_msgs/msg/detail/comm__type_support.cpp.o[0m
[28.718s] [ 20%] [32mBuilding CXX object CMakeFiles/thymio_msgs__rosidl_typesupport_introspection_cpp.dir/rosidl_typesupport_introspection_cpp/thymio_msgs/msg/detail/sound__type_support.cpp.o[0m
[30.233s] [ 22%] [32mBuilding CXX object CMakeFiles/thymio_msgs__rosidl_typesupport_introspection_cpp.dir/rosidl_typesupport_introspection_cpp/thymio_msgs/msg/detail/led_gesture__type_support.cpp.o[0m
[31.934s] [ 23%] [32m[1mLinking CXX shared library libthymio_msgs__rosidl_typesupport_introspection_cpp.so[0m
[32.699s] [ 23%] Built target thymio_msgs__rosidl_typesupport_introspection_cpp
[32.725s] [ 25%] [34m[1mGenerating C type support dispatch for ROS interfaces[0m
[35.492s] [35m[1mScanning dependencies of target thymio_msgs__rosidl_typesupport_c[0m
[35.525s] [ 26%] [32mBuilding CXX object CMakeFiles/thymio_msgs__rosidl_typesupport_c.dir/rosidl_typesupport_c/thymio_msgs/msg/led__type_support.cpp.o[0m
[36.092s] [ 28%] [32mBuilding CXX object CMakeFiles/thymio_msgs__rosidl_typesupport_c.dir/rosidl_typesupport_c/thymio_msgs/msg/comm__type_support.cpp.o[0m
[36.297s] [ 30%] [32mBuilding CXX object CMakeFiles/thymio_msgs__rosidl_typesupport_c.dir/rosidl_typesupport_c/thymio_msgs/msg/system_sound__type_support.cpp.o[0m
[36.594s] [ 31%] [32mBuilding CXX object CMakeFiles/thymio_msgs__rosidl_typesupport_c.dir/rosidl_typesupport_c/thymio_msgs/msg/sound__type_support.cpp.o[0m
[37.002s] [ 33%] [32mBuilding CXX object CMakeFiles/thymio_msgs__rosidl_typesupport_c.dir/rosidl_typesupport_c/thymio_msgs/msg/led_gesture__type_support.cpp.o[0m
[37.215s] [ 34%] [32m[1mLinking CXX shared library libthymio_msgs__rosidl_typesupport_c.so[0m
[37.716s] [ 34%] Built target thymio_msgs__rosidl_typesupport_c
[37.924s] [ 36%] [34m[1mGenerating C introspection for ROS interfaces[0m
[41.402s] [35m[1mScanning dependencies of target thymio_msgs__rosidl_typesupport_introspection_c[0m
[41.604s] [ 38%] [32mBuilding C object CMakeFiles/thymio_msgs__rosidl_typesupport_introspection_c.dir/rosidl_typesupport_introspection_c/thymio_msgs/msg/detail/led__type_support.c.o[0m
[41.818s] [ 39%] [32mBuilding C object CMakeFiles/thymio_msgs__rosidl_typesupport_introspection_c.dir/rosidl_typesupport_introspection_c/thymio_msgs/msg/detail/comm__type_support.c.o[0m
[42.317s] [ 41%] [32mBuilding C object CMakeFiles/thymio_msgs__rosidl_typesupport_introspection_c.dir/rosidl_typesupport_introspection_c/thymio_msgs/msg/detail/system_sound__type_support.c.o[0m
[42.735s] [ 42%] [32mBuilding C object CMakeFiles/thymio_msgs__rosidl_typesupport_introspection_c.dir/rosidl_typesupport_introspection_c/thymio_msgs/msg/detail/sound__type_support.c.o[0m
[42.918s] [ 44%] [32mBuilding C object CMakeFiles/thymio_msgs__rosidl_typesupport_introspection_c.dir/rosidl_typesupport_introspection_c/thymio_msgs/msg/detail/led_gesture__type_support.c.o[0m
[43.222s] [ 46%] [32m[1mLinking C shared library libthymio_msgs__rosidl_typesupport_introspection_c.so[0m
[43.497s] [ 46%] Built target thymio_msgs__rosidl_typesupport_introspection_c
[43.693s] [ 47%] [34m[1mGenerating C++ type support for eProsima Fast-RTPS[0m
[47.026s] [35m[1mScanning dependencies of target thymio_msgs__rosidl_typesupport_fastrtps_cpp[0m
[47.230s] [ 49%] [32mBuilding CXX object CMakeFiles/thymio_msgs__rosidl_typesupport_fastrtps_cpp.dir/rosidl_typesupport_fastrtps_cpp/thymio_msgs/msg/detail/dds_fastrtps/led__type_support.cpp.o[0m
[50.496s] [ 50%] [32mBuilding CXX object CMakeFiles/thymio_msgs__rosidl_typesupport_fastrtps_cpp.dir/rosidl_typesupport_fastrtps_cpp/thymio_msgs/msg/detail/dds_fastrtps/comm__type_support.cpp.o[0m
[52.802s] [ 52%] [32mBuilding CXX object CMakeFiles/thymio_msgs__rosidl_typesupport_fastrtps_cpp.dir/rosidl_typesupport_fastrtps_cpp/thymio_msgs/msg/detail/dds_fastrtps/system_sound__type_support.cpp.o[0m
[55.804s] [ 53%] [32mBuilding CXX object CMakeFiles/thymio_msgs__rosidl_typesupport_fastrtps_cpp.dir/rosidl_typesupport_fastrtps_cpp/thymio_msgs/msg/detail/dds_fastrtps/sound__type_support.cpp.o[0m
[58.416s] [ 55%] [32mBuilding CXX object CMakeFiles/thymio_msgs__rosidl_typesupport_fastrtps_cpp.dir/rosidl_typesupport_fastrtps_cpp/thymio_msgs/msg/detail/dds_fastrtps/led_gesture__type_support.cpp.o[0m
[61.401s] [ 57%] [32m[1mLinking CXX shared library libthymio_msgs__rosidl_typesupport_fastrtps_cpp.so[0m
[62.110s] [ 57%] Built target thymio_msgs__rosidl_typesupport_fastrtps_cpp
[62.204s] [ 58%] [34m[1mGenerating C++ type support dispatch for ROS interfaces[0m
[65.295s] [35m[1mScanning dependencies of target thymio_msgs__rosidl_typesupport_cpp[0m
[65.448s] [ 60%] [32mBuilding CXX object CMakeFiles/thymio_msgs__rosidl_typesupport_cpp.dir/rosidl_typesupport_cpp/thymio_msgs/msg/led__type_support.cpp.o[0m
[67.603s] [ 61%] [32mBuilding CXX object CMakeFiles/thymio_msgs__rosidl_typesupport_cpp.dir/rosidl_typesupport_cpp/thymio_msgs/msg/comm__type_support.cpp.o[0m
[69.608s] [ 63%] [32mBuilding CXX object CMakeFiles/thymio_msgs__rosidl_typesupport_cpp.dir/rosidl_typesupport_cpp/thymio_msgs/msg/system_sound__type_support.cpp.o[0m
[71.298s] [ 65%] [32mBuilding CXX object CMakeFiles/thymio_msgs__rosidl_typesupport_cpp.dir/rosidl_typesupport_cpp/thymio_msgs/msg/sound__type_support.cpp.o[0m
[73.197s] [ 66%] [32mBuilding CXX object CMakeFiles/thymio_msgs__rosidl_typesupport_cpp.dir/rosidl_typesupport_cpp/thymio_msgs/msg/led_gesture__type_support.cpp.o[0m
[75.110s] [ 68%] [32m[1mLinking CXX shared library libthymio_msgs__rosidl_typesupport_cpp.so[0m
[75.505s] [ 68%] Built target thymio_msgs__rosidl_typesupport_cpp
[75.606s] [ 69%] [34m[1mGenerating C type support for eProsima Fast-RTPS[0m
[79.609s] [35m[1mScanning dependencies of target thymio_msgs__rosidl_typesupport_fastrtps_c[0m
[79.792s] [ 71%] [32mBuilding CXX object CMakeFiles/thymio_msgs__rosidl_typesupport_fastrtps_c.dir/rosidl_typesupport_fastrtps_c/thymio_msgs/msg/detail/led__type_support_c.cpp.o[0m
[82.139s] [ 73%] [32mBuilding CXX object CMakeFiles/thymio_msgs__rosidl_typesupport_fastrtps_c.dir/rosidl_typesupport_fastrtps_c/thymio_msgs/msg/detail/comm__type_support_c.cpp.o[0m
[84.396s] [ 74%] [32mBuilding CXX object CMakeFiles/thymio_msgs__rosidl_typesupport_fastrtps_c.dir/rosidl_typesupport_fastrtps_c/thymio_msgs/msg/detail/system_sound__type_support_c.cpp.o[0m
[86.897s] [ 76%] [32mBuilding CXX object CMakeFiles/thymio_msgs__rosidl_typesupport_fastrtps_c.dir/rosidl_typesupport_fastrtps_c/thymio_msgs/msg/detail/sound__type_support_c.cpp.o[0m
[89.098s] [ 77%] [32mBuilding CXX object CMakeFiles/thymio_msgs__rosidl_typesupport_fastrtps_c.dir/rosidl_typesupport_fastrtps_c/thymio_msgs/msg/detail/led_gesture__type_support_c.cpp.o[0m
[91.894s] [ 79%] [32m[1mLinking CXX shared library libthymio_msgs__rosidl_typesupport_fastrtps_c.so[0m
[92.433s] [ 79%] Built target thymio_msgs__rosidl_typesupport_fastrtps_c
[92.511s] [35m[1mScanning dependencies of target thymio_msgs[0m
[92.616s] [ 79%] Built target thymio_msgs
[92.734s] [35m[1mScanning dependencies of target thymio_msgs__py[0m
[92.905s] [ 80%] [34m[1mGenerating Python code for ROS interfaces[0m
[99.641s] [ 80%] Built target thymio_msgs__py
[99.830s] [35m[1mScanning dependencies of target thymio_msgs__python[0m
[100.335s] [ 82%] [32mBuilding C object CMakeFiles/thymio_msgs__python.dir/rosidl_generator_py/thymio_msgs/msg/_led_s.c.o[0m
[101.439s] [ 84%] [32mBuilding C object CMakeFiles/thymio_msgs__python.dir/rosidl_generator_py/thymio_msgs/msg/_comm_s.c.o[0m
[102.202s] [ 85%] [32mBuilding C object CMakeFiles/thymio_msgs__python.dir/rosidl_generator_py/thymio_msgs/msg/_system_sound_s.c.o[0m
[102.996s] [ 87%] [32mBuilding C object CMakeFiles/thymio_msgs__python.dir/rosidl_generator_py/thymio_msgs/msg/_sound_s.c.o[0m
[103.632s] [ 88%] [32mBuilding C object CMakeFiles/thymio_msgs__python.dir/rosidl_generator_py/thymio_msgs/msg/_led_gesture_s.c.o[0m
[104.399s] [ 90%] [32m[1mLinking C shared library rosidl_generator_py/thymio_msgs/libthymio_msgs__python.so[0m
[104.727s] [ 90%] Built target thymio_msgs__python
[104.894s] [35m[1mScanning dependencies of target thymio_msgs__rosidl_typesupport_c__pyext[0m
[105.099s] [ 92%] [32mBuilding C object CMakeFiles/thymio_msgs__rosidl_typesupport_c__pyext.dir/rosidl_generator_py/thymio_msgs/_thymio_msgs_s.ep.rosidl_typesupport_c.c.o[0m
[105.818s] [ 93%] [32m[1mLinking C shared library rosidl_generator_py/thymio_msgs/thymio_msgs_s__rosidl_typesupport_c.cpython-38-x86_64-linux-gnu.so[0m
[106.125s] [ 93%] Built target thymio_msgs__rosidl_typesupport_c__pyext
[106.211s] [35m[1mScanning dependencies of target thymio_msgs__rosidl_typesupport_introspection_c__pyext[0m
[106.398s] [ 95%] [32mBuilding C object CMakeFiles/thymio_msgs__rosidl_typesupport_introspection_c__pyext.dir/rosidl_generator_py/thymio_msgs/_thymio_msgs_s.ep.rosidl_typesupport_introspection_c.c.o[0m
[106.931s] [ 96%] [32m[1mLinking C shared library rosidl_generator_py/thymio_msgs/thymio_msgs_s__rosidl_typesupport_introspection_c.cpython-38-x86_64-linux-gnu.so[0m
[107.200s] [ 96%] Built target thymio_msgs__rosidl_typesupport_introspection_c__pyext
[107.231s] [35m[1mScanning dependencies of target thymio_msgs__rosidl_typesupport_fastrtps_c__pyext[0m
[107.411s] [ 98%] [32mBuilding C object CMakeFiles/thymio_msgs__rosidl_typesupport_fastrtps_c__pyext.dir/rosidl_generator_py/thymio_msgs/_thymio_msgs_s.ep.rosidl_typesupport_fastrtps_c.c.o[0m
[108.022s] [100%] [32m[1mLinking CXX shared library rosidl_generator_py/thymio_msgs/thymio_msgs_s__rosidl_typesupport_fastrtps_c.cpython-38-x86_64-linux-gnu.so[0m
[108.409s] [100%] Built target thymio_msgs__rosidl_typesupport_fastrtps_c__pyext
[108.495s] Invoked command in '/home/user/ROS2swarm/build/thymio_msgs' returned '0': CMAKE_PREFIX_PATH=${CMAKE_PREFIX_PATH}:/home/user/turtlebot3_ws/install/turtlebot3_teleop:/home/user/turtlebot3_ws/install/turtlebot3_example:/home/user/ROS2swarm/install/thymio_driver:/home/user/ROS2swarm/install/ros2swarm:/home/user/ROS2swarm/install/launch_gazebo:/home/user/install/turtlebot3_teleop:/home/user/install/ros2swarm:/home/user/install/launch_gazebo:/opt/ros/foxy _=/usr/bin/env /usr/bin/cmake --build /home/user/ROS2swarm/build/thymio_msgs -- -j8 -l8
[111.317s] Invoking command in '/home/user/ROS2swarm/build/thymio_msgs': CMAKE_PREFIX_PATH=${CMAKE_PREFIX_PATH}:/home/user/turtlebot3_ws/install/turtlebot3_teleop:/home/user/turtlebot3_ws/install/turtlebot3_example:/home/user/ROS2swarm/install/thymio_driver:/home/user/ROS2swarm/install/ros2swarm:/home/user/ROS2swarm/install/launch_gazebo:/home/user/install/turtlebot3_teleop:/home/user/install/ros2swarm:/home/user/install/launch_gazebo:/opt/ros/foxy _=/usr/bin/env /usr/bin/cmake --install /home/user/ROS2swarm/build/thymio_msgs
[111.509s] -- Install configuration: ""
[111.514s] -- Execute custom install script
[111.519s] -- Up-to-date symlink: /home/user/ROS2swarm/install/thymio_msgs/share/ament_index/resource_index/rosidl_interfaces/thymio_msgs
[111.592s] -- Up-to-date symlink: /home/user/ROS2swarm/install/thymio_msgs/include/thymio_msgs/msg/comm.h
[111.593s] -- Up-to-date symlink: /home/user/ROS2swarm/install/thymio_msgs/include/thymio_msgs/msg/detail/comm__functions.h
[111.593s] -- Up-to-date symlink: /home/user/ROS2swarm/install/thymio_msgs/include/thymio_msgs/msg/detail/comm__struct.h
[111.593s] -- Up-to-date symlink: /home/user/ROS2swarm/install/thymio_msgs/include/thymio_msgs/msg/detail/comm__type_support.h
[111.593s] -- Up-to-date symlink: /home/user/ROS2swarm/install/thymio_msgs/include/thymio_msgs/msg/detail/led__functions.h
[111.593s] -- Up-to-date symlink: /home/user/ROS2swarm/install/thymio_msgs/include/thymio_msgs/msg/detail/led__struct.h
[111.593s] -- Up-to-date symlink: /home/user/ROS2swarm/install/thymio_msgs/include/thymio_msgs/msg/detail/led__type_support.h
[111.593s] -- Up-to-date symlink: /home/user/ROS2swarm/install/thymio_msgs/include/thymio_msgs/msg/detail/led_gesture__functions.h
[111.593s] -- Up-to-date symlink: /home/user/ROS2swarm/install/thymio_msgs/include/thymio_msgs/msg/detail/led_gesture__struct.h
[111.594s] -- Up-to-date symlink: /home/user/ROS2swarm/install/thymio_msgs/include/thymio_msgs/msg/detail/led_gesture__type_support.h
[111.594s] -- Up-to-date symlink: /home/user/ROS2swarm/install/thymio_msgs/include/thymio_msgs/msg/detail/sound__functions.h
[111.594s] -- Up-to-date symlink: /home/user/ROS2swarm/install/thymio_msgs/include/thymio_msgs/msg/detail/sound__struct.h
[111.594s] -- Up-to-date symlink: /home/user/ROS2swarm/install/thymio_msgs/include/thymio_msgs/msg/detail/sound__type_support.h
[111.600s] -- Up-to-date symlink: /home/user/ROS2swarm/install/thymio_msgs/include/thymio_msgs/msg/detail/system_sound__functions.h
[111.602s] -- Up-to-date symlink: /home/user/ROS2swarm/install/thymio_msgs/include/thymio_msgs/msg/detail/system_sound__struct.h
[111.605s] -- Up-to-date symlink: /home/user/ROS2swarm/install/thymio_msgs/include/thymio_msgs/msg/detail/system_sound__type_support.h
[111.610s] -- Up-to-date symlink: /home/user/ROS2swarm/install/thymio_msgs/include/thymio_msgs/msg/led.h
[111.614s] -- Up-to-date symlink: /home/user/ROS2swarm/install/thymio_msgs/include/thymio_msgs/msg/led_gesture.h
[111.616s] -- Up-to-date symlink: /home/user/ROS2swarm/install/thymio_msgs/include/thymio_msgs/msg/rosidl_generator_c__visibility_control.h
[111.617s] -- Up-to-date symlink: /home/user/ROS2swarm/install/thymio_msgs/include/thymio_msgs/msg/sound.h
[111.618s] -- Up-to-date symlink: /home/user/ROS2swarm/install/thymio_msgs/include/thymio_msgs/msg/system_sound.h
[111.619s] -- Up-to-date symlink: /home/user/ROS2swarm/install/thymio_msgs/share/thymio_msgs/environment/library_path.sh
[111.620s] -- Up-to-date symlink: /home/user/ROS2swarm/install/thymio_msgs/share/thymio_msgs/environment/library_path.dsv
[111.622s] -- Up-to-date symlink: /home/user/ROS2swarm/install/thymio_msgs/include/thymio_msgs/msg/detail/comm__rosidl_typesupport_fastrtps_c.h
[111.622s] -- Up-to-date symlink: /home/user/ROS2swarm/install/thymio_msgs/include/thymio_msgs/msg/detail/led__rosidl_typesupport_fastrtps_c.h
[111.623s] -- Up-to-date symlink: /home/user/ROS2swarm/install/thymio_msgs/include/thymio_msgs/msg/detail/led_gesture__rosidl_typesupport_fastrtps_c.h
[111.624s] -- Up-to-date symlink: /home/user/ROS2swarm/install/thymio_msgs/include/thymio_msgs/msg/detail/sound__rosidl_typesupport_fastrtps_c.h
[111.625s] -- Up-to-date symlink: /home/user/ROS2swarm/install/thymio_msgs/include/thymio_msgs/msg/detail/system_sound__rosidl_typesupport_fastrtps_c.h
[111.625s] -- Up-to-date symlink: /home/user/ROS2swarm/install/thymio_msgs/include/thymio_msgs/msg/rosidl_typesupport_fastrtps_c__visibility_control.h
[111.696s] -- Up-to-date symlink: /home/user/ROS2swarm/install/thymio_msgs/lib/libthymio_msgs__rosidl_typesupport_fastrtps_c.so
[111.696s] -- Up-to-date symlink: /home/user/ROS2swarm/install/thymio_msgs/include/thymio_msgs/msg/detail/comm__rosidl_typesupport_fastrtps_cpp.hpp
[111.697s] -- Up-to-date symlink: /home/user/ROS2swarm/install/thymio_msgs/include/thymio_msgs/msg/detail/led__rosidl_typesupport_fastrtps_cpp.hpp
[111.699s] -- Up-to-date symlink: /home/user/ROS2swarm/install/thymio_msgs/include/thymio_msgs/msg/detail/led_gesture__rosidl_typesupport_fastrtps_cpp.hpp
[111.699s] -- Up-to-date symlink: /home/user/ROS2swarm/install/thymio_msgs/include/thymio_msgs/msg/detail/sound__rosidl_typesupport_fastrtps_cpp.hpp
[111.699s] -- Up-to-date symlink: /home/user/ROS2swarm/install/thymio_msgs/include/thymio_msgs/msg/detail/system_sound__rosidl_typesupport_fastrtps_cpp.hpp
[111.700s] -- Up-to-date symlink: /home/user/ROS2swarm/install/thymio_msgs/include/thymio_msgs/msg/rosidl_typesupport_fastrtps_cpp__visibility_control.h
[111.701s] -- Up-to-date symlink: /home/user/ROS2swarm/install/thymio_msgs/lib/libthymio_msgs__rosidl_typesupport_fastrtps_cpp.so
[111.702s] -- Up-to-date symlink: /home/user/ROS2swarm/install/thymio_msgs/include/thymio_msgs/msg/detail/comm__rosidl_typesupport_introspection_c.h
[111.702s] -- Up-to-date symlink: /home/user/ROS2swarm/install/thymio_msgs/include/thymio_msgs/msg/detail/led__rosidl_typesupport_introspection_c.h
[111.703s] -- Up-to-date symlink: /home/user/ROS2swarm/install/thymio_msgs/include/thymio_msgs/msg/detail/led_gesture__rosidl_typesupport_introspection_c.h
[111.703s] -- Up-to-date symlink: /home/user/ROS2swarm/install/thymio_msgs/include/thymio_msgs/msg/detail/sound__rosidl_typesupport_introspection_c.h
[111.703s] -- Up-to-date symlink: /home/user/ROS2swarm/install/thymio_msgs/include/thymio_msgs/msg/detail/system_sound__rosidl_typesupport_introspection_c.h
[111.704s] -- Up-to-date symlink: /home/user/ROS2swarm/install/thymio_msgs/include/thymio_msgs/msg/rosidl_typesupport_introspection_c__visibility_control.h
[111.725s] -- Up-to-date symlink: /home/user/ROS2swarm/install/thymio_msgs/include/thymio_msgs/msg/comm.hpp
[111.731s] -- Up-to-date symlink: /home/user/ROS2swarm/install/thymio_msgs/include/thymio_msgs/msg/detail/comm__builder.hpp
[111.731s] -- Up-to-date symlink: /home/user/ROS2swarm/install/thymio_msgs/include/thymio_msgs/msg/detail/comm__struct.hpp
[111.732s] -- Up-to-date symlink: /home/user/ROS2swarm/install/thymio_msgs/include/thymio_msgs/msg/detail/comm__traits.hpp
[111.737s] -- Up-to-date symlink: /home/user/ROS2swarm/install/thymio_msgs/include/thymio_msgs/msg/detail/led__builder.hpp
[111.737s] -- Up-to-date symlink: /home/user/ROS2swarm/install/thymio_msgs/include/thymio_msgs/msg/detail/led__struct.hpp
[111.738s] -- Up-to-date symlink: /home/user/ROS2swarm/install/thymio_msgs/include/thymio_msgs/msg/detail/led__traits.hpp
[111.792s] -- Up-to-date symlink: /home/user/ROS2swarm/install/thymio_msgs/include/thymio_msgs/msg/detail/led_gesture__builder.hpp
[111.793s] -- Up-to-date symlink: /home/user/ROS2swarm/install/thymio_msgs/include/thymio_msgs/msg/detail/led_gesture__struct.hpp
[111.793s] -- Up-to-date symlink: /home/user/ROS2swarm/install/thymio_msgs/include/thymio_msgs/msg/detail/led_gesture__traits.hpp
[111.793s] -- Up-to-date symlink: /home/user/ROS2swarm/install/thymio_msgs/include/thymio_msgs/msg/detail/sound__builder.hpp
[111.793s] -- Up-to-date symlink: /home/user/ROS2swarm/install/thymio_msgs/include/thymio_msgs/msg/detail/sound__struct.hpp
[111.793s] -- Up-to-date symlink: /home/user/ROS2swarm/install/thymio_msgs/include/thymio_msgs/msg/detail/sound__traits.hpp
[111.793s] -- Up-to-date symlink: /home/user/ROS2swarm/install/thymio_msgs/include/thymio_msgs/msg/detail/system_sound__builder.hpp
[111.793s] -- Up-to-date symlink: /home/user/ROS2swarm/install/thymio_msgs/include/thymio_msgs/msg/detail/system_sound__struct.hpp
[111.793s] -- Up-to-date symlink: /home/user/ROS2swarm/install/thymio_msgs/include/thymio_msgs/msg/detail/system_sound__traits.hpp
[111.794s] -- Up-to-date symlink: /home/user/ROS2swarm/install/thymio_msgs/include/thymio_msgs/msg/led.hpp
[111.794s] -- Up-to-date symlink: /home/user/ROS2swarm/install/thymio_msgs/include/thymio_msgs/msg/led_gesture.hpp
[111.794s] -- Up-to-date symlink: /home/user/ROS2swarm/install/thymio_msgs/include/thymio_msgs/msg/sound.hpp
[111.794s] -- Up-to-date symlink: /home/user/ROS2swarm/install/thymio_msgs/include/thymio_msgs/msg/system_sound.hpp
[111.795s] -- Up-to-date symlink: /home/user/ROS2swarm/install/thymio_msgs/include/thymio_msgs/msg/detail/comm__rosidl_typesupport_introspection_cpp.hpp
[111.796s] -- Up-to-date symlink: /home/user/ROS2swarm/install/thymio_msgs/include/thymio_msgs/msg/detail/led__rosidl_typesupport_introspection_cpp.hpp
[111.796s] -- Up-to-date symlink: /home/user/ROS2swarm/install/thymio_msgs/include/thymio_msgs/msg/detail/led_gesture__rosidl_typesupport_introspection_cpp.hpp
[111.798s] -- Up-to-date symlink: /home/user/ROS2swarm/install/thymio_msgs/include/thymio_msgs/msg/detail/sound__rosidl_typesupport_introspection_cpp.hpp
[111.798s] -- Up-to-date symlink: /home/user/ROS2swarm/install/thymio_msgs/include/thymio_msgs/msg/detail/system_sound__rosidl_typesupport_introspection_cpp.hpp
[111.800s] -- Up-to-date symlink: /home/user/ROS2swarm/install/thymio_msgs/share/thymio_msgs/environment/pythonpath.sh
[111.800s] -- Up-to-date symlink: /home/user/ROS2swarm/install/thymio_msgs/share/thymio_msgs/environment/pythonpath.dsv
[111.801s] -- Up-to-date symlink: /home/user/ROS2swarm/install/thymio_msgs/lib/python3.8/site-packages/thymio_msgs/__init__.py
[111.803s] -- Up-to-date symlink: /home/user/ROS2swarm/install/thymio_msgs/lib/python3.8/site-packages/thymio_msgs/msg/__init__.py
[111.803s] -- Up-to-date symlink: /home/user/ROS2swarm/install/thymio_msgs/lib/python3.8/site-packages/thymio_msgs/msg/_comm.py
[111.804s] -- Up-to-date symlink: /home/user/ROS2swarm/install/thymio_msgs/lib/python3.8/site-packages/thymio_msgs/msg/_led.py
[111.805s] -- Up-to-date symlink: /home/user/ROS2swarm/install/thymio_msgs/lib/python3.8/site-packages/thymio_msgs/msg/_led_gesture.py
[111.805s] -- Up-to-date symlink: /home/user/ROS2swarm/install/thymio_msgs/lib/python3.8/site-packages/thymio_msgs/msg/_sound.py
[111.806s] -- Up-to-date symlink: /home/user/ROS2swarm/install/thymio_msgs/lib/python3.8/site-packages/thymio_msgs/msg/_system_sound.py
[111.807s] -- Up-to-date symlink: /home/user/ROS2swarm/install/thymio_msgs/lib/python3.8/site-packages/thymio_msgs/thymio_msgs_s__rosidl_typesupport_fastrtps_c.cpython-38-x86_64-linux-gnu.so
[111.809s] -- Up-to-date symlink: /home/user/ROS2swarm/install/thymio_msgs/lib/python3.8/site-packages/thymio_msgs/thymio_msgs_s__rosidl_typesupport_introspection_c.cpython-38-x86_64-linux-gnu.so
[111.809s] -- Up-to-date symlink: /home/user/ROS2swarm/install/thymio_msgs/lib/python3.8/site-packages/thymio_msgs/thymio_msgs_s__rosidl_typesupport_c.cpython-38-x86_64-linux-gnu.so
[111.810s] -- Up-to-date symlink: /home/user/ROS2swarm/install/thymio_msgs/lib/libthymio_msgs__python.so
[111.811s] -- Up-to-date symlink: /home/user/ROS2swarm/install/thymio_msgs/share/thymio_msgs/msg/Led.idl
[111.811s] -- Up-to-date symlink: /home/user/ROS2swarm/install/thymio_msgs/share/thymio_msgs/msg/LedGesture.idl
[111.812s] -- Up-to-date symlink: /home/user/ROS2swarm/install/thymio_msgs/share/thymio_msgs/msg/Sound.idl
[111.813s] -- Up-to-date symlink: /home/user/ROS2swarm/install/thymio_msgs/share/thymio_msgs/msg/SystemSound.idl
[111.814s] -- Up-to-date symlink: /home/user/ROS2swarm/install/thymio_msgs/share/thymio_msgs/msg/Comm.idl
[111.815s] -- Up-to-date symlink: /home/user/ROS2swarm/install/thymio_msgs/share/thymio_msgs/msg/Led.msg
[111.815s] -- Up-to-date symlink: /home/user/ROS2swarm/install/thymio_msgs/share/thymio_msgs/msg/LedGesture.msg
[111.816s] -- Up-to-date symlink: /home/user/ROS2swarm/install/thymio_msgs/share/thymio_msgs/msg/Sound.msg
[111.817s] -- Up-to-date symlink: /home/user/ROS2swarm/install/thymio_msgs/share/thymio_msgs/msg/SystemSound.msg
[111.817s] -- Up-to-date symlink: /home/user/ROS2swarm/install/thymio_msgs/share/thymio_msgs/msg/Comm.msg
[111.819s] -- Up-to-date symlink: /home/user/ROS2swarm/install/thymio_msgs/share/ament_index/resource_index/package_run_dependencies/thymio_msgs
[111.819s] -- Up-to-date symlink: /home/user/ROS2swarm/install/thymio_msgs/share/ament_index/resource_index/parent_prefix_path/thymio_msgs
[111.821s] -- Up-to-date symlink: /home/user/ROS2swarm/install/thymio_msgs/share/thymio_msgs/environment/ament_prefix_path.sh
[111.821s] -- Up-to-date symlink: /home/user/ROS2swarm/install/thymio_msgs/share/thymio_msgs/environment/ament_prefix_path.dsv
[111.821s] -- Up-to-date symlink: /home/user/ROS2swarm/install/thymio_msgs/share/thymio_msgs/environment/path.sh
[111.822s] -- Up-to-date symlink: /home/user/ROS2swarm/install/thymio_msgs/share/thymio_msgs/environment/path.dsv
[111.822s] -- Up-to-date symlink: /home/user/ROS2swarm/install/thymio_msgs/share/thymio_msgs/local_setup.bash
[111.822s] -- Up-to-date symlink: /home/user/ROS2swarm/install/thymio_msgs/share/thymio_msgs/local_setup.sh
[111.823s] -- Up-to-date symlink: /home/user/ROS2swarm/install/thymio_msgs/share/thymio_msgs/local_setup.zsh
[111.823s] -- Up-to-date symlink: /home/user/ROS2swarm/install/thymio_msgs/share/thymio_msgs/local_setup.dsv
[111.823s] -- Symlinking: /home/user/ROS2swarm/install/thymio_msgs/share/thymio_msgs/package.dsv
[111.921s] -- Up-to-date symlink: /home/user/ROS2swarm/install/thymio_msgs/share/ament_index/resource_index/packages/thymio_msgs
[111.922s] -- Up-to-date symlink: /home/user/ROS2swarm/install/thymio_msgs/share/thymio_msgs/cmake/rosidl_cmake-extras.cmake
[111.922s] -- Up-to-date symlink: /home/user/ROS2swarm/install/thymio_msgs/share/thymio_msgs/cmake/ament_cmake_export_dependencies-extras.cmake
[111.923s] -- Up-to-date symlink: /home/user/ROS2swarm/install/thymio_msgs/share/thymio_msgs/cmake/ament_cmake_export_libraries-extras.cmake
[111.923s] -- Up-to-date symlink: /home/user/ROS2swarm/install/thymio_msgs/share/thymio_msgs/cmake/ament_cmake_export_targets-extras.cmake
[111.924s] -- Up-to-date symlink: /home/user/ROS2swarm/install/thymio_msgs/share/thymio_msgs/cmake/ament_cmake_export_include_directories-extras.cmake
[111.925s] -- Up-to-date symlink: /home/user/ROS2swarm/install/thymio_msgs/share/thymio_msgs/cmake/rosidl_cmake_export_typesupport_libraries-extras.cmake
[111.992s] -- Up-to-date symlink: /home/user/ROS2swarm/install/thymio_msgs/share/thymio_msgs/cmake/rosidl_cmake_export_typesupport_targets-extras.cmake
[111.992s] -- Up-to-date symlink: /home/user/ROS2swarm/install/thymio_msgs/share/thymio_msgs/cmake/thymio_msgsConfig.cmake
[111.993s] -- Up-to-date symlink: /home/user/ROS2swarm/install/thymio_msgs/share/thymio_msgs/cmake/thymio_msgsConfig-version.cmake
[111.993s] -- Up-to-date symlink: /home/user/ROS2swarm/install/thymio_msgs/share/thymio_msgs/package.xml
[111.993s] -- Installing: /home/user/ROS2swarm/install/thymio_msgs/lib/libthymio_msgs__rosidl_generator_c.so
[111.993s] -- Set runtime path of "/home/user/ROS2swarm/install/thymio_msgs/lib/libthymio_msgs__rosidl_generator_c.so" to ""
[111.994s] -- Installing: /home/user/ROS2swarm/install/thymio_msgs/lib/libthymio_msgs__rosidl_typesupport_introspection_c.so
[111.994s] -- Set runtime path of "/home/user/ROS2swarm/install/thymio_msgs/lib/libthymio_msgs__rosidl_typesupport_introspection_c.so" to ""
[111.994s] -- Installing: /home/user/ROS2swarm/install/thymio_msgs/lib/libthymio_msgs__rosidl_typesupport_c.so
[111.995s] -- Set runtime path of "/home/user/ROS2swarm/install/thymio_msgs/lib/libthymio_msgs__rosidl_typesupport_c.so" to ""
[111.996s] -- Installing: /home/user/ROS2swarm/install/thymio_msgs/lib/libthymio_msgs__rosidl_typesupport_introspection_cpp.so
[111.997s] -- Set runtime path of "/home/user/ROS2swarm/install/thymio_msgs/lib/libthymio_msgs__rosidl_typesupport_introspection_cpp.so" to ""
[111.999s] -- Installing: /home/user/ROS2swarm/install/thymio_msgs/lib/libthymio_msgs__rosidl_typesupport_cpp.so
[111.999s] -- Set runtime path of "/home/user/ROS2swarm/install/thymio_msgs/lib/libthymio_msgs__rosidl_typesupport_cpp.so" to ""
[112.196s] Compiling '/home/user/ROS2swarm/install/thymio_msgs/lib/python3.8/site-packages/thymio_msgs/__init__.py'...
[112.204s] -- Installing: /home/user/ROS2swarm/install/thymio_msgs/share/thymio_msgs/cmake/thymio_msgs__rosidl_generator_cExport.cmake
[112.205s] -- Installing: /home/user/ROS2swarm/install/thymio_msgs/share/thymio_msgs/cmake/thymio_msgs__rosidl_generator_cExport-noconfig.cmake
[112.206s] -- Installing: /home/user/ROS2swarm/install/thymio_msgs/share/thymio_msgs/cmake/thymio_msgs__rosidl_typesupport_introspection_cExport.cmake
[112.207s] -- Installing: /home/user/ROS2swarm/install/thymio_msgs/share/thymio_msgs/cmake/thymio_msgs__rosidl_typesupport_introspection_cExport-noconfig.cmake
[112.208s] -- Installing: /home/user/ROS2swarm/install/thymio_msgs/share/thymio_msgs/cmake/thymio_msgs__rosidl_typesupport_cExport.cmake
[112.208s] -- Installing: /home/user/ROS2swarm/install/thymio_msgs/share/thymio_msgs/cmake/thymio_msgs__rosidl_typesupport_cExport-noconfig.cmake
[112.209s] -- Installing: /home/user/ROS2swarm/install/thymio_msgs/share/thymio_msgs/cmake/thymio_msgs__rosidl_generator_cppExport.cmake
[112.210s] -- Installing: /home/user/ROS2swarm/install/thymio_msgs/share/thymio_msgs/cmake/thymio_msgs__rosidl_typesupport_introspection_cppExport.cmake
[112.211s] -- Installing: /home/user/ROS2swarm/install/thymio_msgs/share/thymio_msgs/cmake/thymio_msgs__rosidl_typesupport_introspection_cppExport-noconfig.cmake
[112.212s] -- Installing: /home/user/ROS2swarm/install/thymio_msgs/share/thymio_msgs/cmake/thymio_msgs__rosidl_typesupport_cppExport.cmake
[112.212s] -- Installing: /home/user/ROS2swarm/install/thymio_msgs/share/thymio_msgs/cmake/thymio_msgs__rosidl_typesupport_cppExport-noconfig.cmake
[112.219s] Invoked command in '/home/user/ROS2swarm/build/thymio_msgs' returned '0': CMAKE_PREFIX_PATH=${CMAKE_PREFIX_PATH}:/home/user/turtlebot3_ws/install/turtlebot3_teleop:/home/user/turtlebot3_ws/install/turtlebot3_example:/home/user/ROS2swarm/install/thymio_driver:/home/user/ROS2swarm/install/ros2swarm:/home/user/ROS2swarm/install/launch_gazebo:/home/user/install/turtlebot3_teleop:/home/user/install/ros2swarm:/home/user/install/launch_gazebo:/opt/ros/foxy _=/usr/bin/env /usr/bin/cmake --install /home/user/ROS2swarm/build/thymio_msgs
