[0.887s] DEBUG:colcon:Command line arguments: ['/usr/bin/colcon', 'build', '--symlink-install', '--packages-select', 'communication_interfaces', 'launch_gazebo', 'ros2swarm']
[0.887s] DEBUG:colcon:Parsed command line arguments: Namespace(ament_cmake_args=None, base_paths=['.'], build_base='build', catkin_cmake_args=None, catkin_skip_building_tests=False, cmake_args=None, cmake_clean_cache=False, cmake_clean_first=False, cmake_force_configure=False, cmake_target=None, cmake_target_skip_unavailable=False, continue_on_error=False, event_handlers=None, executor='parallel', ignore_user_meta=False, install_base='install', log_base=None, log_level=None, main=<bound method BuildVerb.main of <colcon_core.verb.build.BuildVerb object at 0x7f12025be040>>, merge_install=False, metas=['./colcon.meta'], packages_above=None, packages_above_and_dependencies=None, packages_above_depth=None, packages_end=None, packages_ignore=None, packages_ignore_regex=None, packages_select=['communication_interfaces', 'launch_gazebo', 'ros2swarm'], packages_select_build_failed=False, packages_select_by_dep=None, packages_select_regex=None, packages_select_test_failures=False, packages_skip=None, packages_skip_build_finished=False, packages_skip_by_dep=None, packages_skip_regex=None, packages_skip_test_passed=False, packages_skip_up_to=None, packages_start=None, packages_up_to=None, packages_up_to_regex=None, parallel_workers=8, paths=None, symlink_install=True, test_result_base=None, verb_extension=<colcon_core.verb.build.BuildVerb object at 0x7f12025be040>, verb_name='build', verb_parser=<colcon_defaults.argument_parser.defaults.DefaultArgumentsDecorator object at 0x7f12025be550>)
[0.903s] Level 1:colcon.colcon_core.package_discovery:discover_packages(colcon_meta) check parameters
[0.903s] Level 1:colcon.colcon_core.package_discovery:discover_packages(recursive) check parameters
[0.903s] Level 1:colcon.colcon_core.package_discovery:discover_packages(ignore) check parameters
[0.903s] Level 1:colcon.colcon_core.package_discovery:discover_packages(path) check parameters
[0.903s] Level 1:colcon.colcon_core.package_discovery:discover_packages(colcon_meta) discover
[0.903s] Level 1:colcon.colcon_core.package_discovery:discover_packages(recursive) discover
[0.903s] INFO:colcon.colcon_core.package_discovery:Crawling recursively for packages in '/home/user/ROS2swarm'
[0.903s] Level 1:colcon.colcon_core.package_identification:_identify(.) by extensions ['ignore', 'ignore_ament_install']
[0.904s] Level 1:colcon.colcon_core.package_identification:_identify(.) by extension 'ignore'
[0.904s] Level 1:colcon.colcon_core.package_identification:_identify(.) by extension 'ignore_ament_install'
[0.904s] Level 1:colcon.colcon_core.package_identification:_identify(.) by extensions ['colcon_pkg']
[0.904s] Level 1:colcon.colcon_core.package_identification:_identify(.) by extension 'colcon_pkg'
[0.904s] Level 1:colcon.colcon_core.package_identification:_identify(.) by extensions ['colcon_meta']
[0.904s] Level 1:colcon.colcon_core.package_identification:_identify(.) by extension 'colcon_meta'
[0.904s] Level 1:colcon.colcon_core.package_identification:_identify(.) by extensions ['ros']
[0.904s] Level 1:colcon.colcon_core.package_identification:_identify(.) by extension 'ros'
[0.918s] Level 1:colcon.colcon_core.package_identification:_identify(.) by extensions ['cmake', 'python']
[0.918s] Level 1:colcon.colcon_core.package_identification:_identify(.) by extension 'cmake'
[0.918s] Level 1:colcon.colcon_core.package_identification:_identify(.) by extension 'python'
[0.919s] Level 1:colcon.colcon_core.package_identification:_identify(.) by extensions ['python_setup_py']
[0.919s] Level 1:colcon.colcon_core.package_identification:_identify(.) by extension 'python_setup_py'
[0.919s] Level 1:colcon.colcon_core.package_identification:_identify(build) by extensions ['ignore', 'ignore_ament_install']
[0.919s] Level 1:colcon.colcon_core.package_identification:_identify(build) by extension 'ignore'
[0.919s] Level 1:colcon.colcon_core.package_identification:_identify(build) ignored
[0.919s] Level 1:colcon.colcon_core.package_identification:_identify(install) by extensions ['ignore', 'ignore_ament_install']
[0.919s] Level 1:colcon.colcon_core.package_identification:_identify(install) by extension 'ignore'
[0.919s] Level 1:colcon.colcon_core.package_identification:_identify(install) ignored
[0.920s] Level 1:colcon.colcon_core.package_identification:_identify(log) by extensions ['ignore', 'ignore_ament_install']
[0.920s] Level 1:colcon.colcon_core.package_identification:_identify(log) by extension 'ignore'
[0.920s] Level 1:colcon.colcon_core.package_identification:_identify(log) ignored
[0.920s] Level 1:colcon.colcon_core.package_identification:_identify(models) by extensions ['ignore', 'ignore_ament_install']
[0.920s] Level 1:colcon.colcon_core.package_identification:_identify(models) by extension 'ignore'
[0.920s] Level 1:colcon.colcon_core.package_identification:_identify(models) by extension 'ignore_ament_install'
[0.920s] Level 1:colcon.colcon_core.package_identification:_identify(models) by extensions ['colcon_pkg']
[0.920s] Level 1:colcon.colcon_core.package_identification:_identify(models) by extension 'colcon_pkg'
[0.920s] Level 1:colcon.colcon_core.package_identification:_identify(models) by extensions ['colcon_meta']
[0.920s] Level 1:colcon.colcon_core.package_identification:_identify(models) by extension 'colcon_meta'
[0.921s] Level 1:colcon.colcon_core.package_identification:_identify(models) by extensions ['ros']
[0.921s] Level 1:colcon.colcon_core.package_identification:_identify(models) by extension 'ros'
[0.921s] Level 1:colcon.colcon_core.package_identification:_identify(models) by extensions ['cmake', 'python']
[0.921s] Level 1:colcon.colcon_core.package_identification:_identify(models) by extension 'cmake'
[0.921s] Level 1:colcon.colcon_core.package_identification:_identify(models) by extension 'python'
[0.921s] Level 1:colcon.colcon_core.package_identification:_identify(models) by extensions ['python_setup_py']
[0.921s] Level 1:colcon.colcon_core.package_identification:_identify(models) by extension 'python_setup_py'
[0.921s] Level 1:colcon.colcon_core.package_identification:_identify(models/turtlebot3_burger_invisible_sensors) by extensions ['ignore', 'ignore_ament_install']
[0.921s] Level 1:colcon.colcon_core.package_identification:_identify(models/turtlebot3_burger_invisible_sensors) by extension 'ignore'
[0.922s] Level 1:colcon.colcon_core.package_identification:_identify(models/turtlebot3_burger_invisible_sensors) by extension 'ignore_ament_install'
[0.922s] Level 1:colcon.colcon_core.package_identification:_identify(models/turtlebot3_burger_invisible_sensors) by extensions ['colcon_pkg']
[0.922s] Level 1:colcon.colcon_core.package_identification:_identify(models/turtlebot3_burger_invisible_sensors) by extension 'colcon_pkg'
[0.922s] Level 1:colcon.colcon_core.package_identification:_identify(models/turtlebot3_burger_invisible_sensors) by extensions ['colcon_meta']
[0.922s] Level 1:colcon.colcon_core.package_identification:_identify(models/turtlebot3_burger_invisible_sensors) by extension 'colcon_meta'
[0.922s] Level 1:colcon.colcon_core.package_identification:_identify(models/turtlebot3_burger_invisible_sensors) by extensions ['ros']
[0.922s] Level 1:colcon.colcon_core.package_identification:_identify(models/turtlebot3_burger_invisible_sensors) by extension 'ros'
[0.922s] Level 1:colcon.colcon_core.package_identification:_identify(models/turtlebot3_burger_invisible_sensors) by extensions ['cmake', 'python']
[0.922s] Level 1:colcon.colcon_core.package_identification:_identify(models/turtlebot3_burger_invisible_sensors) by extension 'cmake'
[0.922s] Level 1:colcon.colcon_core.package_identification:_identify(models/turtlebot3_burger_invisible_sensors) by extension 'python'
[0.922s] Level 1:colcon.colcon_core.package_identification:_identify(models/turtlebot3_burger_invisible_sensors) by extensions ['python_setup_py']
[0.922s] Level 1:colcon.colcon_core.package_identification:_identify(models/turtlebot3_burger_invisible_sensors) by extension 'python_setup_py'
[0.923s] Level 1:colcon.colcon_core.package_identification:_identify(models/turtlebot3_burger_invisible_sensors/meshes) by extensions ['ignore', 'ignore_ament_install']
[0.923s] Level 1:colcon.colcon_core.package_identification:_identify(models/turtlebot3_burger_invisible_sensors/meshes) by extension 'ignore'
[0.923s] Level 1:colcon.colcon_core.package_identification:_identify(models/turtlebot3_burger_invisible_sensors/meshes) by extension 'ignore_ament_install'
[0.923s] Level 1:colcon.colcon_core.package_identification:_identify(models/turtlebot3_burger_invisible_sensors/meshes) by extensions ['colcon_pkg']
[0.923s] Level 1:colcon.colcon_core.package_identification:_identify(models/turtlebot3_burger_invisible_sensors/meshes) by extension 'colcon_pkg'
[0.923s] Level 1:colcon.colcon_core.package_identification:_identify(models/turtlebot3_burger_invisible_sensors/meshes) by extensions ['colcon_meta']
[0.923s] Level 1:colcon.colcon_core.package_identification:_identify(models/turtlebot3_burger_invisible_sensors/meshes) by extension 'colcon_meta'
[0.923s] Level 1:colcon.colcon_core.package_identification:_identify(models/turtlebot3_burger_invisible_sensors/meshes) by extensions ['ros']
[0.923s] Level 1:colcon.colcon_core.package_identification:_identify(models/turtlebot3_burger_invisible_sensors/meshes) by extension 'ros'
[0.923s] Level 1:colcon.colcon_core.package_identification:_identify(models/turtlebot3_burger_invisible_sensors/meshes) by extensions ['cmake', 'python']
[0.924s] Level 1:colcon.colcon_core.package_identification:_identify(models/turtlebot3_burger_invisible_sensors/meshes) by extension 'cmake'
[0.924s] Level 1:colcon.colcon_core.package_identification:_identify(models/turtlebot3_burger_invisible_sensors/meshes) by extension 'python'
[0.924s] Level 1:colcon.colcon_core.package_identification:_identify(models/turtlebot3_burger_invisible_sensors/meshes) by extensions ['python_setup_py']
[0.924s] Level 1:colcon.colcon_core.package_identification:_identify(models/turtlebot3_burger_invisible_sensors/meshes) by extension 'python_setup_py'
[0.924s] Level 1:colcon.colcon_core.package_identification:_identify(models/turtlebot3_waffle_pi_invisible_sensors) by extensions ['ignore', 'ignore_ament_install']
[0.924s] Level 1:colcon.colcon_core.package_identification:_identify(models/turtlebot3_waffle_pi_invisible_sensors) by extension 'ignore'
[0.924s] Level 1:colcon.colcon_core.package_identification:_identify(models/turtlebot3_waffle_pi_invisible_sensors) by extension 'ignore_ament_install'
[0.924s] Level 1:colcon.colcon_core.package_identification:_identify(models/turtlebot3_waffle_pi_invisible_sensors) by extensions ['colcon_pkg']
[0.924s] Level 1:colcon.colcon_core.package_identification:_identify(models/turtlebot3_waffle_pi_invisible_sensors) by extension 'colcon_pkg'
[0.924s] Level 1:colcon.colcon_core.package_identification:_identify(models/turtlebot3_waffle_pi_invisible_sensors) by extensions ['colcon_meta']
[0.924s] Level 1:colcon.colcon_core.package_identification:_identify(models/turtlebot3_waffle_pi_invisible_sensors) by extension 'colcon_meta'
[0.925s] Level 1:colcon.colcon_core.package_identification:_identify(models/turtlebot3_waffle_pi_invisible_sensors) by extensions ['ros']
[0.925s] Level 1:colcon.colcon_core.package_identification:_identify(models/turtlebot3_waffle_pi_invisible_sensors) by extension 'ros'
[0.925s] Level 1:colcon.colcon_core.package_identification:_identify(models/turtlebot3_waffle_pi_invisible_sensors) by extensions ['cmake', 'python']
[0.925s] Level 1:colcon.colcon_core.package_identification:_identify(models/turtlebot3_waffle_pi_invisible_sensors) by extension 'cmake'
[0.925s] Level 1:colcon.colcon_core.package_identification:_identify(models/turtlebot3_waffle_pi_invisible_sensors) by extension 'python'
[0.925s] Level 1:colcon.colcon_core.package_identification:_identify(models/turtlebot3_waffle_pi_invisible_sensors) by extensions ['python_setup_py']
[0.925s] Level 1:colcon.colcon_core.package_identification:_identify(models/turtlebot3_waffle_pi_invisible_sensors) by extension 'python_setup_py'
[0.925s] Level 1:colcon.colcon_core.package_identification:_identify(models/turtlebot3_waffle_pi_invisible_sensors/meshes) by extensions ['ignore', 'ignore_ament_install']
[0.925s] Level 1:colcon.colcon_core.package_identification:_identify(models/turtlebot3_waffle_pi_invisible_sensors/meshes) by extension 'ignore'
[0.925s] Level 1:colcon.colcon_core.package_identification:_identify(models/turtlebot3_waffle_pi_invisible_sensors/meshes) by extension 'ignore_ament_install'
[0.926s] Level 1:colcon.colcon_core.package_identification:_identify(models/turtlebot3_waffle_pi_invisible_sensors/meshes) by extensions ['colcon_pkg']
[0.926s] Level 1:colcon.colcon_core.package_identification:_identify(models/turtlebot3_waffle_pi_invisible_sensors/meshes) by extension 'colcon_pkg'
[0.926s] Level 1:colcon.colcon_core.package_identification:_identify(models/turtlebot3_waffle_pi_invisible_sensors/meshes) by extensions ['colcon_meta']
[0.926s] Level 1:colcon.colcon_core.package_identification:_identify(models/turtlebot3_waffle_pi_invisible_sensors/meshes) by extension 'colcon_meta'
[0.926s] Level 1:colcon.colcon_core.package_identification:_identify(models/turtlebot3_waffle_pi_invisible_sensors/meshes) by extensions ['ros']
[0.926s] Level 1:colcon.colcon_core.package_identification:_identify(models/turtlebot3_waffle_pi_invisible_sensors/meshes) by extension 'ros'
[0.926s] Level 1:colcon.colcon_core.package_identification:_identify(models/turtlebot3_waffle_pi_invisible_sensors/meshes) by extensions ['cmake', 'python']
[0.926s] Level 1:colcon.colcon_core.package_identification:_identify(models/turtlebot3_waffle_pi_invisible_sensors/meshes) by extension 'cmake'
[0.926s] Level 1:colcon.colcon_core.package_identification:_identify(models/turtlebot3_waffle_pi_invisible_sensors/meshes) by extension 'python'
[0.926s] Level 1:colcon.colcon_core.package_identification:_identify(models/turtlebot3_waffle_pi_invisible_sensors/meshes) by extensions ['python_setup_py']
[0.926s] Level 1:colcon.colcon_core.package_identification:_identify(models/turtlebot3_waffle_pi_invisible_sensors/meshes) by extension 'python_setup_py'
[0.927s] Level 1:colcon.colcon_core.package_identification:_identify(models/turtlebot3_waffle_pi_led) by extensions ['ignore', 'ignore_ament_install']
[0.927s] Level 1:colcon.colcon_core.package_identification:_identify(models/turtlebot3_waffle_pi_led) by extension 'ignore'
[0.927s] Level 1:colcon.colcon_core.package_identification:_identify(models/turtlebot3_waffle_pi_led) by extension 'ignore_ament_install'
[0.927s] Level 1:colcon.colcon_core.package_identification:_identify(models/turtlebot3_waffle_pi_led) by extensions ['colcon_pkg']
[0.927s] Level 1:colcon.colcon_core.package_identification:_identify(models/turtlebot3_waffle_pi_led) by extension 'colcon_pkg'
[0.927s] Level 1:colcon.colcon_core.package_identification:_identify(models/turtlebot3_waffle_pi_led) by extensions ['colcon_meta']
[0.927s] Level 1:colcon.colcon_core.package_identification:_identify(models/turtlebot3_waffle_pi_led) by extension 'colcon_meta'
[0.927s] Level 1:colcon.colcon_core.package_identification:_identify(models/turtlebot3_waffle_pi_led) by extensions ['ros']
[0.927s] Level 1:colcon.colcon_core.package_identification:_identify(models/turtlebot3_waffle_pi_led) by extension 'ros'
[0.927s] Level 1:colcon.colcon_core.package_identification:_identify(models/turtlebot3_waffle_pi_led) by extensions ['cmake', 'python']
[0.927s] Level 1:colcon.colcon_core.package_identification:_identify(models/turtlebot3_waffle_pi_led) by extension 'cmake'
[0.928s] Level 1:colcon.colcon_core.package_identification:_identify(models/turtlebot3_waffle_pi_led) by extension 'python'
[0.928s] Level 1:colcon.colcon_core.package_identification:_identify(models/turtlebot3_waffle_pi_led) by extensions ['python_setup_py']
[0.928s] Level 1:colcon.colcon_core.package_identification:_identify(models/turtlebot3_waffle_pi_led) by extension 'python_setup_py'
[0.928s] Level 1:colcon.colcon_core.package_identification:_identify(models/turtlebot3_waffle_pi_led/meshes) by extensions ['ignore', 'ignore_ament_install']
[0.928s] Level 1:colcon.colcon_core.package_identification:_identify(models/turtlebot3_waffle_pi_led/meshes) by extension 'ignore'
[0.928s] Level 1:colcon.colcon_core.package_identification:_identify(models/turtlebot3_waffle_pi_led/meshes) by extension 'ignore_ament_install'
[0.928s] Level 1:colcon.colcon_core.package_identification:_identify(models/turtlebot3_waffle_pi_led/meshes) by extensions ['colcon_pkg']
[0.928s] Level 1:colcon.colcon_core.package_identification:_identify(models/turtlebot3_waffle_pi_led/meshes) by extension 'colcon_pkg'
[0.928s] Level 1:colcon.colcon_core.package_identification:_identify(models/turtlebot3_waffle_pi_led/meshes) by extensions ['colcon_meta']
[0.928s] Level 1:colcon.colcon_core.package_identification:_identify(models/turtlebot3_waffle_pi_led/meshes) by extension 'colcon_meta'
[0.929s] Level 1:colcon.colcon_core.package_identification:_identify(models/turtlebot3_waffle_pi_led/meshes) by extensions ['ros']
[0.929s] Level 1:colcon.colcon_core.package_identification:_identify(models/turtlebot3_waffle_pi_led/meshes) by extension 'ros'
[0.929s] Level 1:colcon.colcon_core.package_identification:_identify(models/turtlebot3_waffle_pi_led/meshes) by extensions ['cmake', 'python']
[0.929s] Level 1:colcon.colcon_core.package_identification:_identify(models/turtlebot3_waffle_pi_led/meshes) by extension 'cmake'
[0.929s] Level 1:colcon.colcon_core.package_identification:_identify(models/turtlebot3_waffle_pi_led/meshes) by extension 'python'
[0.929s] Level 1:colcon.colcon_core.package_identification:_identify(models/turtlebot3_waffle_pi_led/meshes) by extensions ['python_setup_py']
[0.929s] Level 1:colcon.colcon_core.package_identification:_identify(models/turtlebot3_waffle_pi_led/meshes) by extension 'python_setup_py'
[0.929s] Level 1:colcon.colcon_core.package_identification:_identify(scripts) by extensions ['ignore', 'ignore_ament_install']
[0.929s] Level 1:colcon.colcon_core.package_identification:_identify(scripts) by extension 'ignore'
[0.929s] Level 1:colcon.colcon_core.package_identification:_identify(scripts) by extension 'ignore_ament_install'
[0.930s] Level 1:colcon.colcon_core.package_identification:_identify(scripts) by extensions ['colcon_pkg']
[0.930s] Level 1:colcon.colcon_core.package_identification:_identify(scripts) by extension 'colcon_pkg'
[0.930s] Level 1:colcon.colcon_core.package_identification:_identify(scripts) by extensions ['colcon_meta']
[0.930s] Level 1:colcon.colcon_core.package_identification:_identify(scripts) by extension 'colcon_meta'
[0.930s] Level 1:colcon.colcon_core.package_identification:_identify(scripts) by extensions ['ros']
[0.930s] Level 1:colcon.colcon_core.package_identification:_identify(scripts) by extension 'ros'
[0.930s] Level 1:colcon.colcon_core.package_identification:_identify(scripts) by extensions ['cmake', 'python']
[0.930s] Level 1:colcon.colcon_core.package_identification:_identify(scripts) by extension 'cmake'
[0.930s] Level 1:colcon.colcon_core.package_identification:_identify(scripts) by extension 'python'
[0.931s] Level 1:colcon.colcon_core.package_identification:_identify(scripts) by extensions ['python_setup_py']
[0.931s] Level 1:colcon.colcon_core.package_identification:_identify(scripts) by extension 'python_setup_py'
[0.931s] Level 1:colcon.colcon_core.package_identification:_identify(src) by extensions ['ignore', 'ignore_ament_install']
[0.931s] Level 1:colcon.colcon_core.package_identification:_identify(src) by extension 'ignore'
[0.931s] Level 1:colcon.colcon_core.package_identification:_identify(src) by extension 'ignore_ament_install'
[0.931s] Level 1:colcon.colcon_core.package_identification:_identify(src) by extensions ['colcon_pkg']
[0.931s] Level 1:colcon.colcon_core.package_identification:_identify(src) by extension 'colcon_pkg'
[0.931s] Level 1:colcon.colcon_core.package_identification:_identify(src) by extensions ['colcon_meta']
[0.932s] Level 1:colcon.colcon_core.package_identification:_identify(src) by extension 'colcon_meta'
[0.932s] Level 1:colcon.colcon_core.package_identification:_identify(src) by extensions ['ros']
[0.932s] Level 1:colcon.colcon_core.package_identification:_identify(src) by extension 'ros'
[0.932s] Level 1:colcon.colcon_core.package_identification:_identify(src) by extensions ['cmake', 'python']
[0.932s] Level 1:colcon.colcon_core.package_identification:_identify(src) by extension 'cmake'
[0.932s] Level 1:colcon.colcon_core.package_identification:_identify(src) by extension 'python'
[0.932s] Level 1:colcon.colcon_core.package_identification:_identify(src) by extensions ['python_setup_py']
[0.932s] Level 1:colcon.colcon_core.package_identification:_identify(src) by extension 'python_setup_py'
[0.932s] Level 1:colcon.colcon_core.package_identification:_identify(src/communication_interfaces) by extensions ['ignore', 'ignore_ament_install']
[0.933s] Level 1:colcon.colcon_core.package_identification:_identify(src/communication_interfaces) by extension 'ignore'
[0.933s] Level 1:colcon.colcon_core.package_identification:_identify(src/communication_interfaces) by extension 'ignore_ament_install'
[0.933s] Level 1:colcon.colcon_core.package_identification:_identify(src/communication_interfaces) by extensions ['colcon_pkg']
[0.933s] Level 1:colcon.colcon_core.package_identification:_identify(src/communication_interfaces) by extension 'colcon_pkg'
[0.933s] Level 1:colcon.colcon_core.package_identification:_identify(src/communication_interfaces) by extensions ['colcon_meta']
[0.933s] Level 1:colcon.colcon_core.package_identification:_identify(src/communication_interfaces) by extension 'colcon_meta'
[0.933s] Level 1:colcon.colcon_core.package_identification:_identify(src/communication_interfaces) by extensions ['ros']
[0.933s] Level 1:colcon.colcon_core.package_identification:_identify(src/communication_interfaces) by extension 'ros'
[0.936s] DEBUG:colcon.colcon_core.package_identification:Package 'src/communication_interfaces' with type 'ros.ament_cmake' and name 'communication_interfaces'
[0.936s] Level 1:colcon.colcon_core.package_identification:_identify(src/launch_gazebo) by extensions ['ignore', 'ignore_ament_install']
[0.937s] Level 1:colcon.colcon_core.package_identification:_identify(src/launch_gazebo) by extension 'ignore'
[0.937s] Level 1:colcon.colcon_core.package_identification:_identify(src/launch_gazebo) by extension 'ignore_ament_install'
[0.937s] Level 1:colcon.colcon_core.package_identification:_identify(src/launch_gazebo) by extensions ['colcon_pkg']
[0.937s] Level 1:colcon.colcon_core.package_identification:_identify(src/launch_gazebo) by extension 'colcon_pkg'
[0.937s] Level 1:colcon.colcon_core.package_identification:_identify(src/launch_gazebo) by extensions ['colcon_meta']
[0.937s] Level 1:colcon.colcon_core.package_identification:_identify(src/launch_gazebo) by extension 'colcon_meta'
[0.937s] Level 1:colcon.colcon_core.package_identification:_identify(src/launch_gazebo) by extensions ['ros']
[0.937s] Level 1:colcon.colcon_core.package_identification:_identify(src/launch_gazebo) by extension 'ros'
[0.938s] DEBUG:colcon.colcon_core.package_identification:Package 'src/launch_gazebo' with type 'ros.ament_python' and name 'launch_gazebo'
[0.938s] Level 1:colcon.colcon_core.package_identification:_identify(src/ros-thymio) by extensions ['ignore', 'ignore_ament_install']
[0.938s] Level 1:colcon.colcon_core.package_identification:_identify(src/ros-thymio) by extension 'ignore'
[0.938s] Level 1:colcon.colcon_core.package_identification:_identify(src/ros-thymio) by extension 'ignore_ament_install'
[0.938s] Level 1:colcon.colcon_core.package_identification:_identify(src/ros-thymio) by extensions ['colcon_pkg']
[0.938s] Level 1:colcon.colcon_core.package_identification:_identify(src/ros-thymio) by extension 'colcon_pkg'
[0.938s] Level 1:colcon.colcon_core.package_identification:_identify(src/ros-thymio) by extensions ['colcon_meta']
[0.939s] Level 1:colcon.colcon_core.package_identification:_identify(src/ros-thymio) by extension 'colcon_meta'
[0.939s] Level 1:colcon.colcon_core.package_identification:_identify(src/ros-thymio) by extensions ['ros']
[0.939s] Level 1:colcon.colcon_core.package_identification:_identify(src/ros-thymio) by extension 'ros'
[0.939s] Level 1:colcon.colcon_core.package_identification:_identify(src/ros-thymio) by extensions ['cmake', 'python']
[0.939s] Level 1:colcon.colcon_core.package_identification:_identify(src/ros-thymio) by extension 'cmake'
[0.939s] Level 1:colcon.colcon_core.package_identification:_identify(src/ros-thymio) by extension 'python'
[0.939s] Level 1:colcon.colcon_core.package_identification:_identify(src/ros-thymio) by extensions ['python_setup_py']
[0.939s] Level 1:colcon.colcon_core.package_identification:_identify(src/ros-thymio) by extension 'python_setup_py'
[0.939s] Level 1:colcon.colcon_core.package_identification:_identify(src/ros-thymio/docker) by extensions ['ignore', 'ignore_ament_install']
[0.939s] Level 1:colcon.colcon_core.package_identification:_identify(src/ros-thymio/docker) by extension 'ignore'
[0.939s] Level 1:colcon.colcon_core.package_identification:_identify(src/ros-thymio/docker) by extension 'ignore_ament_install'
[0.940s] Level 1:colcon.colcon_core.package_identification:_identify(src/ros-thymio/docker) by extensions ['colcon_pkg']
[0.940s] Level 1:colcon.colcon_core.package_identification:_identify(src/ros-thymio/docker) by extension 'colcon_pkg'
[0.940s] Level 1:colcon.colcon_core.package_identification:_identify(src/ros-thymio/docker) by extensions ['colcon_meta']
[0.940s] Level 1:colcon.colcon_core.package_identification:_identify(src/ros-thymio/docker) by extension 'colcon_meta'
[0.940s] Level 1:colcon.colcon_core.package_identification:_identify(src/ros-thymio/docker) by extensions ['ros']
[0.940s] Level 1:colcon.colcon_core.package_identification:_identify(src/ros-thymio/docker) by extension 'ros'
[0.940s] Level 1:colcon.colcon_core.package_identification:_identify(src/ros-thymio/docker) by extensions ['cmake', 'python']
[0.940s] Level 1:colcon.colcon_core.package_identification:_identify(src/ros-thymio/docker) by extension 'cmake'
[0.940s] Level 1:colcon.colcon_core.package_identification:_identify(src/ros-thymio/docker) by extension 'python'
[0.940s] Level 1:colcon.colcon_core.package_identification:_identify(src/ros-thymio/docker) by extensions ['python_setup_py']
[0.940s] Level 1:colcon.colcon_core.package_identification:_identify(src/ros-thymio/docker) by extension 'python_setup_py'
[0.940s] Level 1:colcon.colcon_core.package_identification:_identify(src/ros-thymio/docker/foxy) by extensions ['ignore', 'ignore_ament_install']
[0.941s] Level 1:colcon.colcon_core.package_identification:_identify(src/ros-thymio/docker/foxy) by extension 'ignore'
[0.941s] Level 1:colcon.colcon_core.package_identification:_identify(src/ros-thymio/docker/foxy) by extension 'ignore_ament_install'
[0.941s] Level 1:colcon.colcon_core.package_identification:_identify(src/ros-thymio/docker/foxy) by extensions ['colcon_pkg']
[0.941s] Level 1:colcon.colcon_core.package_identification:_identify(src/ros-thymio/docker/foxy) by extension 'colcon_pkg'
[0.941s] Level 1:colcon.colcon_core.package_identification:_identify(src/ros-thymio/docker/foxy) by extensions ['colcon_meta']
[0.941s] Level 1:colcon.colcon_core.package_identification:_identify(src/ros-thymio/docker/foxy) by extension 'colcon_meta'
[0.941s] Level 1:colcon.colcon_core.package_identification:_identify(src/ros-thymio/docker/foxy) by extensions ['ros']
[0.941s] Level 1:colcon.colcon_core.package_identification:_identify(src/ros-thymio/docker/foxy) by extension 'ros'
[0.941s] Level 1:colcon.colcon_core.package_identification:_identify(src/ros-thymio/docker/foxy) by extensions ['cmake', 'python']
[0.941s] Level 1:colcon.colcon_core.package_identification:_identify(src/ros-thymio/docker/foxy) by extension 'cmake'
[0.941s] Level 1:colcon.colcon_core.package_identification:_identify(src/ros-thymio/docker/foxy) by extension 'python'
[0.942s] Level 1:colcon.colcon_core.package_identification:_identify(src/ros-thymio/docker/foxy) by extensions ['python_setup_py']
[0.942s] Level 1:colcon.colcon_core.package_identification:_identify(src/ros-thymio/docker/foxy) by extension 'python_setup_py'
[0.942s] Level 1:colcon.colcon_core.package_identification:_identify(src/ros-thymio/docker/galactic) by extensions ['ignore', 'ignore_ament_install']
[0.942s] Level 1:colcon.colcon_core.package_identification:_identify(src/ros-thymio/docker/galactic) by extension 'ignore'
[0.942s] Level 1:colcon.colcon_core.package_identification:_identify(src/ros-thymio/docker/galactic) by extension 'ignore_ament_install'
[0.942s] Level 1:colcon.colcon_core.package_identification:_identify(src/ros-thymio/docker/galactic) by extensions ['colcon_pkg']
[0.942s] Level 1:colcon.colcon_core.package_identification:_identify(src/ros-thymio/docker/galactic) by extension 'colcon_pkg'
[0.942s] Level 1:colcon.colcon_core.package_identification:_identify(src/ros-thymio/docker/galactic) by extensions ['colcon_meta']
[0.942s] Level 1:colcon.colcon_core.package_identification:_identify(src/ros-thymio/docker/galactic) by extension 'colcon_meta'
[0.942s] Level 1:colcon.colcon_core.package_identification:_identify(src/ros-thymio/docker/galactic) by extensions ['ros']
[0.942s] Level 1:colcon.colcon_core.package_identification:_identify(src/ros-thymio/docker/galactic) by extension 'ros'
[0.943s] Level 1:colcon.colcon_core.package_identification:_identify(src/ros-thymio/docker/galactic) by extensions ['cmake', 'python']
[0.943s] Level 1:colcon.colcon_core.package_identification:_identify(src/ros-thymio/docker/galactic) by extension 'cmake'
[0.943s] Level 1:colcon.colcon_core.package_identification:_identify(src/ros-thymio/docker/galactic) by extension 'python'
[0.943s] Level 1:colcon.colcon_core.package_identification:_identify(src/ros-thymio/docker/galactic) by extensions ['python_setup_py']
[0.943s] Level 1:colcon.colcon_core.package_identification:_identify(src/ros-thymio/docker/galactic) by extension 'python_setup_py'
[0.943s] Level 1:colcon.colcon_core.package_identification:_identify(src/ros-thymio/docker/melodic) by extensions ['ignore', 'ignore_ament_install']
[0.943s] Level 1:colcon.colcon_core.package_identification:_identify(src/ros-thymio/docker/melodic) by extension 'ignore'
[0.943s] Level 1:colcon.colcon_core.package_identification:_identify(src/ros-thymio/docker/melodic) by extension 'ignore_ament_install'
[0.943s] Level 1:colcon.colcon_core.package_identification:_identify(src/ros-thymio/docker/melodic) by extensions ['colcon_pkg']
[0.943s] Level 1:colcon.colcon_core.package_identification:_identify(src/ros-thymio/docker/melodic) by extension 'colcon_pkg'
[0.944s] Level 1:colcon.colcon_core.package_identification:_identify(src/ros-thymio/docker/melodic) by extensions ['colcon_meta']
[0.944s] Level 1:colcon.colcon_core.package_identification:_identify(src/ros-thymio/docker/melodic) by extension 'colcon_meta'
[0.944s] Level 1:colcon.colcon_core.package_identification:_identify(src/ros-thymio/docker/melodic) by extensions ['ros']
[0.944s] Level 1:colcon.colcon_core.package_identification:_identify(src/ros-thymio/docker/melodic) by extension 'ros'
[0.944s] Level 1:colcon.colcon_core.package_identification:_identify(src/ros-thymio/docker/melodic) by extensions ['cmake', 'python']
[0.944s] Level 1:colcon.colcon_core.package_identification:_identify(src/ros-thymio/docker/melodic) by extension 'cmake'
[0.944s] Level 1:colcon.colcon_core.package_identification:_identify(src/ros-thymio/docker/melodic) by extension 'python'
[0.944s] Level 1:colcon.colcon_core.package_identification:_identify(src/ros-thymio/docker/melodic) by extensions ['python_setup_py']
[0.944s] Level 1:colcon.colcon_core.package_identification:_identify(src/ros-thymio/docker/melodic) by extension 'python_setup_py'
[0.944s] Level 1:colcon.colcon_core.package_identification:_identify(src/ros-thymio/docker/noetic) by extensions ['ignore', 'ignore_ament_install']
[0.945s] Level 1:colcon.colcon_core.package_identification:_identify(src/ros-thymio/docker/noetic) by extension 'ignore'
[0.945s] Level 1:colcon.colcon_core.package_identification:_identify(src/ros-thymio/docker/noetic) by extension 'ignore_ament_install'
[0.945s] Level 1:colcon.colcon_core.package_identification:_identify(src/ros-thymio/docker/noetic) by extensions ['colcon_pkg']
[0.945s] Level 1:colcon.colcon_core.package_identification:_identify(src/ros-thymio/docker/noetic) by extension 'colcon_pkg'
[0.945s] Level 1:colcon.colcon_core.package_identification:_identify(src/ros-thymio/docker/noetic) by extensions ['colcon_meta']
[0.945s] Level 1:colcon.colcon_core.package_identification:_identify(src/ros-thymio/docker/noetic) by extension 'colcon_meta'
[0.945s] Level 1:colcon.colcon_core.package_identification:_identify(src/ros-thymio/docker/noetic) by extensions ['ros']
[0.945s] Level 1:colcon.colcon_core.package_identification:_identify(src/ros-thymio/docker/noetic) by extension 'ros'
[0.945s] Level 1:colcon.colcon_core.package_identification:_identify(src/ros-thymio/docker/noetic) by extensions ['cmake', 'python']
[0.945s] Level 1:colcon.colcon_core.package_identification:_identify(src/ros-thymio/docker/noetic) by extension 'cmake'
[0.945s] Level 1:colcon.colcon_core.package_identification:_identify(src/ros-thymio/docker/noetic) by extension 'python'
[0.945s] Level 1:colcon.colcon_core.package_identification:_identify(src/ros-thymio/docker/noetic) by extensions ['python_setup_py']
[0.946s] Level 1:colcon.colcon_core.package_identification:_identify(src/ros-thymio/docker/noetic) by extension 'python_setup_py'
[0.946s] Level 1:colcon.colcon_core.package_identification:_identify(src/ros-thymio/thymio_description) by extensions ['ignore', 'ignore_ament_install']
[0.946s] Level 1:colcon.colcon_core.package_identification:_identify(src/ros-thymio/thymio_description) by extension 'ignore'
[0.946s] Level 1:colcon.colcon_core.package_identification:_identify(src/ros-thymio/thymio_description) by extension 'ignore_ament_install'
[0.946s] Level 1:colcon.colcon_core.package_identification:_identify(src/ros-thymio/thymio_description) by extensions ['colcon_pkg']
[0.946s] Level 1:colcon.colcon_core.package_identification:_identify(src/ros-thymio/thymio_description) by extension 'colcon_pkg'
[0.946s] Level 1:colcon.colcon_core.package_identification:_identify(src/ros-thymio/thymio_description) by extensions ['colcon_meta']
[0.946s] Level 1:colcon.colcon_core.package_identification:_identify(src/ros-thymio/thymio_description) by extension 'colcon_meta'
[0.946s] Level 1:colcon.colcon_core.package_identification:_identify(src/ros-thymio/thymio_description) by extensions ['ros']
[0.946s] Level 1:colcon.colcon_core.package_identification:_identify(src/ros-thymio/thymio_description) by extension 'ros'
[0.947s] DEBUG:colcon.colcon_core.package_identification:Package 'src/ros-thymio/thymio_description' with type 'ros.ament_cmake' and name 'thymio_description'
[0.947s] Level 1:colcon.colcon_core.package_identification:_identify(src/ros-thymio/thymio_driver) by extensions ['ignore', 'ignore_ament_install']
[0.947s] Level 1:colcon.colcon_core.package_identification:_identify(src/ros-thymio/thymio_driver) by extension 'ignore'
[0.947s] Level 1:colcon.colcon_core.package_identification:_identify(src/ros-thymio/thymio_driver) by extension 'ignore_ament_install'
[0.948s] Level 1:colcon.colcon_core.package_identification:_identify(src/ros-thymio/thymio_driver) by extensions ['colcon_pkg']
[0.948s] Level 1:colcon.colcon_core.package_identification:_identify(src/ros-thymio/thymio_driver) by extension 'colcon_pkg'
[0.948s] Level 1:colcon.colcon_core.package_identification:_identify(src/ros-thymio/thymio_driver) by extensions ['colcon_meta']
[0.948s] Level 1:colcon.colcon_core.package_identification:_identify(src/ros-thymio/thymio_driver) by extension 'colcon_meta'
[0.948s] Level 1:colcon.colcon_core.package_identification:_identify(src/ros-thymio/thymio_driver) by extensions ['ros']
[0.948s] Level 1:colcon.colcon_core.package_identification:_identify(src/ros-thymio/thymio_driver) by extension 'ros'
[0.949s] DEBUG:colcon.colcon_core.package_identification:Package 'src/ros-thymio/thymio_driver' with type 'ros.ament_python' and name 'thymio_driver'
[0.949s] Level 1:colcon.colcon_core.package_identification:_identify(src/ros-thymio/thymio_msgs) by extensions ['ignore', 'ignore_ament_install']
[0.949s] Level 1:colcon.colcon_core.package_identification:_identify(src/ros-thymio/thymio_msgs) by extension 'ignore'
[0.949s] Level 1:colcon.colcon_core.package_identification:_identify(src/ros-thymio/thymio_msgs) by extension 'ignore_ament_install'
[0.949s] Level 1:colcon.colcon_core.package_identification:_identify(src/ros-thymio/thymio_msgs) by extensions ['colcon_pkg']
[0.949s] Level 1:colcon.colcon_core.package_identification:_identify(src/ros-thymio/thymio_msgs) by extension 'colcon_pkg'
[0.949s] Level 1:colcon.colcon_core.package_identification:_identify(src/ros-thymio/thymio_msgs) by extensions ['colcon_meta']
[0.950s] Level 1:colcon.colcon_core.package_identification:_identify(src/ros-thymio/thymio_msgs) by extension 'colcon_meta'
[0.950s] Level 1:colcon.colcon_core.package_identification:_identify(src/ros-thymio/thymio_msgs) by extensions ['ros']
[0.950s] Level 1:colcon.colcon_core.package_identification:_identify(src/ros-thymio/thymio_msgs) by extension 'ros'
[0.950s] DEBUG:colcon.colcon_core.package_identification:Package 'src/ros-thymio/thymio_msgs' with type 'ros.ament_cmake' and name 'thymio_msgs'
[0.950s] Level 1:colcon.colcon_core.package_identification:_identify(src/ros2swarm) by extensions ['ignore', 'ignore_ament_install']
[0.951s] Level 1:colcon.colcon_core.package_identification:_identify(src/ros2swarm) by extension 'ignore'
[0.951s] Level 1:colcon.colcon_core.package_identification:_identify(src/ros2swarm) by extension 'ignore_ament_install'
[0.951s] Level 1:colcon.colcon_core.package_identification:_identify(src/ros2swarm) by extensions ['colcon_pkg']
[0.951s] Level 1:colcon.colcon_core.package_identification:_identify(src/ros2swarm) by extension 'colcon_pkg'
[0.951s] Level 1:colcon.colcon_core.package_identification:_identify(src/ros2swarm) by extensions ['colcon_meta']
[0.951s] Level 1:colcon.colcon_core.package_identification:_identify(src/ros2swarm) by extension 'colcon_meta'
[0.951s] Level 1:colcon.colcon_core.package_identification:_identify(src/ros2swarm) by extensions ['ros']
[0.951s] Level 1:colcon.colcon_core.package_identification:_identify(src/ros2swarm) by extension 'ros'
[0.952s] DEBUG:colcon.colcon_core.package_identification:Package 'src/ros2swarm' with type 'ros.ament_python' and name 'ros2swarm'
[0.952s] Level 1:colcon.colcon_core.package_discovery:discover_packages(recursive) using defaults
[0.952s] Level 1:colcon.colcon_core.package_discovery:discover_packages(ignore) discover
[0.952s] Level 1:colcon.colcon_core.package_discovery:discover_packages(ignore) using defaults
[0.952s] Level 1:colcon.colcon_core.package_discovery:discover_packages(path) discover
[0.952s] Level 1:colcon.colcon_core.package_discovery:discover_packages(path) using defaults
[1.104s] INFO:colcon.colcon_core.package_selection:Skipping not selected package 'thymio_description' in 'src/ros-thymio/thymio_description'
[1.104s] INFO:colcon.colcon_core.package_selection:Skipping not selected package 'thymio_msgs' in 'src/ros-thymio/thymio_msgs'
[1.104s] INFO:colcon.colcon_core.package_selection:Skipping not selected package 'thymio_driver' in 'src/ros-thymio/thymio_driver'
[1.108s] Level 5:colcon.colcon_core.verb:set package 'communication_interfaces' build argument 'cmake_args' from command line to 'None'
[1.108s] Level 5:colcon.colcon_core.verb:set package 'communication_interfaces' build argument 'cmake_target' from command line to 'None'
[1.108s] Level 5:colcon.colcon_core.verb:set package 'communication_interfaces' build argument 'cmake_target_skip_unavailable' from command line to 'False'
[1.108s] Level 5:colcon.colcon_core.verb:set package 'communication_interfaces' build argument 'cmake_clean_cache' from command line to 'False'
[1.108s] Level 5:colcon.colcon_core.verb:set package 'communication_interfaces' build argument 'cmake_clean_first' from command line to 'False'
[1.108s] Level 5:colcon.colcon_core.verb:set package 'communication_interfaces' build argument 'cmake_force_configure' from command line to 'False'
[1.108s] Level 5:colcon.colcon_core.verb:set package 'communication_interfaces' build argument 'ament_cmake_args' from command line to 'None'
[1.108s] Level 5:colcon.colcon_core.verb:set package 'communication_interfaces' build argument 'catkin_cmake_args' from command line to 'None'
[1.108s] Level 5:colcon.colcon_core.verb:set package 'communication_interfaces' build argument 'catkin_skip_building_tests' from command line to 'False'
[1.109s] DEBUG:colcon.colcon_core.verb:Building package 'communication_interfaces' with the following arguments: {'ament_cmake_args': None, 'build_base': '/home/user/ROS2swarm/build/communication_interfaces', 'catkin_cmake_args': None, 'catkin_skip_building_tests': False, 'cmake_args': None, 'cmake_clean_cache': False, 'cmake_clean_first': False, 'cmake_force_configure': False, 'cmake_target': None, 'cmake_target_skip_unavailable': False, 'install_base': '/home/user/ROS2swarm/install/communication_interfaces', 'merge_install': False, 'path': '/home/user/ROS2swarm/src/communication_interfaces', 'symlink_install': True, 'test_result_base': None}
[1.115s] Level 5:colcon.colcon_core.verb:set package 'launch_gazebo' build argument 'cmake_args' from command line to 'None'
[1.115s] Level 5:colcon.colcon_core.verb:set package 'launch_gazebo' build argument 'cmake_target' from command line to 'None'
[1.115s] Level 5:colcon.colcon_core.verb:set package 'launch_gazebo' build argument 'cmake_target_skip_unavailable' from command line to 'False'
[1.115s] Level 5:colcon.colcon_core.verb:set package 'launch_gazebo' build argument 'cmake_clean_cache' from command line to 'False'
[1.115s] Level 5:colcon.colcon_core.verb:set package 'launch_gazebo' build argument 'cmake_clean_first' from command line to 'False'
[1.115s] Level 5:colcon.colcon_core.verb:set package 'launch_gazebo' build argument 'cmake_force_configure' from command line to 'False'
[1.115s] Level 5:colcon.colcon_core.verb:set package 'launch_gazebo' build argument 'ament_cmake_args' from command line to 'None'
[1.115s] Level 5:colcon.colcon_core.verb:set package 'launch_gazebo' build argument 'catkin_cmake_args' from command line to 'None'
[1.115s] Level 5:colcon.colcon_core.verb:set package 'launch_gazebo' build argument 'catkin_skip_building_tests' from command line to 'False'
[1.115s] DEBUG:colcon.colcon_core.verb:Building package 'launch_gazebo' with the following arguments: {'ament_cmake_args': None, 'build_base': '/home/user/ROS2swarm/build/launch_gazebo', 'catkin_cmake_args': None, 'catkin_skip_building_tests': False, 'cmake_args': None, 'cmake_clean_cache': False, 'cmake_clean_first': False, 'cmake_force_configure': False, 'cmake_target': None, 'cmake_target_skip_unavailable': False, 'install_base': '/home/user/ROS2swarm/install/launch_gazebo', 'merge_install': False, 'path': '/home/user/ROS2swarm/src/launch_gazebo', 'symlink_install': True, 'test_result_base': None}
[1.119s] Level 5:colcon.colcon_core.verb:set package 'ros2swarm' build argument 'cmake_args' from command line to 'None'
[1.119s] Level 5:colcon.colcon_core.verb:set package 'ros2swarm' build argument 'cmake_target' from command line to 'None'
[1.119s] Level 5:colcon.colcon_core.verb:set package 'ros2swarm' build argument 'cmake_target_skip_unavailable' from command line to 'False'
[1.119s] Level 5:colcon.colcon_core.verb:set package 'ros2swarm' build argument 'cmake_clean_cache' from command line to 'False'
[1.119s] Level 5:colcon.colcon_core.verb:set package 'ros2swarm' build argument 'cmake_clean_first' from command line to 'False'
[1.119s] Level 5:colcon.colcon_core.verb:set package 'ros2swarm' build argument 'cmake_force_configure' from command line to 'False'
[1.120s] Level 5:colcon.colcon_core.verb:set package 'ros2swarm' build argument 'ament_cmake_args' from command line to 'None'
[1.120s] Level 5:colcon.colcon_core.verb:set package 'ros2swarm' build argument 'catkin_cmake_args' from command line to 'None'
[1.120s] Level 5:colcon.colcon_core.verb:set package 'ros2swarm' build argument 'catkin_skip_building_tests' from command line to 'False'
[1.120s] DEBUG:colcon.colcon_core.verb:Building package 'ros2swarm' with the following arguments: {'ament_cmake_args': None, 'build_base': '/home/user/ROS2swarm/build/ros2swarm', 'catkin_cmake_args': None, 'catkin_skip_building_tests': False, 'cmake_args': None, 'cmake_clean_cache': False, 'cmake_clean_first': False, 'cmake_force_configure': False, 'cmake_target': None, 'cmake_target_skip_unavailable': False, 'install_base': '/home/user/ROS2swarm/install/ros2swarm', 'merge_install': False, 'path': '/home/user/ROS2swarm/src/ros2swarm', 'symlink_install': True, 'test_result_base': None}
[1.120s] INFO:colcon.colcon_core.executor:Executing jobs using 'parallel' executor
[1.123s] DEBUG:colcon.colcon_parallel_executor.executor.parallel:run_until_complete
[1.124s] INFO:colcon.colcon_ros.task.ament_cmake.build:Building ROS package in '/home/user/ROS2swarm/src/communication_interfaces' with build type 'ament_cmake'
[1.124s] INFO:colcon.colcon_cmake.task.cmake.build:Building CMake package in '/home/user/ROS2swarm/src/communication_interfaces'
[1.137s] INFO:colcon.colcon_core.plugin_system:Skipping extension 'colcon_core.shell.bat': Not used on non-Windows systems
[1.137s] INFO:colcon.colcon_core.shell:Skip shell extension 'powershell' for command environment: Not usable outside of PowerShell
[1.137s] DEBUG:colcon.colcon_core.shell:Skip shell extension 'dsv' for command environment
[1.148s] DEBUG:colcon.colcon_core.shell:Ignoring prefix path '/opt/ros/foxy'
[1.151s] INFO:colcon.colcon_ros.task.ament_python.build:Building ROS package in '/home/user/ROS2swarm/src/launch_gazebo' with build type 'ament_python'
[1.152s] Level 1:colcon.colcon_core.shell:create_environment_hook('launch_gazebo', 'ament_prefix_path')
[1.153s] INFO:colcon.colcon_core.shell:Creating environment hook '/home/user/ROS2swarm/install/launch_gazebo/share/launch_gazebo/hook/ament_prefix_path.ps1'
[1.155s] INFO:colcon.colcon_core.shell:Creating environment descriptor '/home/user/ROS2swarm/install/launch_gazebo/share/launch_gazebo/hook/ament_prefix_path.dsv'
[1.155s] INFO:colcon.colcon_core.shell:Creating environment hook '/home/user/ROS2swarm/install/launch_gazebo/share/launch_gazebo/hook/ament_prefix_path.sh'
[1.157s] INFO:colcon.colcon_core.shell:Skip shell extension 'powershell' for command environment: Not usable outside of PowerShell
[1.157s] DEBUG:colcon.colcon_core.shell:Skip shell extension 'dsv' for command environment
[1.164s] DEBUG:colcon.colcon_core.shell:Ignoring prefix path '/opt/ros/foxy'
[1.167s] INFO:colcon.colcon_ros.task.ament_python.build:Building ROS package in '/home/user/ROS2swarm/src/ros2swarm' with build type 'ament_python'
[1.167s] Level 1:colcon.colcon_core.shell:create_environment_hook('ros2swarm', 'ament_prefix_path')
[1.169s] INFO:colcon.colcon_core.shell:Creating environment hook '/home/user/ROS2swarm/install/ros2swarm/share/ros2swarm/hook/ament_prefix_path.ps1'
[1.170s] INFO:colcon.colcon_core.shell:Creating environment descriptor '/home/user/ROS2swarm/install/ros2swarm/share/ros2swarm/hook/ament_prefix_path.dsv'
[1.170s] INFO:colcon.colcon_core.shell:Creating environment hook '/home/user/ROS2swarm/install/ros2swarm/share/ros2swarm/hook/ament_prefix_path.sh'
[1.172s] INFO:colcon.colcon_core.shell:Skip shell extension 'powershell' for command environment: Not usable outside of PowerShell
[1.172s] DEBUG:colcon.colcon_core.shell:Skip shell extension 'dsv' for command environment
[1.178s] DEBUG:colcon.colcon_core.shell:Ignoring prefix path '/opt/ros/foxy'
[1.191s] DEBUG:colcon.colcon_core.event_handler.log_command:Invoking command in '/home/user/ROS2swarm/build/communication_interfaces': CMAKE_PREFIX_PATH=${CMAKE_PREFIX_PATH}:/home/user/turtlebot3_ws/install/turtlebot3_teleop:/home/user/turtlebot3_ws/install/turtlebot3_example:/home/user/ROS2swarm/install/thymio_driver:/home/user/ROS2swarm/install/ros2swarm:/home/user/ROS2swarm/install/launch_gazebo:/home/user/install/turtlebot3_teleop:/home/user/install/ros2swarm:/home/user/install/launch_gazebo:/opt/ros/foxy _=/usr/bin/env /usr/bin/cmake --build /home/user/ROS2swarm/build/communication_interfaces -- -j8 -l8
[1.723s] INFO:colcon.colcon_core.task.python.build:Building Python package in '/home/user/ROS2swarm/src/launch_gazebo'
[1.725s] INFO:colcon.colcon_core.shell:Skip shell extension 'powershell' for command environment: Not usable outside of PowerShell
[1.725s] DEBUG:colcon.colcon_core.shell:Skip shell extension 'dsv' for command environment
[1.732s] DEBUG:colcon.colcon_core.shell:Ignoring prefix path '/opt/ros/foxy'
[2.236s] INFO:colcon.colcon_core.task.python.build:Building Python package in '/home/user/ROS2swarm/src/ros2swarm'
[2.238s] INFO:colcon.colcon_core.shell:Skip shell extension 'powershell' for command environment: Not usable outside of PowerShell
[2.238s] DEBUG:colcon.colcon_core.shell:Skip shell extension 'dsv' for command environment
[2.245s] DEBUG:colcon.colcon_core.shell:Ignoring prefix path '/opt/ros/foxy'
[2.258s] DEBUG:colcon.colcon_core.event_handler.log_command:Invoking command in '/home/user/ROS2swarm/build/launch_gazebo': PYTHONPATH=/home/user/ROS2swarm/install/launch_gazebo/lib/python3.8/site-packages:${PYTHONPATH} _=/usr/bin/env /usr/bin/python3 setup.py develop --prefix /home/user/ROS2swarm/install/launch_gazebo --editable --build-directory /home/user/ROS2swarm/build/launch_gazebo/build --no-deps install_data --install-dir /home/user/ROS2swarm/install/launch_gazebo
[2.258s] DEBUG:colcon.colcon_core.event_handler.log_command:Invoked command in '/home/user/ROS2swarm/build/communication_interfaces' returned '0': CMAKE_PREFIX_PATH=${CMAKE_PREFIX_PATH}:/home/user/turtlebot3_ws/install/turtlebot3_teleop:/home/user/turtlebot3_ws/install/turtlebot3_example:/home/user/ROS2swarm/install/thymio_driver:/home/user/ROS2swarm/install/ros2swarm:/home/user/ROS2swarm/install/launch_gazebo:/home/user/install/turtlebot3_teleop:/home/user/install/ros2swarm:/home/user/install/launch_gazebo:/opt/ros/foxy _=/usr/bin/env /usr/bin/cmake --build /home/user/ROS2swarm/build/communication_interfaces -- -j8 -l8
[2.268s] DEBUG:colcon.colcon_core.event_handler.log_command:Invoking command in '/home/user/ROS2swarm/build/ros2swarm': PYTHONPATH=/home/user/ROS2swarm/install/ros2swarm/lib/python3.8/site-packages:${PYTHONPATH} _=/usr/bin/env /usr/bin/python3 setup.py develop --prefix /home/user/ROS2swarm/install/ros2swarm --editable --build-directory /home/user/ROS2swarm/build/ros2swarm/build --no-deps install_data --install-dir /home/user/ROS2swarm/install/ros2swarm
[2.965s] DEBUG:colcon.colcon_core.event_handler.log_command:Invoking command in '/home/user/ROS2swarm/build/communication_interfaces': CMAKE_PREFIX_PATH=${CMAKE_PREFIX_PATH}:/home/user/turtlebot3_ws/install/turtlebot3_teleop:/home/user/turtlebot3_ws/install/turtlebot3_example:/home/user/ROS2swarm/install/thymio_driver:/home/user/ROS2swarm/install/ros2swarm:/home/user/ROS2swarm/install/launch_gazebo:/home/user/install/turtlebot3_teleop:/home/user/install/ros2swarm:/home/user/install/launch_gazebo:/opt/ros/foxy _=/usr/bin/env /usr/bin/cmake --install /home/user/ROS2swarm/build/communication_interfaces
[3.178s] Level 1:colcon.colcon_core.environment:create_environment_scripts_only(communication_interfaces)
[3.181s] DEBUG:colcon.colcon_core.event_handler.log_command:Invoked command in '/home/user/ROS2swarm/build/communication_interfaces' returned '0': CMAKE_PREFIX_PATH=${CMAKE_PREFIX_PATH}:/home/user/turtlebot3_ws/install/turtlebot3_teleop:/home/user/turtlebot3_ws/install/turtlebot3_example:/home/user/ROS2swarm/install/thymio_driver:/home/user/ROS2swarm/install/ros2swarm:/home/user/ROS2swarm/install/launch_gazebo:/home/user/install/turtlebot3_teleop:/home/user/install/ros2swarm:/home/user/install/launch_gazebo:/opt/ros/foxy _=/usr/bin/env /usr/bin/cmake --install /home/user/ROS2swarm/build/communication_interfaces
[3.225s] Level 1:colcon.colcon_core.environment:checking '/home/user/ROS2swarm/install/communication_interfaces' for CMake module files
[3.226s] Level 1:colcon.colcon_core.environment:checking '/home/user/ROS2swarm/install/communication_interfaces' for CMake config files
[3.228s] Level 1:colcon.colcon_core.shell:create_environment_hook('communication_interfaces', 'cmake_prefix_path')
[3.229s] INFO:colcon.colcon_core.shell:Creating environment hook '/home/user/ROS2swarm/install/communication_interfaces/share/communication_interfaces/hook/cmake_prefix_path.ps1'
[3.230s] INFO:colcon.colcon_core.shell:Creating environment descriptor '/home/user/ROS2swarm/install/communication_interfaces/share/communication_interfaces/hook/cmake_prefix_path.dsv'
[3.230s] INFO:colcon.colcon_core.shell:Creating environment hook '/home/user/ROS2swarm/install/communication_interfaces/share/communication_interfaces/hook/cmake_prefix_path.sh'
[3.231s] Level 1:colcon.colcon_core.environment:checking '/home/user/ROS2swarm/install/communication_interfaces/lib'
[3.231s] Level 1:colcon.colcon_core.shell:create_environment_hook('communication_interfaces', 'ld_library_path_lib')
[3.232s] INFO:colcon.colcon_core.shell:Creating environment hook '/home/user/ROS2swarm/install/communication_interfaces/share/communication_interfaces/hook/ld_library_path_lib.ps1'
[3.233s] INFO:colcon.colcon_core.shell:Creating environment descriptor '/home/user/ROS2swarm/install/communication_interfaces/share/communication_interfaces/hook/ld_library_path_lib.dsv'
[3.234s] INFO:colcon.colcon_core.shell:Creating environment hook '/home/user/ROS2swarm/install/communication_interfaces/share/communication_interfaces/hook/ld_library_path_lib.sh'
[3.234s] Level 1:colcon.colcon_core.environment:checking '/home/user/ROS2swarm/install/communication_interfaces/bin'
[3.234s] Level 1:colcon.colcon_core.environment:checking '/home/user/ROS2swarm/install/communication_interfaces/lib/pkgconfig/communication_interfaces.pc'
[3.235s] Level 1:colcon.colcon_core.environment:checking '/home/user/ROS2swarm/install/communication_interfaces/lib/python3.8/site-packages'
[3.235s] Level 1:colcon.colcon_core.shell:create_environment_hook('communication_interfaces', 'pythonpath')
[3.235s] INFO:colcon.colcon_core.shell:Creating environment hook '/home/user/ROS2swarm/install/communication_interfaces/share/communication_interfaces/hook/pythonpath.ps1'
[3.236s] INFO:colcon.colcon_core.shell:Creating environment descriptor '/home/user/ROS2swarm/install/communication_interfaces/share/communication_interfaces/hook/pythonpath.dsv'
[3.236s] INFO:colcon.colcon_core.shell:Creating environment hook '/home/user/ROS2swarm/install/communication_interfaces/share/communication_interfaces/hook/pythonpath.sh'
[3.238s] INFO:colcon.colcon_core.shell:Creating package script '/home/user/ROS2swarm/install/communication_interfaces/share/communication_interfaces/package.ps1'
[3.240s] INFO:colcon.colcon_core.shell:Creating package descriptor '/home/user/ROS2swarm/install/communication_interfaces/share/communication_interfaces/package.dsv'
[3.242s] INFO:colcon.colcon_core.shell:Creating package script '/home/user/ROS2swarm/install/communication_interfaces/share/communication_interfaces/package.sh'
[3.244s] INFO:colcon.colcon_core.shell:Creating package script '/home/user/ROS2swarm/install/communication_interfaces/share/communication_interfaces/package.bash'
[3.246s] INFO:colcon.colcon_core.shell:Creating package script '/home/user/ROS2swarm/install/communication_interfaces/share/communication_interfaces/package.zsh'
[3.248s] Level 1:colcon.colcon_core.environment:create_file_with_runtime_dependencies(/home/user/ROS2swarm/install/communication_interfaces/share/colcon-core/packages/communication_interfaces)
[3.823s] Level 1:colcon.colcon_core.environment:create_environment_scripts_only(communication_interfaces)
[3.825s] Level 1:colcon.colcon_core.environment:checking '/home/user/ROS2swarm/install/communication_interfaces' for CMake module files
[3.826s] Level 1:colcon.colcon_core.environment:checking '/home/user/ROS2swarm/install/communication_interfaces' for CMake config files
[3.827s] Level 1:colcon.colcon_core.shell:create_environment_hook('communication_interfaces', 'cmake_prefix_path')
[3.828s] INFO:colcon.colcon_core.shell:Creating environment hook '/home/user/ROS2swarm/install/communication_interfaces/share/communication_interfaces/hook/cmake_prefix_path.ps1'
[3.829s] INFO:colcon.colcon_core.shell:Creating environment descriptor '/home/user/ROS2swarm/install/communication_interfaces/share/communication_interfaces/hook/cmake_prefix_path.dsv'
[3.830s] INFO:colcon.colcon_core.shell:Creating environment hook '/home/user/ROS2swarm/install/communication_interfaces/share/communication_interfaces/hook/cmake_prefix_path.sh'
[3.831s] Level 1:colcon.colcon_core.environment:checking '/home/user/ROS2swarm/install/communication_interfaces/lib'
[3.831s] Level 1:colcon.colcon_core.shell:create_environment_hook('communication_interfaces', 'ld_library_path_lib')
[3.832s] INFO:colcon.colcon_core.shell:Creating environment hook '/home/user/ROS2swarm/install/communication_interfaces/share/communication_interfaces/hook/ld_library_path_lib.ps1'
[3.832s] INFO:colcon.colcon_core.shell:Creating environment descriptor '/home/user/ROS2swarm/install/communication_interfaces/share/communication_interfaces/hook/ld_library_path_lib.dsv'
[3.833s] INFO:colcon.colcon_core.shell:Creating environment hook '/home/user/ROS2swarm/install/communication_interfaces/share/communication_interfaces/hook/ld_library_path_lib.sh'
[3.833s] Level 1:colcon.colcon_core.environment:checking '/home/user/ROS2swarm/install/communication_interfaces/bin'
[3.833s] Level 1:colcon.colcon_core.environment:checking '/home/user/ROS2swarm/install/communication_interfaces/lib/pkgconfig/communication_interfaces.pc'
[3.834s] Level 1:colcon.colcon_core.environment:checking '/home/user/ROS2swarm/install/communication_interfaces/lib/python3.8/site-packages'
[3.834s] Level 1:colcon.colcon_core.shell:create_environment_hook('communication_interfaces', 'pythonpath')
[3.835s] INFO:colcon.colcon_core.shell:Creating environment hook '/home/user/ROS2swarm/install/communication_interfaces/share/communication_interfaces/hook/pythonpath.ps1'
[3.836s] INFO:colcon.colcon_core.shell:Creating environment descriptor '/home/user/ROS2swarm/install/communication_interfaces/share/communication_interfaces/hook/pythonpath.dsv'
[3.836s] INFO:colcon.colcon_core.shell:Creating environment hook '/home/user/ROS2swarm/install/communication_interfaces/share/communication_interfaces/hook/pythonpath.sh'
[3.838s] INFO:colcon.colcon_core.shell:Creating package script '/home/user/ROS2swarm/install/communication_interfaces/share/communication_interfaces/package.ps1'
[3.839s] INFO:colcon.colcon_core.shell:Creating package descriptor '/home/user/ROS2swarm/install/communication_interfaces/share/communication_interfaces/package.dsv'
[3.840s] INFO:colcon.colcon_core.shell:Creating package script '/home/user/ROS2swarm/install/communication_interfaces/share/communication_interfaces/package.sh'
[3.841s] INFO:colcon.colcon_core.shell:Creating package script '/home/user/ROS2swarm/install/communication_interfaces/share/communication_interfaces/package.bash'
[3.842s] INFO:colcon.colcon_core.shell:Creating package script '/home/user/ROS2swarm/install/communication_interfaces/share/communication_interfaces/package.zsh'
[3.843s] Level 1:colcon.colcon_core.environment:create_file_with_runtime_dependencies(/home/user/ROS2swarm/install/communication_interfaces/share/colcon-core/packages/communication_interfaces)
[4.446s] Level 1:colcon.colcon_core.shell:create_environment_hook('launch_gazebo', 'pythonpath_develop')
[4.447s] INFO:colcon.colcon_core.shell:Creating environment hook '/home/user/ROS2swarm/build/launch_gazebo/share/launch_gazebo/hook/pythonpath_develop.ps1'
[4.448s] DEBUG:colcon.colcon_core.event_handler.log_command:Invoked command in '/home/user/ROS2swarm/build/launch_gazebo' returned '0': PYTHONPATH=/home/user/ROS2swarm/install/launch_gazebo/lib/python3.8/site-packages:${PYTHONPATH} _=/usr/bin/env /usr/bin/python3 setup.py develop --prefix /home/user/ROS2swarm/install/launch_gazebo --editable --build-directory /home/user/ROS2swarm/build/launch_gazebo/build --no-deps install_data --install-dir /home/user/ROS2swarm/install/launch_gazebo
[4.449s] INFO:colcon.colcon_core.shell:Creating environment descriptor '/home/user/ROS2swarm/build/launch_gazebo/share/launch_gazebo/hook/pythonpath_develop.dsv'
[4.449s] INFO:colcon.colcon_core.shell:Creating environment hook '/home/user/ROS2swarm/build/launch_gazebo/share/launch_gazebo/hook/pythonpath_develop.sh'
[4.451s] Level 1:colcon.colcon_core.environment:checking '/home/user/ROS2swarm/install/launch_gazebo' for CMake module files
[4.451s] Level 1:colcon.colcon_core.environment:checking '/home/user/ROS2swarm/install/launch_gazebo' for CMake config files
[4.452s] Level 1:colcon.colcon_core.environment:checking '/home/user/ROS2swarm/install/launch_gazebo/lib'
[4.452s] Level 1:colcon.colcon_core.environment:checking '/home/user/ROS2swarm/install/launch_gazebo/bin'
[4.452s] Level 1:colcon.colcon_core.environment:checking '/home/user/ROS2swarm/install/launch_gazebo/lib/pkgconfig/launch_gazebo.pc'
[4.452s] Level 1:colcon.colcon_core.environment:checking '/home/user/ROS2swarm/install/launch_gazebo/lib/python3.8/site-packages'
[4.452s] Level 1:colcon.colcon_core.shell:create_environment_hook('launch_gazebo', 'pythonpath')
[4.453s] INFO:colcon.colcon_core.shell:Creating environment hook '/home/user/ROS2swarm/install/launch_gazebo/share/launch_gazebo/hook/pythonpath.ps1'
[4.454s] INFO:colcon.colcon_core.shell:Creating environment descriptor '/home/user/ROS2swarm/install/launch_gazebo/share/launch_gazebo/hook/pythonpath.dsv'
[4.454s] INFO:colcon.colcon_core.shell:Creating environment hook '/home/user/ROS2swarm/install/launch_gazebo/share/launch_gazebo/hook/pythonpath.sh'
[4.455s] Level 1:colcon.colcon_core.environment:create_environment_scripts_only(launch_gazebo)
[4.456s] INFO:colcon.colcon_core.shell:Creating package script '/home/user/ROS2swarm/install/launch_gazebo/share/launch_gazebo/package.ps1'
[4.457s] INFO:colcon.colcon_core.shell:Creating package descriptor '/home/user/ROS2swarm/install/launch_gazebo/share/launch_gazebo/package.dsv'
[4.457s] INFO:colcon.colcon_core.shell:Creating package script '/home/user/ROS2swarm/install/launch_gazebo/share/launch_gazebo/package.sh'
[4.458s] INFO:colcon.colcon_core.shell:Creating package script '/home/user/ROS2swarm/install/launch_gazebo/share/launch_gazebo/package.bash'
[4.458s] INFO:colcon.colcon_core.shell:Creating package script '/home/user/ROS2swarm/install/launch_gazebo/share/launch_gazebo/package.zsh'
[4.459s] Level 1:colcon.colcon_core.environment:create_file_with_runtime_dependencies(/home/user/ROS2swarm/install/launch_gazebo/share/colcon-core/packages/launch_gazebo)
[4.460s] Level 1:colcon.colcon_core.shell:create_environment_hook('ros2swarm', 'pythonpath_develop')
[4.461s] INFO:colcon.colcon_core.shell:Creating environment hook '/home/user/ROS2swarm/build/ros2swarm/share/ros2swarm/hook/pythonpath_develop.ps1'
[4.462s] DEBUG:colcon.colcon_core.event_handler.log_command:Invoked command in '/home/user/ROS2swarm/build/ros2swarm' returned '0': PYTHONPATH=/home/user/ROS2swarm/install/ros2swarm/lib/python3.8/site-packages:${PYTHONPATH} _=/usr/bin/env /usr/bin/python3 setup.py develop --prefix /home/user/ROS2swarm/install/ros2swarm --editable --build-directory /home/user/ROS2swarm/build/ros2swarm/build --no-deps install_data --install-dir /home/user/ROS2swarm/install/ros2swarm
[4.463s] INFO:colcon.colcon_core.shell:Creating environment descriptor '/home/user/ROS2swarm/build/ros2swarm/share/ros2swarm/hook/pythonpath_develop.dsv'
[4.463s] INFO:colcon.colcon_core.shell:Creating environment hook '/home/user/ROS2swarm/build/ros2swarm/share/ros2swarm/hook/pythonpath_develop.sh'
[4.464s] Level 1:colcon.colcon_core.environment:checking '/home/user/ROS2swarm/install/ros2swarm' for CMake module files
[4.465s] Level 1:colcon.colcon_core.environment:checking '/home/user/ROS2swarm/install/ros2swarm' for CMake config files
[4.467s] Level 1:colcon.colcon_core.environment:checking '/home/user/ROS2swarm/install/ros2swarm/lib'
[4.467s] Level 1:colcon.colcon_core.environment:checking '/home/user/ROS2swarm/install/ros2swarm/bin'
[4.467s] Level 1:colcon.colcon_core.environment:checking '/home/user/ROS2swarm/install/ros2swarm/lib/pkgconfig/ros2swarm.pc'
[4.467s] Level 1:colcon.colcon_core.environment:checking '/home/user/ROS2swarm/install/ros2swarm/lib/python3.8/site-packages'
[4.467s] Level 1:colcon.colcon_core.shell:create_environment_hook('ros2swarm', 'pythonpath')
[4.468s] INFO:colcon.colcon_core.shell:Creating environment hook '/home/user/ROS2swarm/install/ros2swarm/share/ros2swarm/hook/pythonpath.ps1'
[4.469s] INFO:colcon.colcon_core.shell:Creating environment descriptor '/home/user/ROS2swarm/install/ros2swarm/share/ros2swarm/hook/pythonpath.dsv'
[4.469s] INFO:colcon.colcon_core.shell:Creating environment hook '/home/user/ROS2swarm/install/ros2swarm/share/ros2swarm/hook/pythonpath.sh'
[4.470s] Level 1:colcon.colcon_core.environment:create_environment_scripts_only(ros2swarm)
[4.470s] INFO:colcon.colcon_core.shell:Creating package script '/home/user/ROS2swarm/install/ros2swarm/share/ros2swarm/package.ps1'
[4.471s] INFO:colcon.colcon_core.shell:Creating package descriptor '/home/user/ROS2swarm/install/ros2swarm/share/ros2swarm/package.dsv'
[4.472s] INFO:colcon.colcon_core.shell:Creating package script '/home/user/ROS2swarm/install/ros2swarm/share/ros2swarm/package.sh'
[4.472s] INFO:colcon.colcon_core.shell:Creating package script '/home/user/ROS2swarm/install/ros2swarm/share/ros2swarm/package.bash'
[4.473s] INFO:colcon.colcon_core.shell:Creating package script '/home/user/ROS2swarm/install/ros2swarm/share/ros2swarm/package.zsh'
[4.473s] Level 1:colcon.colcon_core.environment:create_file_with_runtime_dependencies(/home/user/ROS2swarm/install/ros2swarm/share/colcon-core/packages/ros2swarm)
[4.474s] DEBUG:colcon.colcon_parallel_executor.executor.parallel:closing loop
[4.474s] DEBUG:colcon.colcon_parallel_executor.executor.parallel:loop closed
[4.475s] DEBUG:colcon.colcon_parallel_executor.executor.parallel:run_until_complete finished with '0'
[4.475s] DEBUG:colcon.colcon_core.event_reactor:joining thread
[4.497s] INFO:colcon.colcon_core.plugin_system:Skipping extension 'colcon_notification.desktop_notification.notify_send': Could not find 'notify-send'
[4.497s] INFO:colcon.colcon_core.plugin_system:Skipping extension 'colcon_notification.desktop_notification.terminal_notifier': Not used on non-Darwin systems
[4.498s] INFO:colcon.colcon_core.plugin_system:Skipping extension 'colcon_notification.desktop_notification.win32': Not used on non-Windows systems
[4.498s] INFO:colcon.colcon_notification.desktop_notification:Sending desktop notification using 'notify2'
[4.519s] DEBUG:colcon.colcon_notification.desktop_notification.notify2:Failed to initialize notify2: org.freedesktop.DBus.Error.ServiceUnknown: The name org.freedesktop.Notifications was not provided by any .service files
[4.519s] DEBUG:colcon.colcon_core.event_reactor:joined thread
[4.520s] INFO:colcon.colcon_core.shell:Creating prefix script '/home/user/ROS2swarm/install/local_setup.ps1'
[4.522s] INFO:colcon.colcon_core.shell:Creating prefix util module '/home/user/ROS2swarm/install/_local_setup_util_ps1.py'
[4.524s] INFO:colcon.colcon_core.shell:Creating prefix chain script '/home/user/ROS2swarm/install/setup.ps1'
[4.529s] INFO:colcon.colcon_core.shell:Creating prefix script '/home/user/ROS2swarm/install/local_setup.sh'
[4.531s] INFO:colcon.colcon_core.shell:Creating prefix util module '/home/user/ROS2swarm/install/_local_setup_util_sh.py'
[4.531s] INFO:colcon.colcon_core.shell:Creating prefix chain script '/home/user/ROS2swarm/install/setup.sh'
[4.536s] INFO:colcon.colcon_core.shell:Creating prefix script '/home/user/ROS2swarm/install/local_setup.bash'
[4.537s] INFO:colcon.colcon_core.shell:Creating prefix chain script '/home/user/ROS2swarm/install/setup.bash'
[4.542s] INFO:colcon.colcon_core.shell:Creating prefix script '/home/user/ROS2swarm/install/local_setup.zsh'
[4.543s] INFO:colcon.colcon_core.shell:Creating prefix chain script '/home/user/ROS2swarm/install/setup.zsh'
