[0.066s] Invoking command in '/home/user/ROS2swarm/build/communication_interfaces': CMAKE_PREFIX_PATH=${CMAKE_PREFIX_PATH}:/home/user/turtlebot3_ws/install/turtlebot3_teleop:/home/user/turtlebot3_ws/install/turtlebot3_example:/home/user/ROS2swarm/install/thymio_driver:/home/user/ROS2swarm/install/ros2swarm:/home/user/ROS2swarm/install/launch_gazebo:/home/user/install/turtlebot3_teleop:/home/user/install/ros2swarm:/home/user/install/launch_gazebo:/opt/ros/foxy _=/usr/bin/env /usr/bin/cmake --build /home/user/ROS2swarm/build/communication_interfaces -- -j8 -l8
[0.614s] [  1%] Built target communication_interfaces__cpp
[0.616s] [ 12%] Built target communication_interfaces__rosidl_generator_c
[0.617s] [ 24%] Built target communication_interfaces__rosidl_typesupport_cpp
[0.617s] [ 35%] Built target communication_interfaces__rosidl_typesupport_introspection_cpp
[0.617s] [ 46%] Built target communication_interfaces__rosidl_typesupport_c
[0.617s] [ 58%] Built target communication_interfaces__rosidl_typesupport_fastrtps_cpp
[0.617s] [ 69%] Built target communication_interfaces__rosidl_typesupport_introspection_c
[0.618s] [ 81%] Built target communication_interfaces__rosidl_typesupport_fastrtps_c
[0.618s] [ 81%] Built target communication_interfaces
[0.618s] [ 82%] Built target communication_interfaces__py
[0.618s] [ 92%] Built target communication_interfaces__python
[0.699s] [ 94%] Built target communication_interfaces__rosidl_typesupport_fastrtps_c__pyext
[0.705s] [ 97%] Built target communication_interfaces__rosidl_typesupport_introspection_c__pyext
[0.717s] [100%] Built target communication_interfaces__rosidl_typesupport_c__pyext
[1.134s] Invoked command in '/home/user/ROS2swarm/build/communication_interfaces' returned '0': CMAKE_PREFIX_PATH=${CMAKE_PREFIX_PATH}:/home/user/turtlebot3_ws/install/turtlebot3_teleop:/home/user/turtlebot3_ws/install/turtlebot3_example:/home/user/ROS2swarm/install/thymio_driver:/home/user/ROS2swarm/install/ros2swarm:/home/user/ROS2swarm/install/launch_gazebo:/home/user/install/turtlebot3_teleop:/home/user/install/ros2swarm:/home/user/install/launch_gazebo:/opt/ros/foxy _=/usr/bin/env /usr/bin/cmake --build /home/user/ROS2swarm/build/communication_interfaces -- -j8 -l8
[1.839s] Invoking command in '/home/user/ROS2swarm/build/communication_interfaces': CMAKE_PREFIX_PATH=${CMAKE_PREFIX_PATH}:/home/user/turtlebot3_ws/install/turtlebot3_teleop:/home/user/turtlebot3_ws/install/turtlebot3_example:/home/user/ROS2swarm/install/thymio_driver:/home/user/ROS2swarm/install/ros2swarm:/home/user/ROS2swarm/install/launch_gazebo:/home/user/install/turtlebot3_teleop:/home/user/install/ros2swarm:/home/user/install/launch_gazebo:/opt/ros/foxy _=/usr/bin/env /usr/bin/cmake --install /home/user/ROS2swarm/build/communication_interfaces
[1.853s] -- Install configuration: ""
[1.854s] -- Execute custom install script
[1.855s] -- Up-to-date symlink: /home/user/ROS2swarm/install/communication_interfaces/share/ament_index/resource_index/rosidl_interfaces/communication_interfaces
[1.857s] -- Up-to-date symlink: /home/user/ROS2swarm/install/communication_interfaces/include/communication_interfaces/msg/detail/double_message__functions.h
[1.858s] -- Up-to-date symlink: /home/user/ROS2swarm/install/communication_interfaces/include/communication_interfaces/msg/detail/double_message__struct.h
[1.858s] -- Up-to-date symlink: /home/user/ROS2swarm/install/communication_interfaces/include/communication_interfaces/msg/detail/double_message__type_support.h
[1.858s] -- Up-to-date symlink: /home/user/ROS2swarm/install/communication_interfaces/include/communication_interfaces/msg/detail/float_array__functions.h
[1.860s] -- Up-to-date symlink: /home/user/ROS2swarm/install/communication_interfaces/include/communication_interfaces/msg/detail/float_array__struct.h
[1.861s] -- Up-to-date symlink: /home/user/ROS2swarm/install/communication_interfaces/include/communication_interfaces/msg/detail/float_array__type_support.h
[1.861s] -- Up-to-date symlink: /home/user/ROS2swarm/install/communication_interfaces/include/communication_interfaces/msg/detail/int8_message__functions.h
[1.861s] -- Up-to-date symlink: /home/user/ROS2swarm/install/communication_interfaces/include/communication_interfaces/msg/detail/int8_message__struct.h
[1.861s] -- Up-to-date symlink: /home/user/ROS2swarm/install/communication_interfaces/include/communication_interfaces/msg/detail/int8_message__type_support.h
[1.862s] -- Up-to-date symlink: /home/user/ROS2swarm/install/communication_interfaces/include/communication_interfaces/msg/detail/opinion_mac_message__functions.h
[1.862s] -- Up-to-date symlink: /home/user/ROS2swarm/install/communication_interfaces/include/communication_interfaces/msg/detail/opinion_mac_message__struct.h
[1.862s] -- Up-to-date symlink: /home/user/ROS2swarm/install/communication_interfaces/include/communication_interfaces/msg/detail/opinion_mac_message__type_support.h
[1.862s] -- Up-to-date symlink: /home/user/ROS2swarm/install/communication_interfaces/include/communication_interfaces/msg/detail/opinion_message__functions.h
[1.863s] -- Up-to-date symlink: /home/user/ROS2swarm/install/communication_interfaces/include/communication_interfaces/msg/detail/opinion_message__struct.h
[1.863s] -- Up-to-date symlink: /home/user/ROS2swarm/install/communication_interfaces/include/communication_interfaces/msg/detail/opinion_message__type_support.h
[1.863s] -- Up-to-date symlink: /home/user/ROS2swarm/install/communication_interfaces/include/communication_interfaces/msg/detail/range_data__functions.h
[1.864s] -- Up-to-date symlink: /home/user/ROS2swarm/install/communication_interfaces/include/communication_interfaces/msg/detail/range_data__struct.h
[1.864s] -- Up-to-date symlink: /home/user/ROS2swarm/install/communication_interfaces/include/communication_interfaces/msg/detail/range_data__type_support.h
[1.864s] -- Up-to-date symlink: /home/user/ROS2swarm/install/communication_interfaces/include/communication_interfaces/msg/detail/string_message__functions.h
[1.865s] -- Up-to-date symlink: /home/user/ROS2swarm/install/communication_interfaces/include/communication_interfaces/msg/detail/string_message__struct.h
[1.865s] -- Up-to-date symlink: /home/user/ROS2swarm/install/communication_interfaces/include/communication_interfaces/msg/detail/string_message__type_support.h
[1.866s] -- Up-to-date symlink: /home/user/ROS2swarm/install/communication_interfaces/include/communication_interfaces/msg/double_message.h
[1.866s] -- Up-to-date symlink: /home/user/ROS2swarm/install/communication_interfaces/include/communication_interfaces/msg/float_array.h
[1.867s] -- Up-to-date symlink: /home/user/ROS2swarm/install/communication_interfaces/include/communication_interfaces/msg/int8_message.h
[1.867s] -- Up-to-date symlink: /home/user/ROS2swarm/install/communication_interfaces/include/communication_interfaces/msg/opinion_mac_message.h
[1.867s] -- Up-to-date symlink: /home/user/ROS2swarm/install/communication_interfaces/include/communication_interfaces/msg/opinion_message.h
[1.867s] -- Up-to-date symlink: /home/user/ROS2swarm/install/communication_interfaces/include/communication_interfaces/msg/range_data.h
[1.868s] -- Up-to-date symlink: /home/user/ROS2swarm/install/communication_interfaces/include/communication_interfaces/msg/rosidl_generator_c__visibility_control.h
[1.869s] -- Up-to-date symlink: /home/user/ROS2swarm/install/communication_interfaces/include/communication_interfaces/msg/string_message.h
[1.869s] -- Up-to-date symlink: /home/user/ROS2swarm/install/communication_interfaces/share/communication_interfaces/environment/library_path.sh
[1.870s] -- Up-to-date symlink: /home/user/ROS2swarm/install/communication_interfaces/share/communication_interfaces/environment/library_path.dsv
[1.871s] -- Up-to-date symlink: /home/user/ROS2swarm/install/communication_interfaces/include/communication_interfaces/msg/detail/double_message__rosidl_typesupport_fastrtps_c.h
[1.872s] -- Up-to-date symlink: /home/user/ROS2swarm/install/communication_interfaces/include/communication_interfaces/msg/detail/float_array__rosidl_typesupport_fastrtps_c.h
[1.872s] -- Up-to-date symlink: /home/user/ROS2swarm/install/communication_interfaces/include/communication_interfaces/msg/detail/int8_message__rosidl_typesupport_fastrtps_c.h
[1.873s] -- Up-to-date symlink: /home/user/ROS2swarm/install/communication_interfaces/include/communication_interfaces/msg/detail/opinion_mac_message__rosidl_typesupport_fastrtps_c.h
[1.873s] -- Up-to-date symlink: /home/user/ROS2swarm/install/communication_interfaces/include/communication_interfaces/msg/detail/opinion_message__rosidl_typesupport_fastrtps_c.h
[1.873s] -- Up-to-date symlink: /home/user/ROS2swarm/install/communication_interfaces/include/communication_interfaces/msg/detail/range_data__rosidl_typesupport_fastrtps_c.h
[1.874s] -- Up-to-date symlink: /home/user/ROS2swarm/install/communication_interfaces/include/communication_interfaces/msg/detail/string_message__rosidl_typesupport_fastrtps_c.h
[1.874s] -- Up-to-date symlink: /home/user/ROS2swarm/install/communication_interfaces/include/communication_interfaces/msg/rosidl_typesupport_fastrtps_c__visibility_control.h
[1.875s] -- Up-to-date symlink: /home/user/ROS2swarm/install/communication_interfaces/lib/libcommunication_interfaces__rosidl_typesupport_fastrtps_c.so
[1.877s] -- Up-to-date symlink: /home/user/ROS2swarm/install/communication_interfaces/include/communication_interfaces/msg/detail/double_message__rosidl_typesupport_fastrtps_cpp.hpp
[1.877s] -- Up-to-date symlink: /home/user/ROS2swarm/install/communication_interfaces/include/communication_interfaces/msg/detail/float_array__rosidl_typesupport_fastrtps_cpp.hpp
[1.878s] -- Up-to-date symlink: /home/user/ROS2swarm/install/communication_interfaces/include/communication_interfaces/msg/detail/int8_message__rosidl_typesupport_fastrtps_cpp.hpp
[1.878s] -- Up-to-date symlink: /home/user/ROS2swarm/install/communication_interfaces/include/communication_interfaces/msg/detail/opinion_mac_message__rosidl_typesupport_fastrtps_cpp.hpp
[1.878s] -- Up-to-date symlink: /home/user/ROS2swarm/install/communication_interfaces/include/communication_interfaces/msg/detail/opinion_message__rosidl_typesupport_fastrtps_cpp.hpp
[1.879s] -- Up-to-date symlink: /home/user/ROS2swarm/install/communication_interfaces/include/communication_interfaces/msg/detail/range_data__rosidl_typesupport_fastrtps_cpp.hpp
[1.879s] -- Up-to-date symlink: /home/user/ROS2swarm/install/communication_interfaces/include/communication_interfaces/msg/detail/string_message__rosidl_typesupport_fastrtps_cpp.hpp
[1.880s] -- Up-to-date symlink: /home/user/ROS2swarm/install/communication_interfaces/include/communication_interfaces/msg/rosidl_typesupport_fastrtps_cpp__visibility_control.h
[1.880s] -- Up-to-date symlink: /home/user/ROS2swarm/install/communication_interfaces/lib/libcommunication_interfaces__rosidl_typesupport_fastrtps_cpp.so
[1.882s] -- Up-to-date symlink: /home/user/ROS2swarm/install/communication_interfaces/include/communication_interfaces/msg/detail/double_message__rosidl_typesupport_introspection_c.h
[1.882s] -- Up-to-date symlink: /home/user/ROS2swarm/install/communication_interfaces/include/communication_interfaces/msg/detail/float_array__rosidl_typesupport_introspection_c.h
[1.882s] -- Up-to-date symlink: /home/user/ROS2swarm/install/communication_interfaces/include/communication_interfaces/msg/detail/int8_message__rosidl_typesupport_introspection_c.h
[1.883s] -- Up-to-date symlink: /home/user/ROS2swarm/install/communication_interfaces/include/communication_interfaces/msg/detail/opinion_mac_message__rosidl_typesupport_introspection_c.h
[1.883s] -- Up-to-date symlink: /home/user/ROS2swarm/install/communication_interfaces/include/communication_interfaces/msg/detail/opinion_message__rosidl_typesupport_introspection_c.h
[1.884s] -- Up-to-date symlink: /home/user/ROS2swarm/install/communication_interfaces/include/communication_interfaces/msg/detail/range_data__rosidl_typesupport_introspection_c.h
[1.884s] -- Up-to-date symlink: /home/user/ROS2swarm/install/communication_interfaces/include/communication_interfaces/msg/detail/string_message__rosidl_typesupport_introspection_c.h
[1.884s] -- Up-to-date symlink: /home/user/ROS2swarm/install/communication_interfaces/include/communication_interfaces/msg/rosidl_typesupport_introspection_c__visibility_control.h
[1.886s] -- Up-to-date symlink: /home/user/ROS2swarm/install/communication_interfaces/include/communication_interfaces/msg/detail/double_message__builder.hpp
[1.886s] -- Up-to-date symlink: /home/user/ROS2swarm/install/communication_interfaces/include/communication_interfaces/msg/detail/double_message__struct.hpp
[1.887s] -- Up-to-date symlink: /home/user/ROS2swarm/install/communication_interfaces/include/communication_interfaces/msg/detail/double_message__traits.hpp
[1.887s] -- Up-to-date symlink: /home/user/ROS2swarm/install/communication_interfaces/include/communication_interfaces/msg/detail/float_array__builder.hpp
[1.888s] -- Up-to-date symlink: /home/user/ROS2swarm/install/communication_interfaces/include/communication_interfaces/msg/detail/float_array__struct.hpp
[1.888s] -- Up-to-date symlink: /home/user/ROS2swarm/install/communication_interfaces/include/communication_interfaces/msg/detail/float_array__traits.hpp
[1.896s] -- Up-to-date symlink: /home/user/ROS2swarm/install/communication_interfaces/include/communication_interfaces/msg/detail/int8_message__builder.hpp
[1.896s] -- Up-to-date symlink: /home/user/ROS2swarm/install/communication_interfaces/include/communication_interfaces/msg/detail/int8_message__struct.hpp
[1.897s] -- Up-to-date symlink: /home/user/ROS2swarm/install/communication_interfaces/include/communication_interfaces/msg/detail/int8_message__traits.hpp
[1.897s] -- Up-to-date symlink: /home/user/ROS2swarm/install/communication_interfaces/include/communication_interfaces/msg/detail/opinion_mac_message__builder.hpp
[1.897s] -- Up-to-date symlink: /home/user/ROS2swarm/install/communication_interfaces/include/communication_interfaces/msg/detail/opinion_mac_message__struct.hpp
[1.897s] -- Up-to-date symlink: /home/user/ROS2swarm/install/communication_interfaces/include/communication_interfaces/msg/detail/opinion_mac_message__traits.hpp
[1.897s] -- Up-to-date symlink: /home/user/ROS2swarm/install/communication_interfaces/include/communication_interfaces/msg/detail/opinion_message__builder.hpp
[1.897s] -- Up-to-date symlink: /home/user/ROS2swarm/install/communication_interfaces/include/communication_interfaces/msg/detail/opinion_message__struct.hpp
[1.898s] -- Up-to-date symlink: /home/user/ROS2swarm/install/communication_interfaces/include/communication_interfaces/msg/detail/opinion_message__traits.hpp
[1.898s] -- Up-to-date symlink: /home/user/ROS2swarm/install/communication_interfaces/include/communication_interfaces/msg/detail/range_data__builder.hpp
[1.898s] -- Up-to-date symlink: /home/user/ROS2swarm/install/communication_interfaces/include/communication_interfaces/msg/detail/range_data__struct.hpp
[1.898s] -- Up-to-date symlink: /home/user/ROS2swarm/install/communication_interfaces/include/communication_interfaces/msg/detail/range_data__traits.hpp
[1.898s] -- Up-to-date symlink: /home/user/ROS2swarm/install/communication_interfaces/include/communication_interfaces/msg/detail/string_message__builder.hpp
[1.899s] -- Up-to-date symlink: /home/user/ROS2swarm/install/communication_interfaces/include/communication_interfaces/msg/detail/string_message__struct.hpp
[1.899s] -- Up-to-date symlink: /home/user/ROS2swarm/install/communication_interfaces/include/communication_interfaces/msg/detail/string_message__traits.hpp
[1.899s] -- Up-to-date symlink: /home/user/ROS2swarm/install/communication_interfaces/include/communication_interfaces/msg/double_message.hpp
[1.899s] -- Up-to-date symlink: /home/user/ROS2swarm/install/communication_interfaces/include/communication_interfaces/msg/float_array.hpp
[1.899s] -- Up-to-date symlink: /home/user/ROS2swarm/install/communication_interfaces/include/communication_interfaces/msg/int8_message.hpp
[1.899s] -- Up-to-date symlink: /home/user/ROS2swarm/install/communication_interfaces/include/communication_interfaces/msg/opinion_mac_message.hpp
[1.900s] -- Up-to-date symlink: /home/user/ROS2swarm/install/communication_interfaces/include/communication_interfaces/msg/opinion_message.hpp
[1.900s] -- Up-to-date symlink: /home/user/ROS2swarm/install/communication_interfaces/include/communication_interfaces/msg/range_data.hpp
[1.900s] -- Up-to-date symlink: /home/user/ROS2swarm/install/communication_interfaces/include/communication_interfaces/msg/string_message.hpp
[1.900s] -- Up-to-date symlink: /home/user/ROS2swarm/install/communication_interfaces/include/communication_interfaces/msg/detail/double_message__rosidl_typesupport_introspection_cpp.hpp
[1.900s] -- Up-to-date symlink: /home/user/ROS2swarm/install/communication_interfaces/include/communication_interfaces/msg/detail/float_array__rosidl_typesupport_introspection_cpp.hpp
[1.901s] -- Up-to-date symlink: /home/user/ROS2swarm/install/communication_interfaces/include/communication_interfaces/msg/detail/int8_message__rosidl_typesupport_introspection_cpp.hpp
[1.901s] -- Up-to-date symlink: /home/user/ROS2swarm/install/communication_interfaces/include/communication_interfaces/msg/detail/opinion_mac_message__rosidl_typesupport_introspection_cpp.hpp
[1.902s] -- Up-to-date symlink: /home/user/ROS2swarm/install/communication_interfaces/include/communication_interfaces/msg/detail/opinion_message__rosidl_typesupport_introspection_cpp.hpp
[1.902s] -- Up-to-date symlink: /home/user/ROS2swarm/install/communication_interfaces/include/communication_interfaces/msg/detail/range_data__rosidl_typesupport_introspection_cpp.hpp
[1.902s] -- Up-to-date symlink: /home/user/ROS2swarm/install/communication_interfaces/include/communication_interfaces/msg/detail/string_message__rosidl_typesupport_introspection_cpp.hpp
[1.903s] -- Up-to-date symlink: /home/user/ROS2swarm/install/communication_interfaces/share/communication_interfaces/environment/pythonpath.sh
[1.903s] -- Up-to-date symlink: /home/user/ROS2swarm/install/communication_interfaces/share/communication_interfaces/environment/pythonpath.dsv
[1.904s] -- Up-to-date symlink: /home/user/ROS2swarm/install/communication_interfaces/lib/python3.8/site-packages/communication_interfaces/__init__.py
[1.905s] -- Up-to-date symlink: /home/user/ROS2swarm/install/communication_interfaces/lib/python3.8/site-packages/communication_interfaces/msg/__init__.py
[1.906s] -- Up-to-date symlink: /home/user/ROS2swarm/install/communication_interfaces/lib/python3.8/site-packages/communication_interfaces/msg/_double_message.py
[1.906s] -- Up-to-date symlink: /home/user/ROS2swarm/install/communication_interfaces/lib/python3.8/site-packages/communication_interfaces/msg/_float_array.py
[1.907s] -- Up-to-date symlink: /home/user/ROS2swarm/install/communication_interfaces/lib/python3.8/site-packages/communication_interfaces/msg/_int8_message.py
[1.907s] -- Up-to-date symlink: /home/user/ROS2swarm/install/communication_interfaces/lib/python3.8/site-packages/communication_interfaces/msg/_opinion_mac_message.py
[1.908s] -- Up-to-date symlink: /home/user/ROS2swarm/install/communication_interfaces/lib/python3.8/site-packages/communication_interfaces/msg/_opinion_message.py
[1.908s] -- Up-to-date symlink: /home/user/ROS2swarm/install/communication_interfaces/lib/python3.8/site-packages/communication_interfaces/msg/_range_data.py
[1.908s] -- Up-to-date symlink: /home/user/ROS2swarm/install/communication_interfaces/lib/python3.8/site-packages/communication_interfaces/msg/_string_message.py
[1.909s] -- Up-to-date symlink: /home/user/ROS2swarm/install/communication_interfaces/lib/python3.8/site-packages/communication_interfaces/communication_interfaces_s__rosidl_typesupport_fastrtps_c.cpython-38-x86_64-linux-gnu.so
[1.910s] -- Up-to-date symlink: /home/user/ROS2swarm/install/communication_interfaces/lib/python3.8/site-packages/communication_interfaces/communication_interfaces_s__rosidl_typesupport_introspection_c.cpython-38-x86_64-linux-gnu.so
[1.910s] -- Up-to-date symlink: /home/user/ROS2swarm/install/communication_interfaces/lib/python3.8/site-packages/communication_interfaces/communication_interfaces_s__rosidl_typesupport_c.cpython-38-x86_64-linux-gnu.so
[1.914s] -- Up-to-date symlink: /home/user/ROS2swarm/install/communication_interfaces/lib/libcommunication_interfaces__python.so
[1.915s] -- Up-to-date symlink: /home/user/ROS2swarm/install/communication_interfaces/share/communication_interfaces/msg/OpinionMessage.idl
[1.915s] -- Up-to-date symlink: /home/user/ROS2swarm/install/communication_interfaces/share/communication_interfaces/msg/OpinionMACMessage.idl
[1.915s] -- Up-to-date symlink: /home/user/ROS2swarm/install/communication_interfaces/share/communication_interfaces/msg/StringMessage.idl
[1.915s] -- Up-to-date symlink: /home/user/ROS2swarm/install/communication_interfaces/share/communication_interfaces/msg/DoubleMessage.idl
[1.915s] -- Up-to-date symlink: /home/user/ROS2swarm/install/communication_interfaces/share/communication_interfaces/msg/Int8Message.idl
[1.916s] -- Up-to-date symlink: /home/user/ROS2swarm/install/communication_interfaces/share/communication_interfaces/msg/RangeData.idl
[1.916s] -- Up-to-date symlink: /home/user/ROS2swarm/install/communication_interfaces/share/communication_interfaces/msg/FloatArray.idl
[1.916s] -- Up-to-date symlink: /home/user/ROS2swarm/install/communication_interfaces/share/communication_interfaces/msg/OpinionMessage.msg
[1.916s] -- Up-to-date symlink: /home/user/ROS2swarm/install/communication_interfaces/share/communication_interfaces/msg/OpinionMACMessage.msg
[1.917s] -- Up-to-date symlink: /home/user/ROS2swarm/install/communication_interfaces/share/communication_interfaces/msg/StringMessage.msg
[1.917s] -- Up-to-date symlink: /home/user/ROS2swarm/install/communication_interfaces/share/communication_interfaces/msg/DoubleMessage.msg
[1.917s] -- Up-to-date symlink: /home/user/ROS2swarm/install/communication_interfaces/share/communication_interfaces/msg/Int8Message.msg
[1.917s] -- Up-to-date symlink: /home/user/ROS2swarm/install/communication_interfaces/share/communication_interfaces/msg/RangeData.msg
[1.918s] -- Up-to-date symlink: /home/user/ROS2swarm/install/communication_interfaces/share/communication_interfaces/msg/FloatArray.msg
[1.918s] -- Up-to-date symlink: /home/user/ROS2swarm/install/communication_interfaces/share/ament_index/resource_index/package_run_dependencies/communication_interfaces
[1.918s] -- Up-to-date symlink: /home/user/ROS2swarm/install/communication_interfaces/share/ament_index/resource_index/parent_prefix_path/communication_interfaces
[1.918s] -- Up-to-date symlink: /home/user/ROS2swarm/install/communication_interfaces/share/communication_interfaces/environment/ament_prefix_path.sh
[1.919s] -- Up-to-date symlink: /home/user/ROS2swarm/install/communication_interfaces/share/communication_interfaces/environment/ament_prefix_path.dsv
[1.919s] -- Up-to-date symlink: /home/user/ROS2swarm/install/communication_interfaces/share/communication_interfaces/environment/path.sh
[1.920s] -- Up-to-date symlink: /home/user/ROS2swarm/install/communication_interfaces/share/communication_interfaces/environment/path.dsv
[1.920s] -- Up-to-date symlink: /home/user/ROS2swarm/install/communication_interfaces/share/communication_interfaces/local_setup.bash
[1.921s] -- Up-to-date symlink: /home/user/ROS2swarm/install/communication_interfaces/share/communication_interfaces/local_setup.sh
[1.921s] -- Up-to-date symlink: /home/user/ROS2swarm/install/communication_interfaces/share/communication_interfaces/local_setup.zsh
[1.921s] -- Up-to-date symlink: /home/user/ROS2swarm/install/communication_interfaces/share/communication_interfaces/local_setup.dsv
[1.922s] -- Symlinking: /home/user/ROS2swarm/install/communication_interfaces/share/communication_interfaces/package.dsv
[1.935s] -- Up-to-date symlink: /home/user/ROS2swarm/install/communication_interfaces/share/ament_index/resource_index/packages/communication_interfaces
[1.936s] -- Up-to-date symlink: /home/user/ROS2swarm/install/communication_interfaces/share/communication_interfaces/cmake/rosidl_cmake-extras.cmake
[1.936s] -- Up-to-date symlink: /home/user/ROS2swarm/install/communication_interfaces/share/communication_interfaces/cmake/ament_cmake_export_dependencies-extras.cmake
[1.937s] -- Up-to-date symlink: /home/user/ROS2swarm/install/communication_interfaces/share/communication_interfaces/cmake/ament_cmake_export_libraries-extras.cmake
[1.937s] -- Up-to-date symlink: /home/user/ROS2swarm/install/communication_interfaces/share/communication_interfaces/cmake/ament_cmake_export_targets-extras.cmake
[1.938s] -- Up-to-date symlink: /home/user/ROS2swarm/install/communication_interfaces/share/communication_interfaces/cmake/ament_cmake_export_include_directories-extras.cmake
[1.939s] -- Up-to-date symlink: /home/user/ROS2swarm/install/communication_interfaces/share/communication_interfaces/cmake/rosidl_cmake_export_typesupport_libraries-extras.cmake
[1.940s] -- Up-to-date symlink: /home/user/ROS2swarm/install/communication_interfaces/share/communication_interfaces/cmake/rosidl_cmake_export_typesupport_targets-extras.cmake
[1.941s] -- Up-to-date symlink: /home/user/ROS2swarm/install/communication_interfaces/share/communication_interfaces/cmake/communication_interfacesConfig.cmake
[1.941s] -- Up-to-date symlink: /home/user/ROS2swarm/install/communication_interfaces/share/communication_interfaces/cmake/communication_interfacesConfig-version.cmake
[1.941s] -- Up-to-date symlink: /home/user/ROS2swarm/install/communication_interfaces/share/communication_interfaces/package.xml
[1.942s] -- Up-to-date: /home/user/ROS2swarm/install/communication_interfaces/lib/libcommunication_interfaces__rosidl_generator_c.so
[1.943s] -- Up-to-date: /home/user/ROS2swarm/install/communication_interfaces/lib/libcommunication_interfaces__rosidl_typesupport_introspection_c.so
[1.944s] -- Up-to-date: /home/user/ROS2swarm/install/communication_interfaces/lib/libcommunication_interfaces__rosidl_typesupport_c.so
[1.944s] -- Up-to-date: /home/user/ROS2swarm/install/communication_interfaces/lib/libcommunication_interfaces__rosidl_typesupport_introspection_cpp.so
[1.945s] -- Up-to-date: /home/user/ROS2swarm/install/communication_interfaces/lib/libcommunication_interfaces__rosidl_typesupport_cpp.so
[2.047s] -- Up-to-date: /home/user/ROS2swarm/install/communication_interfaces/share/communication_interfaces/cmake/communication_interfaces__rosidl_generator_cExport.cmake
[2.047s] -- Up-to-date: /home/user/ROS2swarm/install/communication_interfaces/share/communication_interfaces/cmake/communication_interfaces__rosidl_generator_cExport-noconfig.cmake
[2.048s] -- Up-to-date: /home/user/ROS2swarm/install/communication_interfaces/share/communication_interfaces/cmake/communication_interfaces__rosidl_typesupport_introspection_cExport.cmake
[2.048s] -- Up-to-date: /home/user/ROS2swarm/install/communication_interfaces/share/communication_interfaces/cmake/communication_interfaces__rosidl_typesupport_introspection_cExport-noconfig.cmake
[2.048s] -- Up-to-date: /home/user/ROS2swarm/install/communication_interfaces/share/communication_interfaces/cmake/communication_interfaces__rosidl_typesupport_cExport.cmake
[2.048s] -- Up-to-date: /home/user/ROS2swarm/install/communication_interfaces/share/communication_interfaces/cmake/communication_interfaces__rosidl_typesupport_cExport-noconfig.cmake
[2.049s] -- Up-to-date: /home/user/ROS2swarm/install/communication_interfaces/share/communication_interfaces/cmake/communication_interfaces__rosidl_generator_cppExport.cmake
[2.049s] -- Up-to-date: /home/user/ROS2swarm/install/communication_interfaces/share/communication_interfaces/cmake/communication_interfaces__rosidl_typesupport_introspection_cppExport.cmake
[2.049s] -- Up-to-date: /home/user/ROS2swarm/install/communication_interfaces/share/communication_interfaces/cmake/communication_interfaces__rosidl_typesupport_introspection_cppExport-noconfig.cmake
[2.050s] -- Up-to-date: /home/user/ROS2swarm/install/communication_interfaces/share/communication_interfaces/cmake/communication_interfaces__rosidl_typesupport_cppExport.cmake
[2.050s] -- Up-to-date: /home/user/ROS2swarm/install/communication_interfaces/share/communication_interfaces/cmake/communication_interfaces__rosidl_typesupport_cppExport-noconfig.cmake
[2.055s] Invoked command in '/home/user/ROS2swarm/build/communication_interfaces' returned '0': CMAKE_PREFIX_PATH=${CMAKE_PREFIX_PATH}:/home/user/turtlebot3_ws/install/turtlebot3_teleop:/home/user/turtlebot3_ws/install/turtlebot3_example:/home/user/ROS2swarm/install/thymio_driver:/home/user/ROS2swarm/install/ros2swarm:/home/user/ROS2swarm/install/launch_gazebo:/home/user/install/turtlebot3_teleop:/home/user/install/ros2swarm:/home/user/install/launch_gazebo:/opt/ros/foxy _=/usr/bin/env /usr/bin/cmake --install /home/user/ROS2swarm/build/communication_interfaces
