running develop
running egg_info
creating launch_gazebo.egg-info
writing launch_gazebo.egg-info/PKG-INFO
writing dependency_links to launch_gazebo.egg-info/dependency_links.txt
writing entry points to launch_gazebo.egg-info/entry_points.txt
writing requirements to launch_gazebo.egg-info/requires.txt
writing top-level names to launch_gazebo.egg-info/top_level.txt
writing manifest file 'launch_gazebo.egg-info/SOURCES.txt'
reading manifest file 'launch_gazebo.egg-info/SOURCES.txt'
writing manifest file 'launch_gazebo.egg-info/SOURCES.txt'
running build_ext
Creating /home/user/ROS2swarm/install/launch_gazebo/lib/python3.8/site-packages/launch-gazebo.egg-link (link to .)
Installing add_bot_node script to /home/user/ROS2swarm/install/launch_gazebo/lib/launch_gazebo

Installed /home/user/ROS2swarm/build/launch_gazebo
running install_data
creating /home/user/ROS2swarm/install/launch_gazebo/share/ament_index
creating /home/user/ROS2swarm/install/launch_gazebo/share/ament_index/resource_index
creating /home/user/ROS2swarm/install/launch_gazebo/share/ament_index/resource_index/packages
copying resource/launch_gazebo -> /home/user/ROS2swarm/install/launch_gazebo/share/ament_index/resource_index/packages
copying package.xml -> /home/user/ROS2swarm/install/launch_gazebo/share/launch_gazebo
copying launch/start_gazebo.launch.py -> /home/user/ROS2swarm/install/launch_gazebo/share/launch_gazebo
copying launch/add_robot.launch.py -> /home/user/ROS2swarm/install/launch_gazebo/share/launch_gazebo
copying launch/create_enviroment.launch.py -> /home/user/ROS2swarm/install/launch_gazebo/share/launch_gazebo
creating /home/user/ROS2swarm/install/launch_gazebo/share/launch_gazebo/worlds
copying worlds/Ymaze_camber_extended.world -> /home/user/ROS2swarm/install/launch_gazebo/share/launch_gazebo/worlds
copying worlds/Ymaze_camber_top_goal16.world -> /home/user/ROS2swarm/install/launch_gazebo/share/launch_gazebo/worlds
copying worlds/Y.world -> /home/user/ROS2swarm/install/launch_gazebo/share/launch_gazebo/worlds
copying worlds/Ymaze_camber_top_goal13.world -> /home/user/ROS2swarm/install/launch_gazebo/share/launch_gazebo/worlds
copying worlds/Ymaze_camber_top_goal10.world -> /home/user/ROS2swarm/install/launch_gazebo/share/launch_gazebo/worlds
copying worlds/Ymaze_camber_extended2.world -> /home/user/ROS2swarm/install/launch_gazebo/share/launch_gazebo/worlds
copying worlds/560x540m.world -> /home/user/ROS2swarm/install/launch_gazebo/share/launch_gazebo/worlds
copying worlds/Ymaze.world -> /home/user/ROS2swarm/install/launch_gazebo/share/launch_gazebo/worlds
copying worlds/arena.world -> /home/user/ROS2swarm/install/launch_gazebo/share/launch_gazebo/worlds
copying worlds/Ymaze_camber.world -> /home/user/ROS2swarm/install/launch_gazebo/share/launch_gazebo/worlds
copying worlds/Ymaze_camber_top_goal1.world -> /home/user/ROS2swarm/install/launch_gazebo/share/launch_gazebo/worlds
copying worlds/Ymaze_camber_top_goal4.world -> /home/user/ROS2swarm/install/launch_gazebo/share/launch_gazebo/worlds
copying worlds/empty.world -> /home/user/ROS2swarm/install/launch_gazebo/share/launch_gazebo/worlds
copying worlds/turtle.world -> /home/user/ROS2swarm/install/launch_gazebo/share/launch_gazebo/worlds
copying worlds/arena_large.world -> /home/user/ROS2swarm/install/launch_gazebo/share/launch_gazebo/worlds
copying worlds/Ymaze_camber_top.world -> /home/user/ROS2swarm/install/launch_gazebo/share/launch_gazebo/worlds
