[1.575s] Invoking command in '/home/user/ROS2swarm/build/launch_gazebo': PYTHONPATH=/home/user/ROS2swarm/install/launch_gazebo/lib/python3.8/site-packages:${PYTHONPATH} _=/usr/bin/env /usr/bin/python3 setup.py develop --prefix /home/user/ROS2swarm/install/launch_gazebo --editable --build-directory /home/user/ROS2swarm/build/launch_gazebo/build --no-deps install_data --install-dir /home/user/ROS2swarm/install/launch_gazebo
[3.058s] running develop
[4.067s] running egg_info
[4.068s] creating launch_gazebo.egg-info
[4.068s] writing launch_gazebo.egg-info/PKG-INFO
[4.068s] writing dependency_links to launch_gazebo.egg-info/dependency_links.txt
[4.106s] writing entry points to launch_gazebo.egg-info/entry_points.txt
[4.106s] writing requirements to launch_gazebo.egg-info/requires.txt
[4.106s] writing top-level names to launch_gazebo.egg-info/top_level.txt
[4.106s] writing manifest file 'launch_gazebo.egg-info/SOURCES.txt'
[4.259s] reading manifest file 'launch_gazebo.egg-info/SOURCES.txt'
[4.259s] writing manifest file 'launch_gazebo.egg-info/SOURCES.txt'
[4.510s] running build_ext
[4.510s] Creating /home/user/ROS2swarm/install/launch_gazebo/lib/python3.8/site-packages/launch-gazebo.egg-link (link to .)
[4.510s] Installing add_bot_node script to /home/user/ROS2swarm/install/launch_gazebo/lib/launch_gazebo
[4.510s] 
[4.510s] Installed /home/user/ROS2swarm/build/launch_gazebo
[4.510s] running install_data
[4.511s] creating /home/user/ROS2swarm/install/launch_gazebo/share/ament_index
[4.513s] creating /home/user/ROS2swarm/install/launch_gazebo/share/ament_index/resource_index
[4.514s] creating /home/user/ROS2swarm/install/launch_gazebo/share/ament_index/resource_index/packages
[4.514s] copying resource/launch_gazebo -> /home/user/ROS2swarm/install/launch_gazebo/share/ament_index/resource_index/packages
[4.524s] copying package.xml -> /home/user/ROS2swarm/install/launch_gazebo/share/launch_gazebo
[4.524s] copying launch/start_gazebo.launch.py -> /home/user/ROS2swarm/install/launch_gazebo/share/launch_gazebo
[4.524s] copying launch/add_robot.launch.py -> /home/user/ROS2swarm/install/launch_gazebo/share/launch_gazebo
[4.524s] copying launch/create_enviroment.launch.py -> /home/user/ROS2swarm/install/launch_gazebo/share/launch_gazebo
[4.524s] creating /home/user/ROS2swarm/install/launch_gazebo/share/launch_gazebo/worlds
[4.525s] copying worlds/Ymaze_camber_extended.world -> /home/user/ROS2swarm/install/launch_gazebo/share/launch_gazebo/worlds
[4.525s] copying worlds/Ymaze_camber_top_goal16.world -> /home/user/ROS2swarm/install/launch_gazebo/share/launch_gazebo/worlds
[4.525s] copying worlds/Y.world -> /home/user/ROS2swarm/install/launch_gazebo/share/launch_gazebo/worlds
[4.525s] copying worlds/Ymaze_camber_top_goal13.world -> /home/user/ROS2swarm/install/launch_gazebo/share/launch_gazebo/worlds
[4.525s] copying worlds/Ymaze_camber_top_goal10.world -> /home/user/ROS2swarm/install/launch_gazebo/share/launch_gazebo/worlds
[4.525s] copying worlds/Ymaze_camber_extended2.world -> /home/user/ROS2swarm/install/launch_gazebo/share/launch_gazebo/worlds
[4.526s] copying worlds/560x540m.world -> /home/user/ROS2swarm/install/launch_gazebo/share/launch_gazebo/worlds
[4.526s] copying worlds/Ymaze.world -> /home/user/ROS2swarm/install/launch_gazebo/share/launch_gazebo/worlds
[4.526s] copying worlds/arena.world -> /home/user/ROS2swarm/install/launch_gazebo/share/launch_gazebo/worlds
[4.526s] copying worlds/Ymaze_camber.world -> /home/user/ROS2swarm/install/launch_gazebo/share/launch_gazebo/worlds
[4.526s] copying worlds/Ymaze_camber_top_goal1.world -> /home/user/ROS2swarm/install/launch_gazebo/share/launch_gazebo/worlds
[4.527s] copying worlds/Ymaze_camber_top_goal4.world -> /home/user/ROS2swarm/install/launch_gazebo/share/launch_gazebo/worlds
[4.527s] copying worlds/empty.world -> /home/user/ROS2swarm/install/launch_gazebo/share/launch_gazebo/worlds
[4.527s] copying worlds/turtle.world -> /home/user/ROS2swarm/install/launch_gazebo/share/launch_gazebo/worlds
[4.528s] copying worlds/arena_large.world -> /home/user/ROS2swarm/install/launch_gazebo/share/launch_gazebo/worlds
[4.528s] copying worlds/Ymaze_camber_top.world -> /home/user/ROS2swarm/install/launch_gazebo/share/launch_gazebo/worlds
[4.615s] Invoked command in '/home/user/ROS2swarm/build/launch_gazebo' returned '0': PYTHONPATH=/home/user/ROS2swarm/install/launch_gazebo/lib/python3.8/site-packages:${PYTHONPATH} _=/usr/bin/env /usr/bin/python3 setup.py develop --prefix /home/user/ROS2swarm/install/launch_gazebo --editable --build-directory /home/user/ROS2swarm/build/launch_gazebo/build --no-deps install_data --install-dir /home/user/ROS2swarm/install/launch_gazebo
