[1.460s] Invoking command in '/home/user/ROS2swarm/build/ros2swarm': PYTHONPATH=/home/user/ROS2swarm/install/ros2swarm/lib/python3.8/site-packages:${PYTHONPATH} _=/usr/bin/env /usr/bin/python3 setup.py develop --prefix /home/user/ROS2swarm/install/ros2swarm --editable --build-directory /home/user/ROS2swarm/build/ros2swarm/build --no-deps install_data --install-dir /home/user/ROS2swarm/install/ros2swarm
[2.304s] running develop
[2.858s] running egg_info
[2.859s] writing ros2swarm.egg-info/PKG-INFO
[2.859s] writing dependency_links to ros2swarm.egg-info/dependency_links.txt
[2.859s] writing entry points to ros2swarm.egg-info/entry_points.txt
[2.859s] writing requirements to ros2swarm.egg-info/requires.txt
[2.859s] writing top-level names to ros2swarm.egg-info/top_level.txt
[2.984s] reading manifest file 'ros2swarm.egg-info/SOURCES.txt'
[2.988s] writing manifest file 'ros2swarm.egg-info/SOURCES.txt'
[3.140s] running build_ext
[3.140s] Creating /home/user/ROS2swarm/install/ros2swarm/lib/python3.8/site-packages/ros2swarm.egg-link (link to .)
[3.142s] Installing aggregation_pattern script to /home/user/ROS2swarm/install/ros2swarm/lib/ros2swarm
[3.142s] Installing attraction_pattern script to /home/user/ROS2swarm/install/ros2swarm/lib/ros2swarm
[3.142s] Installing attraction_pattern2 script to /home/user/ROS2swarm/install/ros2swarm/lib/ros2swarm
[3.151s] Installing demo_pattern script to /home/user/ROS2swarm/install/ros2swarm/lib/ros2swarm
[3.151s] Installing discussed_dispersion_pattern script to /home/user/ROS2swarm/install/ros2swarm/lib/ros2swarm
[3.151s] Installing dispersion_pattern script to /home/user/ROS2swarm/install/ros2swarm/lib/ros2swarm
[3.152s] Installing drive_pattern script to /home/user/ROS2swarm/install/ros2swarm/lib/ros2swarm
[3.152s] Installing hardware_protection_layer script to /home/user/ROS2swarm/install/ros2swarm/lib/ros2swarm
[3.152s] Installing ir_layer script to /home/user/ROS2swarm/install/ros2swarm/lib/ros2swarm
[3.152s] Installing ir_tf_layer script to /home/user/ROS2swarm/install/ros2swarm/lib/ros2swarm
[3.152s] Installing lidar_layer script to /home/user/ROS2swarm/install/ros2swarm/lib/ros2swarm
[3.152s] Installing magnetometer_pattern script to /home/user/ROS2swarm/install/ros2swarm/lib/ros2swarm
[3.153s] Installing majority_rule_pattern script to /home/user/ROS2swarm/install/ros2swarm/lib/ros2swarm
[3.153s] Installing minimalist_flocking_pattern script to /home/user/ROS2swarm/install/ros2swarm/lib/ros2swarm
[3.153s] Installing random_walk_pattern script to /home/user/ROS2swarm/install/ros2swarm/lib/ros2swarm
[3.153s] Installing rat_search_pattern script to /home/user/ROS2swarm/install/ros2swarm/lib/ros2swarm
[3.153s] Installing target_nav2_pattern script to /home/user/ROS2swarm/install/ros2swarm/lib/ros2swarm
[3.153s] Installing voter_model_pattern script to /home/user/ROS2swarm/install/ros2swarm/lib/ros2swarm
[3.154s] Installing voter_model_with_limiter_pattern script to /home/user/ROS2swarm/install/ros2swarm/lib/ros2swarm
[3.156s] 
[3.157s] Installed /home/user/ROS2swarm/build/ros2swarm
[3.157s] running install_data
[3.157s] copying launch/bringup_patterns.launch.py -> /home/user/ROS2swarm/install/ros2swarm/share/ros2swarm
[3.157s] copying launch/bringup_robot.launch.py -> /home/user/ROS2swarm/install/ros2swarm/share/ros2swarm
[3.160s] creating /home/user/ROS2swarm/install/ros2swarm/share/ros2swarm/config/rosbot
[3.160s] copying config/rosbot/sensor_specification.yaml -> /home/user/ROS2swarm/install/ros2swarm/share/ros2swarm/config/rosbot
[3.161s] copying config/rosbot/hardware_protection_layer.yaml -> /home/user/ROS2swarm/install/ros2swarm/share/ros2swarm/config/rosbot
[3.162s] creating /home/user/ROS2swarm/install/ros2swarm/share/ros2swarm/config/rosbot/movement_pattern
[3.163s] creating /home/user/ROS2swarm/install/ros2swarm/share/ros2swarm/config/rosbot/movement_pattern/basic
[3.163s] copying config/rosbot/movement_pattern/basic/demo_pattern.yaml -> /home/user/ROS2swarm/install/ros2swarm/share/ros2swarm/config/rosbot/movement_pattern/basic
[3.163s] copying config/rosbot/movement_pattern/basic/target_nav2_pattern.yaml -> /home/user/ROS2swarm/install/ros2swarm/share/ros2swarm/config/rosbot/movement_pattern/basic
[3.224s] Invoked command in '/home/user/ROS2swarm/build/ros2swarm' returned '0': PYTHONPATH=/home/user/ROS2swarm/install/ros2swarm/lib/python3.8/site-packages:${PYTHONPATH} _=/usr/bin/env /usr/bin/python3 setup.py develop --prefix /home/user/ROS2swarm/install/ros2swarm --editable --build-directory /home/user/ROS2swarm/build/ros2swarm/build --no-deps install_data --install-dir /home/user/ROS2swarm/install/ros2swarm
