running develop
running egg_info
creating ros2swarm.egg-info
writing ros2swarm.egg-info/PKG-INFO
writing dependency_links to ros2swarm.egg-info/dependency_links.txt
writing entry points to ros2swarm.egg-info/entry_points.txt
writing requirements to ros2swarm.egg-info/requires.txt
writing top-level names to ros2swarm.egg-info/top_level.txt
writing manifest file 'ros2swarm.egg-info/SOURCES.txt'
reading manifest file 'ros2swarm.egg-info/SOURCES.txt'
writing manifest file 'ros2swarm.egg-info/SOURCES.txt'
running build_ext
Creating /home/user/ROS2swarm/install/ros2swarm/lib/python3.8/site-packages/ros2swarm.egg-link (link to .)
Installing aggregation_pattern script to /home/user/ROS2swarm/install/ros2swarm/lib/ros2swarm
Installing attraction_pattern script to /home/user/ROS2swarm/install/ros2swarm/lib/ros2swarm
Installing attraction_pattern2 script to /home/user/ROS2swarm/install/ros2swarm/lib/ros2swarm
Installing demo_pattern script to /home/user/ROS2swarm/install/ros2swarm/lib/ros2swarm
Installing discussed_dispersion_pattern script to /home/user/ROS2swarm/install/ros2swarm/lib/ros2swarm
Installing dispersion_pattern script to /home/user/ROS2swarm/install/ros2swarm/lib/ros2swarm
Installing drive_pattern script to /home/user/ROS2swarm/install/ros2swarm/lib/ros2swarm
Installing hardware_protection_layer script to /home/user/ROS2swarm/install/ros2swarm/lib/ros2swarm
Installing ir_layer script to /home/user/ROS2swarm/install/ros2swarm/lib/ros2swarm
Installing ir_tf_layer script to /home/user/ROS2swarm/install/ros2swarm/lib/ros2swarm
Installing lidar_layer script to /home/user/ROS2swarm/install/ros2swarm/lib/ros2swarm
Installing magnetometer_pattern script to /home/user/ROS2swarm/install/ros2swarm/lib/ros2swarm
Installing majority_rule_pattern script to /home/user/ROS2swarm/install/ros2swarm/lib/ros2swarm
Installing minimalist_flocking_pattern script to /home/user/ROS2swarm/install/ros2swarm/lib/ros2swarm
Installing random_walk_pattern script to /home/user/ROS2swarm/install/ros2swarm/lib/ros2swarm
Installing rat_search_pattern script to /home/user/ROS2swarm/install/ros2swarm/lib/ros2swarm
Installing voter_model_pattern script to /home/user/ROS2swarm/install/ros2swarm/lib/ros2swarm
Installing voter_model_with_limiter_pattern script to /home/user/ROS2swarm/install/ros2swarm/lib/ros2swarm

Installed /home/user/ROS2swarm/build/ros2swarm
running install_data
creating /home/user/ROS2swarm/install/ros2swarm/share/ament_index
creating /home/user/ROS2swarm/install/ros2swarm/share/ament_index/resource_index
creating /home/user/ROS2swarm/install/ros2swarm/share/ament_index/resource_index/packages
copying resource/ros2swarm -> /home/user/ROS2swarm/install/ros2swarm/share/ament_index/resource_index/packages
copying package.xml -> /home/user/ROS2swarm/install/ros2swarm/share/ros2swarm
copying launch/husarion_bringup.launch.py -> /home/user/ROS2swarm/install/ros2swarm/share/ros2swarm
copying launch/turtlebot3_bringup.launch.py -> /home/user/ROS2swarm/install/ros2swarm/share/ros2swarm
copying launch/turtlebot3_state_publisher.launch.py -> /home/user/ROS2swarm/install/ros2swarm/share/ros2swarm
copying launch/bringup_patterns.launch.py -> /home/user/ROS2swarm/install/ros2swarm/share/ros2swarm
copying launch/hlds_laser.launch.py -> /home/user/ROS2swarm/install/ros2swarm/share/ros2swarm
copying launch/bringup_robot.launch.py -> /home/user/ROS2swarm/install/ros2swarm/share/ros2swarm
creating /home/user/ROS2swarm/install/ros2swarm/share/ros2swarm/launch
creating /home/user/ROS2swarm/install/ros2swarm/share/ros2swarm/launch/pattern
creating /home/user/ROS2swarm/install/ros2swarm/share/ros2swarm/launch/pattern/movement_pattern
creating /home/user/ROS2swarm/install/ros2swarm/share/ros2swarm/launch/pattern/movement_pattern/basic
copying launch/pattern/movement_pattern/basic/dispersion_pattern.launch.py -> /home/user/ROS2swarm/install/ros2swarm/share/ros2swarm/launch/pattern/movement_pattern/basic
copying launch/pattern/movement_pattern/basic/aggregation_pattern.launch.py -> /home/user/ROS2swarm/install/ros2swarm/share/ros2swarm/launch/pattern/movement_pattern/basic
copying launch/pattern/movement_pattern/basic/attraction_pattern.launch.py -> /home/user/ROS2swarm/install/ros2swarm/share/ros2swarm/launch/pattern/movement_pattern/basic
copying launch/pattern/movement_pattern/basic/rat_search_pattern.launch.py -> /home/user/ROS2swarm/install/ros2swarm/share/ros2swarm/launch/pattern/movement_pattern/basic
copying launch/pattern/movement_pattern/basic/random_walk_pattern.launch.py -> /home/user/ROS2swarm/install/ros2swarm/share/ros2swarm/launch/pattern/movement_pattern/basic
copying launch/pattern/movement_pattern/basic/drive_pattern.launch.py -> /home/user/ROS2swarm/install/ros2swarm/share/ros2swarm/launch/pattern/movement_pattern/basic
copying launch/pattern/movement_pattern/basic/magnetometer_pattern.launch.py -> /home/user/ROS2swarm/install/ros2swarm/share/ros2swarm/launch/pattern/movement_pattern/basic
copying launch/pattern/movement_pattern/basic/minimalist_flocking_pattern.launch.py -> /home/user/ROS2swarm/install/ros2swarm/share/ros2swarm/launch/pattern/movement_pattern/basic
copying launch/pattern/movement_pattern/basic/attraction_pattern2.launch.py -> /home/user/ROS2swarm/install/ros2swarm/share/ros2swarm/launch/pattern/movement_pattern/basic
copying launch/pattern/movement_pattern/basic/demo_pattern.launch.py -> /home/user/ROS2swarm/install/ros2swarm/share/ros2swarm/launch/pattern/movement_pattern/basic
creating /home/user/ROS2swarm/install/ros2swarm/share/ros2swarm/launch/pattern/movement_pattern/combined
copying launch/pattern/movement_pattern/combined/discussed_dispersion_pattern.launch.py -> /home/user/ROS2swarm/install/ros2swarm/share/ros2swarm/launch/pattern/movement_pattern/combined
creating /home/user/ROS2swarm/install/ros2swarm/share/ros2swarm/launch/pattern/voting_pattern
creating /home/user/ROS2swarm/install/ros2swarm/share/ros2swarm/launch/pattern/voting_pattern/basic
copying launch/pattern/voting_pattern/basic/majority_rule_pattern.launch.py -> /home/user/ROS2swarm/install/ros2swarm/share/ros2swarm/launch/pattern/voting_pattern/basic
copying launch/pattern/voting_pattern/basic/voter_model_pattern.launch.py -> /home/user/ROS2swarm/install/ros2swarm/share/ros2swarm/launch/pattern/voting_pattern/basic
copying launch/pattern/voting_pattern/basic/voter_model_with_limiter_pattern.launch.py -> /home/user/ROS2swarm/install/ros2swarm/share/ros2swarm/launch/pattern/voting_pattern/basic
creating /home/user/ROS2swarm/install/ros2swarm/share/ros2swarm/config
creating /home/user/ROS2swarm/install/ros2swarm/share/ros2swarm/config/burger
copying config/burger/sensor_specification.yaml -> /home/user/ROS2swarm/install/ros2swarm/share/ros2swarm/config/burger
copying config/burger/hardware_protection_layer.yaml -> /home/user/ROS2swarm/install/ros2swarm/share/ros2swarm/config/burger
creating /home/user/ROS2swarm/install/ros2swarm/share/ros2swarm/config/burger/movement_pattern
creating /home/user/ROS2swarm/install/ros2swarm/share/ros2swarm/config/burger/movement_pattern/basic
copying config/burger/movement_pattern/basic/aggregation_pattern.yaml -> /home/user/ROS2swarm/install/ros2swarm/share/ros2swarm/config/burger/movement_pattern/basic
copying config/burger/movement_pattern/basic/dispersion_pattern.yaml -> /home/user/ROS2swarm/install/ros2swarm/share/ros2swarm/config/burger/movement_pattern/basic
copying config/burger/movement_pattern/basic/rat_search_pattern.yaml -> /home/user/ROS2swarm/install/ros2swarm/share/ros2swarm/config/burger/movement_pattern/basic
copying config/burger/movement_pattern/basic/minimalist_flocking_pattern.yaml -> /home/user/ROS2swarm/install/ros2swarm/share/ros2swarm/config/burger/movement_pattern/basic
copying config/burger/movement_pattern/basic/attraction_pattern.yaml -> /home/user/ROS2swarm/install/ros2swarm/share/ros2swarm/config/burger/movement_pattern/basic
copying config/burger/movement_pattern/basic/attraction_pattern2.yaml -> /home/user/ROS2swarm/install/ros2swarm/share/ros2swarm/config/burger/movement_pattern/basic
copying config/burger/movement_pattern/basic/magnetometer_pattern.yaml -> /home/user/ROS2swarm/install/ros2swarm/share/ros2swarm/config/burger/movement_pattern/basic
copying config/burger/movement_pattern/basic/random_walk_pattern.yaml -> /home/user/ROS2swarm/install/ros2swarm/share/ros2swarm/config/burger/movement_pattern/basic
copying config/burger/movement_pattern/basic/drive_pattern.yaml -> /home/user/ROS2swarm/install/ros2swarm/share/ros2swarm/config/burger/movement_pattern/basic
creating /home/user/ROS2swarm/install/ros2swarm/share/ros2swarm/config/burger/movement_pattern/combined
copying config/burger/movement_pattern/combined/discussed_dispersion_pattern.yaml -> /home/user/ROS2swarm/install/ros2swarm/share/ros2swarm/config/burger/movement_pattern/combined
creating /home/user/ROS2swarm/install/ros2swarm/share/ros2swarm/config/burger/voting_pattern
creating /home/user/ROS2swarm/install/ros2swarm/share/ros2swarm/config/burger/voting_pattern/basic
copying config/burger/voting_pattern/basic/voter_model_pattern.yaml -> /home/user/ROS2swarm/install/ros2swarm/share/ros2swarm/config/burger/voting_pattern/basic
copying config/burger/voting_pattern/basic/majority_rule_pattern.yaml -> /home/user/ROS2swarm/install/ros2swarm/share/ros2swarm/config/burger/voting_pattern/basic
copying config/burger/voting_pattern/basic/voter_model_with_limiter_pattern.yaml -> /home/user/ROS2swarm/install/ros2swarm/share/ros2swarm/config/burger/voting_pattern/basic
creating /home/user/ROS2swarm/install/ros2swarm/share/ros2swarm/config/waffle_pi
copying config/waffle_pi/sensor_specification.yaml -> /home/user/ROS2swarm/install/ros2swarm/share/ros2swarm/config/waffle_pi
copying config/waffle_pi/hardware_protection_layer.yaml -> /home/user/ROS2swarm/install/ros2swarm/share/ros2swarm/config/waffle_pi
creating /home/user/ROS2swarm/install/ros2swarm/share/ros2swarm/config/waffle_pi/movement_pattern
creating /home/user/ROS2swarm/install/ros2swarm/share/ros2swarm/config/waffle_pi/movement_pattern/basic
copying config/waffle_pi/movement_pattern/basic/aggregation_pattern.yaml -> /home/user/ROS2swarm/install/ros2swarm/share/ros2swarm/config/waffle_pi/movement_pattern/basic
copying config/waffle_pi/movement_pattern/basic/dispersion_pattern.yaml -> /home/user/ROS2swarm/install/ros2swarm/share/ros2swarm/config/waffle_pi/movement_pattern/basic
copying config/waffle_pi/movement_pattern/basic/demo_pattern.yaml -> /home/user/ROS2swarm/install/ros2swarm/share/ros2swarm/config/waffle_pi/movement_pattern/basic
copying config/waffle_pi/movement_pattern/basic/rat_search_pattern.yaml -> /home/user/ROS2swarm/install/ros2swarm/share/ros2swarm/config/waffle_pi/movement_pattern/basic
copying config/waffle_pi/movement_pattern/basic/minimalist_flocking_pattern.yaml -> /home/user/ROS2swarm/install/ros2swarm/share/ros2swarm/config/waffle_pi/movement_pattern/basic
copying config/waffle_pi/movement_pattern/basic/attraction_pattern.yaml -> /home/user/ROS2swarm/install/ros2swarm/share/ros2swarm/config/waffle_pi/movement_pattern/basic
copying config/waffle_pi/movement_pattern/basic/attraction_pattern2.yaml -> /home/user/ROS2swarm/install/ros2swarm/share/ros2swarm/config/waffle_pi/movement_pattern/basic
copying config/waffle_pi/movement_pattern/basic/magnetometer_pattern.yaml -> /home/user/ROS2swarm/install/ros2swarm/share/ros2swarm/config/waffle_pi/movement_pattern/basic
copying config/waffle_pi/movement_pattern/basic/random_walk_pattern.yaml -> /home/user/ROS2swarm/install/ros2swarm/share/ros2swarm/config/waffle_pi/movement_pattern/basic
copying config/waffle_pi/movement_pattern/basic/drive_pattern.yaml -> /home/user/ROS2swarm/install/ros2swarm/share/ros2swarm/config/waffle_pi/movement_pattern/basic
creating /home/user/ROS2swarm/install/ros2swarm/share/ros2swarm/config/waffle_pi/movement_pattern/combined
copying config/waffle_pi/movement_pattern/combined/discussed_dispersion_pattern.yaml -> /home/user/ROS2swarm/install/ros2swarm/share/ros2swarm/config/waffle_pi/movement_pattern/combined
creating /home/user/ROS2swarm/install/ros2swarm/share/ros2swarm/config/waffle_pi/voting_pattern
creating /home/user/ROS2swarm/install/ros2swarm/share/ros2swarm/config/waffle_pi/voting_pattern/basic
copying config/waffle_pi/voting_pattern/basic/voter_model_pattern.yaml -> /home/user/ROS2swarm/install/ros2swarm/share/ros2swarm/config/waffle_pi/voting_pattern/basic
copying config/waffle_pi/voting_pattern/basic/majority_rule_pattern.yaml -> /home/user/ROS2swarm/install/ros2swarm/share/ros2swarm/config/waffle_pi/voting_pattern/basic
copying config/waffle_pi/voting_pattern/basic/voter_model_with_limiter_pattern.yaml -> /home/user/ROS2swarm/install/ros2swarm/share/ros2swarm/config/waffle_pi/voting_pattern/basic
creating /home/user/ROS2swarm/install/ros2swarm/share/ros2swarm/config/jackal
copying config/jackal/hardware_protection_layer.yaml -> /home/user/ROS2swarm/install/ros2swarm/share/ros2swarm/config/jackal
creating /home/user/ROS2swarm/install/ros2swarm/share/ros2swarm/config/jackal/movement_pattern
creating /home/user/ROS2swarm/install/ros2swarm/share/ros2swarm/config/jackal/movement_pattern/basic
copying config/jackal/movement_pattern/basic/aggregation_pattern.yaml -> /home/user/ROS2swarm/install/ros2swarm/share/ros2swarm/config/jackal/movement_pattern/basic
copying config/jackal/movement_pattern/basic/dispersion_pattern.yaml -> /home/user/ROS2swarm/install/ros2swarm/share/ros2swarm/config/jackal/movement_pattern/basic
copying config/jackal/movement_pattern/basic/rat_search_pattern.yaml -> /home/user/ROS2swarm/install/ros2swarm/share/ros2swarm/config/jackal/movement_pattern/basic
copying config/jackal/movement_pattern/basic/minimalist_flocking_pattern.yaml -> /home/user/ROS2swarm/install/ros2swarm/share/ros2swarm/config/jackal/movement_pattern/basic
copying config/jackal/movement_pattern/basic/attraction_pattern.yaml -> /home/user/ROS2swarm/install/ros2swarm/share/ros2swarm/config/jackal/movement_pattern/basic
copying config/jackal/movement_pattern/basic/attraction_pattern2.yaml -> /home/user/ROS2swarm/install/ros2swarm/share/ros2swarm/config/jackal/movement_pattern/basic
copying config/jackal/movement_pattern/basic/magnetometer_pattern.yaml -> /home/user/ROS2swarm/install/ros2swarm/share/ros2swarm/config/jackal/movement_pattern/basic
copying config/jackal/movement_pattern/basic/random_walk_pattern.yaml -> /home/user/ROS2swarm/install/ros2swarm/share/ros2swarm/config/jackal/movement_pattern/basic
copying config/jackal/movement_pattern/basic/drive_pattern.yaml -> /home/user/ROS2swarm/install/ros2swarm/share/ros2swarm/config/jackal/movement_pattern/basic
creating /home/user/ROS2swarm/install/ros2swarm/share/ros2swarm/config/jackal/movement_pattern/combined
copying config/jackal/movement_pattern/combined/discussed_dispersion_pattern.yaml -> /home/user/ROS2swarm/install/ros2swarm/share/ros2swarm/config/jackal/movement_pattern/combined
creating /home/user/ROS2swarm/install/ros2swarm/share/ros2swarm/config/jackal/voting_pattern
creating /home/user/ROS2swarm/install/ros2swarm/share/ros2swarm/config/jackal/voting_pattern/basic
copying config/jackal/voting_pattern/basic/voter_model_pattern.yaml -> /home/user/ROS2swarm/install/ros2swarm/share/ros2swarm/config/jackal/voting_pattern/basic
copying config/jackal/voting_pattern/basic/majority_rule_pattern.yaml -> /home/user/ROS2swarm/install/ros2swarm/share/ros2swarm/config/jackal/voting_pattern/basic
copying config/jackal/voting_pattern/basic/voter_model_with_limiter_pattern.yaml -> /home/user/ROS2swarm/install/ros2swarm/share/ros2swarm/config/jackal/voting_pattern/basic
creating /home/user/ROS2swarm/install/ros2swarm/share/ros2swarm/config/thymio
copying config/thymio/sensor_specification.yaml -> /home/user/ROS2swarm/install/ros2swarm/share/ros2swarm/config/thymio
copying config/thymio/hardware_protection_layer.yaml -> /home/user/ROS2swarm/install/ros2swarm/share/ros2swarm/config/thymio
creating /home/user/ROS2swarm/install/ros2swarm/share/ros2swarm/config/thymio/movement_pattern
creating /home/user/ROS2swarm/install/ros2swarm/share/ros2swarm/config/thymio/movement_pattern/basic
copying config/thymio/movement_pattern/basic/aggregation_pattern.yaml -> /home/user/ROS2swarm/install/ros2swarm/share/ros2swarm/config/thymio/movement_pattern/basic
copying config/thymio/movement_pattern/basic/line_avoidance_pattern.yaml -> /home/user/ROS2swarm/install/ros2swarm/share/ros2swarm/config/thymio/movement_pattern/basic
copying config/thymio/movement_pattern/basic/dispersion_pattern.yaml -> /home/user/ROS2swarm/install/ros2swarm/share/ros2swarm/config/thymio/movement_pattern/basic
copying config/thymio/movement_pattern/basic/rat_search_pattern.yaml -> /home/user/ROS2swarm/install/ros2swarm/share/ros2swarm/config/thymio/movement_pattern/basic
copying config/thymio/movement_pattern/basic/minimalist_flocking_pattern.yaml -> /home/user/ROS2swarm/install/ros2swarm/share/ros2swarm/config/thymio/movement_pattern/basic
copying config/thymio/movement_pattern/basic/attraction_pattern.yaml -> /home/user/ROS2swarm/install/ros2swarm/share/ros2swarm/config/thymio/movement_pattern/basic
copying config/thymio/movement_pattern/basic/attraction_pattern2.yaml -> /home/user/ROS2swarm/install/ros2swarm/share/ros2swarm/config/thymio/movement_pattern/basic
copying config/thymio/movement_pattern/basic/magnetometer_pattern.yaml -> /home/user/ROS2swarm/install/ros2swarm/share/ros2swarm/config/thymio/movement_pattern/basic
copying config/thymio/movement_pattern/basic/random_walk_pattern.yaml -> /home/user/ROS2swarm/install/ros2swarm/share/ros2swarm/config/thymio/movement_pattern/basic
copying config/thymio/movement_pattern/basic/beeclust_pattern.yaml -> /home/user/ROS2swarm/install/ros2swarm/share/ros2swarm/config/thymio/movement_pattern/basic
copying config/thymio/movement_pattern/basic/drive_pattern.yaml -> /home/user/ROS2swarm/install/ros2swarm/share/ros2swarm/config/thymio/movement_pattern/basic
creating /home/user/ROS2swarm/install/ros2swarm/thymio
creating /home/user/ROS2swarm/install/ros2swarm/thymio/ros2swarm
creating /home/user/ROS2swarm/install/ros2swarm/thymio/ros2swarm/config
creating /home/user/ROS2swarm/install/ros2swarm/thymio/ros2swarm/config/thymio
creating /home/user/ROS2swarm/install/ros2swarm/thymio/ros2swarm/config/thymio/movement_pattern
creating /home/user/ROS2swarm/install/ros2swarm/thymio/ros2swarm/config/thymio/movement_pattern/combined
copying config/thymio/movement_pattern/combined/flocking_pattern2.yaml -> /home/user/ROS2swarm/install/ros2swarm/thymio/ros2swarm/config/thymio/movement_pattern/combined
copying config/thymio/movement_pattern/combined/discussed_dispersion_pattern.yaml -> /home/user/ROS2swarm/install/ros2swarm/thymio/ros2swarm/config/thymio/movement_pattern/combined
copying config/thymio/movement_pattern/combined/flocking_pattern.yaml -> /home/user/ROS2swarm/install/ros2swarm/thymio/ros2swarm/config/thymio/movement_pattern/combined
creating /home/user/ROS2swarm/install/ros2swarm/share/ros2swarm/config/thymio/voting_pattern
creating /home/user/ROS2swarm/install/ros2swarm/share/ros2swarm/config/thymio/voting_pattern/basic
copying config/thymio/voting_pattern/basic/voter_model_pattern.yaml -> /home/user/ROS2swarm/install/ros2swarm/share/ros2swarm/config/thymio/voting_pattern/basic
copying config/thymio/voting_pattern/basic/majority_rule_pattern.yaml -> /home/user/ROS2swarm/install/ros2swarm/share/ros2swarm/config/thymio/voting_pattern/basic
copying config/thymio/voting_pattern/basic/voter_model_with_limiter_pattern.yaml -> /home/user/ROS2swarm/install/ros2swarm/share/ros2swarm/config/thymio/voting_pattern/basic
creating /home/user/ROS2swarm/install/ros2swarm/share/ros2swarm/param
copying param/burger.yaml -> /home/user/ROS2swarm/install/ros2swarm/share/ros2swarm/param
copying param/waffle_pi.yaml -> /home/user/ROS2swarm/install/ros2swarm/share/ros2swarm/param
